  File "autojobs.py", line 55
    git pull
           ^
SyntaxError: invalid syntax
Already up-to-date.
Already up-to-date.
mpicc -o mpi_parallelize mpi_parallelize.c

The default version of matlab in /usr/licensed/bin is matlab-R2016b 

The following versions are available in /usr/licensed/bin:
	matlab-R2017a
	matlab-R2016b
	matlab-R2016a
	matlab-R2015b
	matlab-R2015a
	matlab-R2014b
	matlab-R2014a
	matlab-R2013b
	matlab-R2013a
	matlab-R2012a

                            < M A T L A B (R) >
                  Copyright 1984-2016 The MathWorks, Inc.
                   R2016b (9.1.0.441655) 64-bit (glnxa64)
                             September 7, 2016

 
For online documentation, see http://www.mathworks.com/support
For product information, visit www.mathworks.com.
 
NUM_JOBS: 101
Submitted batch job 476845

The default version of matlab in /usr/licensed/bin is matlab-R2016b 

The following versions are available in /usr/licensed/bin:
	matlab-R2017a
	matlab-R2016b
	matlab-R2016a
	matlab-R2015b
	matlab-R2015a
	matlab-R2014b
	matlab-R2014a
	matlab-R2013b
	matlab-R2013a
	matlab-R2012a

                            < M A T L A B (R) >
                  Copyright 1984-2016 The MathWorks, Inc.
                   R2016b (9.1.0.441655) 64-bit (glnxa64)
                             September 7, 2016

 
For online documentation, see http://www.mathworks.com/support
For product information, visit www.mathworks.com.
 
Read directories
Updating rescombined/res_graph_pow_adj_trunc_n20000.mat

i =

   100


i =

   200


i =

   300


i =

   400


i =

   500


i =

   600


i =

   700


i =

   800


i =

   900


i =

        1000


i =

        1100


i =

        1200


i =

        1300


i =

        1400


i =

        1500


i =

        1600


i =

        1700


i =

        1800


i =

        1900


i =

        2000


i =

        2100


i =

        2200


i =

        2300


i =

        2400


i =

        2500


i =

        2600


i =

        2700


i =

        2800


i =

        2900


i =

        3000


i =

        3100


i =

        3200


i =

        3300


i =

        3400


i =

        3500


i =

        3600


i =

        3700


i =

        3800


i =

        3900


i =

        4000


i =

        4100


i =

        4200


i =

        4300


i =

        4400


i =

        4500


i =

        4600


i =

        4700


i =

        4800


i =

        4900


i =

        5000


i =

        5100


i =

        5200


i =

        5300


i =

        5400


i =

        5500


i =

        5600


i =

        5700


i =

        5800


i =

        5900


i =

        6000


i =

        6100


i =

        6200


i =

        6300


i =

        6400


i =

        6500

[master 97d6419] Finished graph_pow_adj_trunc_c1.m job.
 2 files changed, 0 insertions(+), 0 deletions(-)
 rename {queued_jobs => completed_jobs}/graph_pow_adj_trunc_c1.m (100%)
 rewrite rescombined/res_graph_pow_adj_trunc_n20000.mat (89%)
To git@github.com:eboix/hbm
 ! [rejected]        master -> master (fetch first)
error: failed to push some refs to 'git@github.com:eboix/hbm'
hint: Updates were rejected because the remote contains work that you do
hint: not have locally. This is usually caused by another repository pushing
hint: to the same ref. You may want to first merge the remote changes (e.g.,
hint: 'git pull') before pushing again.
hint: See the 'Note about fast-forwards' in 'git push --help' for details.
mpicc -o mpi_parallelize mpi_parallelize.c

The default version of matlab in /usr/licensed/bin is matlab-R2016b 

The following versions are available in /usr/licensed/bin:
	matlab-R2017a
	matlab-R2016b
	matlab-R2016a
	matlab-R2015b
	matlab-R2015a
	matlab-R2014b
	matlab-R2014a
	matlab-R2013b
	matlab-R2013a
	matlab-R2012a

                            < M A T L A B (R) >
                  Copyright 1984-2016 The MathWorks, Inc.
                   R2016b (9.1.0.441655) 64-bit (glnxa64)
                             September 7, 2016

 
For online documentation, see http://www.mathworks.com/support
For product information, visit www.mathworks.com.
 
NUM_JOBS: 101
Submitted batch job 476846

The default version of matlab in /usr/licensed/bin is matlab-R2016b 

The following versions are available in /usr/licensed/bin:
	matlab-R2017a
	matlab-R2016b
	matlab-R2016a
	matlab-R2015b
	matlab-R2015a
	matlab-R2014b
	matlab-R2014a
	matlab-R2013b
	matlab-R2013a
	matlab-R2012a

                            < M A T L A B (R) >
                  Copyright 1984-2016 The MathWorks, Inc.
                   R2016b (9.1.0.441655) 64-bit (glnxa64)
                             September 7, 2016

 
For online documentation, see http://www.mathworks.com/support
For product information, visit www.mathworks.com.
 
Read directories
Updating rescombined/res_graph_pow_adj_n20000.mat

i =

   100


i =

   200


i =

   300


i =

   400


i =

   500


i =

   600


i =

   700


i =

   800


i =

   900


i =

        1000


i =

        1100


i =

        1200


i =

        1300


i =

        1400


i =

        1500


i =

        1600


i =

        1700


i =

        1800


i =

        1900


i =

        2000


i =

        2100


i =

        2200


i =

        2300


i =

        2400


i =

        2500


i =

        2600


i =

        2700


i =

        2800


i =

        2900


i =

        3000


i =

        3100


i =

        3200


i =

        3300


i =

        3400


i =

        3500


i =

        3600

[master e111fe6] Finished graph_pow_adj_gbm.m job.
 3 files changed, 1 insertion(+), 1 deletion(-)
 rename {queued_jobs => completed_jobs}/graph_pow_adj_gbm.m (100%)
 rewrite rescombined/res_graph_pow_adj_n20000.mat (91%)
To git@github.com:eboix/hbm
   6231a20..e111fe6  master -> master
Branch master set up to track remote branch master from origin.
From github.com:eboix/hbm
 * branch            master     -> FETCH_HEAD
Already up-to-date.
From github.com:eboix/hbm
 * branch            master     -> FETCH_HEAD
Already up-to-date.
From github.com:eboix/hbm
 * branch            master     -> FETCH_HEAD
Already up-to-date.
From github.com:eboix/hbm
 * branch            master     -> FETCH_HEAD
Already up-to-date.
From github.com:eboix/hbm
 * branch            master     -> FETCH_HEAD
Already up-to-date.
From github.com:eboix/hbm
 * branch            master     -> FETCH_HEAD
Already up-to-date.
From github.com:eboix/hbm
 * branch            master     -> FETCH_HEAD
Already up-to-date.
From github.com:eboix/hbm
 * branch            master     -> FETCH_HEAD
Already up-to-date.
From github.com:eboix/hbm
 * branch            master     -> FETCH_HEAD
Already up-to-date.
From github.com:eboix/hbm
 * branch            master     -> FETCH_HEAD
Already up-to-date.
From github.com:eboix/hbm
 * branch            master     -> FETCH_HEAD
Already up-to-date.
From github.com:eboix/hbm
 * branch            master     -> FETCH_HEAD
Already up-to-date.
From github.com:eboix/hbm
 * branch            master     -> FETCH_HEAD
Already up-to-date.
From github.com:eboix/hbm
 * branch            master     -> FETCH_HEAD
Already up-to-date.
From github.com:eboix/hbm
 * branch            master     -> FETCH_HEAD
Already up-to-date.
From github.com:eboix/hbm
 * branch            master     -> FETCH_HEAD
Already up-to-date.
From github.com:eboix/hbm
 * branch            master     -> FETCH_HEAD
Already up-to-date.
From github.com:eboix/hbm
 * branch            master     -> FETCH_HEAD
Already up-to-date.
From github.com:eboix/hbm
 * branch            master     -> FETCH_HEAD
Already up-to-date.
From github.com:eboix/hbm
 * branch            master     -> FETCH_HEAD
Already up-to-date.
From github.com:eboix/hbm
 * branch            master     -> FETCH_HEAD
Already up-to-date.
From github.com:eboix/hbm
 * branch            master     -> FETCH_HEAD
Already up-to-date.
From github.com:eboix/hbm
 * branch            master     -> FETCH_HEAD
Already up-to-date.
From github.com:eboix/hbm
 * branch            master     -> FETCH_HEAD
Already up-to-date.
From github.com:eboix/hbm
 * branch            master     -> FETCH_HEAD
Already up-to-date.
From github.com:eboix/hbm
 * branch            master     -> FETCH_HEAD
Already up-to-date.
From github.com:eboix/hbm
 * branch            master     -> FETCH_HEAD
Already up-to-date.
From github.com:eboix/hbm
 * branch            master     -> FETCH_HEAD
Already up-to-date.
From github.com:eboix/hbm
 * branch            master     -> FETCH_HEAD
Already up-to-date.
From github.com:eboix/hbm
 * branch            master     -> FETCH_HEAD
Already up-to-date.
From github.com:eboix/hbm
 * branch            master     -> FETCH_HEAD
Already up-to-date.
From github.com:eboix/hbm
 * branch            master     -> FETCH_HEAD
Already up-to-date.
From github.com:eboix/hbm
 * branch            master     -> FETCH_HEAD
Already up-to-date.
From github.com:eboix/hbm
 * branch            master     -> FETCH_HEAD
Already up-to-date.
From github.com:eboix/hbm
 * branch            master     -> FETCH_HEAD
Already up-to-date.
From github.com:eboix/hbm
 * branch            master     -> FETCH_HEAD
Already up-to-date.
From github.com:eboix/hbm
 * branch            master     -> FETCH_HEAD
Already up-to-date.
From github.com:eboix/hbm
 * branch            master     -> FETCH_HEAD
Already up-to-date.
From github.com:eboix/hbm
 * branch            master     -> FETCH_HEAD
Already up-to-date.
From github.com:eboix/hbm
 * branch            master     -> FETCH_HEAD
Already up-to-date.
From github.com:eboix/hbm
 * branch            master     -> FETCH_HEAD
Already up-to-date.
From github.com:eboix/hbm
 * branch            master     -> FETCH_HEAD
Already up-to-date.
From github.com:eboix/hbm
 * branch            master     -> FETCH_HEAD
Already up-to-date.
From github.com:eboix/hbm
 * branch            master     -> FETCH_HEAD
Already up-to-date.
From github.com:eboix/hbm
 * branch            master     -> FETCH_HEAD
Already up-to-date.
From github.com:eboix/hbm
 * branch            master     -> FETCH_HEAD
Already up-to-date.
From github.com:eboix/hbm
 * branch            master     -> FETCH_HEAD
Already up-to-date.
From github.com:eboix/hbm
 * branch            master     -> FETCH_HEAD
Already up-to-date.
From github.com:eboix/hbm
 * branch            master     -> FETCH_HEAD
Already up-to-date.
From github.com:eboix/hbm
 * branch            master     -> FETCH_HEAD
Already up-to-date.
From github.com:eboix/hbm
 * branch            master     -> FETCH_HEAD
Already up-to-date.
From github.com:eboix/hbm
 * branch            master     -> FETCH_HEAD
Already up-to-date.
From github.com:eboix/hbm
 * branch            master     -> FETCH_HEAD
Already up-to-date.
From github.com:eboix/hbm
 * branch            master     -> FETCH_HEAD
Already up-to-date.
From github.com:eboix/hbm
 * branch            master     -> FETCH_HEAD
Already up-to-date.
From github.com:eboix/hbm
 * branch            master     -> FETCH_HEAD
Already up-to-date.
From github.com:eboix/hbm
 * branch            master     -> FETCH_HEAD
Already up-to-date.
From github.com:eboix/hbm
 * branch            master     -> FETCH_HEAD
Already up-to-date.
From github.com:eboix/hbm
 * branch            master     -> FETCH_HEAD
Already up-to-date.
From github.com:eboix/hbm
 * branch            master     -> FETCH_HEAD
Already up-to-date.
From github.com:eboix/hbm
 * branch            master     -> FETCH_HEAD
Already up-to-date.
From github.com:eboix/hbm
 * branch            master     -> FETCH_HEAD
Already up-to-date.
From github.com:eboix/hbm
 * branch            master     -> FETCH_HEAD
Already up-to-date.
From github.com:eboix/hbm
 * branch            master     -> FETCH_HEAD
Already up-to-date.
From github.com:eboix/hbm
 * branch            master     -> FETCH_HEAD
Already up-to-date.
From github.com:eboix/hbm
 * branch            master     -> FETCH_HEAD
Already up-to-date.
From github.com:eboix/hbm
 * branch            master     -> FETCH_HEAD
Already up-to-date.
From github.com:eboix/hbm
 * branch            master     -> FETCH_HEAD
Already up-to-date.
From github.com:eboix/hbm
 * branch            master     -> FETCH_HEAD
Already up-to-date.
From github.com:eboix/hbm
 * branch            master     -> FETCH_HEAD
Already up-to-date.
From github.com:eboix/hbm
 * branch            master     -> FETCH_HEAD
Already up-to-date.
From github.com:eboix/hbm
 * branch            master     -> FETCH_HEAD
Already up-to-date.
From github.com:eboix/hbm
 * branch            master     -> FETCH_HEAD
Already up-to-date.
From github.com:eboix/hbm
 * branch            master     -> FETCH_HEAD
Already up-to-date.
From github.com:eboix/hbm
 * branch            master     -> FETCH_HEAD
Already up-to-date.
From github.com:eboix/hbm
 * branch            master     -> FETCH_HEAD
Already up-to-date.
From github.com:eboix/hbm
 * branch            master     -> FETCH_HEAD
Already up-to-date.
From github.com:eboix/hbm
 * branch            master     -> FETCH_HEAD
Already up-to-date.
From github.com:eboix/hbm
 * branch            master     -> FETCH_HEAD
Already up-to-date.
From github.com:eboix/hbm
 * branch            master     -> FETCH_HEAD
Already up-to-date.
From github.com:eboix/hbm
 * branch            master     -> FETCH_HEAD
Already up-to-date.
From github.com:eboix/hbm
 * branch            master     -> FETCH_HEAD
Already up-to-date.
From github.com:eboix/hbm
 * branch            master     -> FETCH_HEAD
Already up-to-date.
From github.com:eboix/hbm
 * branch            master     -> FETCH_HEAD
Already up-to-date.
From github.com:eboix/hbm
 * branch            master     -> FETCH_HEAD
Already up-to-date.
From github.com:eboix/hbm
 * branch            master     -> FETCH_HEAD
Already up-to-date.
From github.com:eboix/hbm
 * branch            master     -> FETCH_HEAD
Already up-to-date.
From github.com:eboix/hbm
 * branch            master     -> FETCH_HEAD
Already up-to-date.
From github.com:eboix/hbm
 * branch            master     -> FETCH_HEAD
Already up-to-date.
From github.com:eboix/hbm
 * branch            master     -> FETCH_HEAD
Already up-to-date.
From github.com:eboix/hbm
 * branch            master     -> FETCH_HEAD
Already up-to-date.
From github.com:eboix/hbm
 * branch            master     -> FETCH_HEAD
Already up-to-date.
From github.com:eboix/hbm
 * branch            master     -> FETCH_HEAD
Already up-to-date.
From github.com:eboix/hbm
 * branch            master     -> FETCH_HEAD
Already up-to-date.
From github.com:eboix/hbm
 * branch            master     -> FETCH_HEAD
Already up-to-date.
From github.com:eboix/hbm
 * branch            master     -> FETCH_HEAD
Already up-to-date.
From github.com:eboix/hbm
 * branch            master     -> FETCH_HEAD
Already up-to-date.
From github.com:eboix/hbm
 * branch            master     -> FETCH_HEAD
Already up-to-date.
From github.com:eboix/hbm
 * branch            master     -> FETCH_HEAD
Already up-to-date.
From github.com:eboix/hbm
 * branch            master     -> FETCH_HEAD
Already up-to-date.
From github.com:eboix/hbm
 * branch            master     -> FETCH_HEAD
Already up-to-date.
From github.com:eboix/hbm
 * branch            master     -> FETCH_HEAD
Already up-to-date.
From github.com:eboix/hbm
 * branch            master     -> FETCH_HEAD
Already up-to-date.
From github.com:eboix/hbm
 * branch            master     -> FETCH_HEAD
Already up-to-date.
From github.com:eboix/hbm
 * branch            master     -> FETCH_HEAD
Already up-to-date.
From github.com:eboix/hbm
 * branch            master     -> FETCH_HEAD
Already up-to-date.
From github.com:eboix/hbm
 * branch            master     -> FETCH_HEAD
Already up-to-date.
From github.com:eboix/hbm
 * branch            master     -> FETCH_HEAD
Already up-to-date.
From github.com:eboix/hbm
 * branch            master     -> FETCH_HEAD
Already up-to-date.
From github.com:eboix/hbm
 * branch            master     -> FETCH_HEAD
Already up-to-date.
From github.com:eboix/hbm
 * branch            master     -> FETCH_HEAD
Already up-to-date.
From github.com:eboix/hbm
 * branch            master     -> FETCH_HEAD
Already up-to-date.
From github.com:eboix/hbm
 * branch            master     -> FETCH_HEAD
Already up-to-date.
From github.com:eboix/hbm
 * branch            master     -> FETCH_HEAD
Already up-to-date.
From github.com:eboix/hbm
 * branch            master     -> FETCH_HEAD
Already up-to-date.
From github.com:eboix/hbm
 * branch            master     -> FETCH_HEAD
Already up-to-date.
From github.com:eboix/hbm
 * branch            master     -> FETCH_HEAD
Already up-to-date.
From github.com:eboix/hbm
 * branch            master     -> FETCH_HEAD
Already up-to-date.
From github.com:eboix/hbm
 * branch            master     -> FETCH_HEAD
Already up-to-date.
From github.com:eboix/hbm
 * branch            master     -> FETCH_HEAD
Already up-to-date.
From github.com:eboix/hbm
 * branch            master     -> FETCH_HEAD
Already up-to-date.
From github.com:eboix/hbm
 * branch            master     -> FETCH_HEAD
Already up-to-date.
From github.com:eboix/hbm
 * branch            master     -> FETCH_HEAD
Already up-to-date.
From github.com:eboix/hbm
 * branch            master     -> FETCH_HEAD
Already up-to-date.
From github.com:eboix/hbm
 * branch            master     -> FETCH_HEAD
Already up-to-date.
From github.com:eboix/hbm
 * branch            master     -> FETCH_HEAD
Already up-to-date.
From github.com:eboix/hbm
 * branch            master     -> FETCH_HEAD
Already up-to-date.
From github.com:eboix/hbm
 * branch            master     -> FETCH_HEAD
Already up-to-date.
From github.com:eboix/hbm
 * branch            master     -> FETCH_HEAD
Already up-to-date.
From github.com:eboix/hbm
 * branch            master     -> FETCH_HEAD
Already up-to-date.
From github.com:eboix/hbm
 * branch            master     -> FETCH_HEAD
Already up-to-date.
From github.com:eboix/hbm
 * branch            master     -> FETCH_HEAD
Already up-to-date.
From github.com:eboix/hbm
 * branch            master     -> FETCH_HEAD
Already up-to-date.
From github.com:eboix/hbm
 * branch            master     -> FETCH_HEAD
Already up-to-date.
From github.com:eboix/hbm
 * branch            master     -> FETCH_HEAD
Already up-to-date.
From github.com:eboix/hbm
 * branch            master     -> FETCH_HEAD
Already up-to-date.
From github.com:eboix/hbm
 * branch            master     -> FETCH_HEAD
Already up-to-date.
From github.com:eboix/hbm
 * branch            master     -> FETCH_HEAD
Already up-to-date.
From github.com:eboix/hbm
 * branch            master     -> FETCH_HEAD
Already up-to-date.
From github.com:eboix/hbm
 * branch            master     -> FETCH_HEAD
Already up-to-date.
From github.com:eboix/hbm
 * branch            master     -> FETCH_HEAD
Already up-to-date.
From github.com:eboix/hbm
 * branch            master     -> FETCH_HEAD
Already up-to-date.
From github.com:eboix/hbm
 * branch            master     -> FETCH_HEAD
Already up-to-date.
From github.com:eboix/hbm
 * branch            master     -> FETCH_HEAD
Already up-to-date.
From github.com:eboix/hbm
 * branch            master     -> FETCH_HEAD
Already up-to-date.
From github.com:eboix/hbm
 * branch            master     -> FETCH_HEAD
Already up-to-date.
From github.com:eboix/hbm
 * branch            master     -> FETCH_HEAD
Already up-to-date.
From github.com:eboix/hbm
 * branch            master     -> FETCH_HEAD
Already up-to-date.
From github.com:eboix/hbm
 * branch            master     -> FETCH_HEAD
Already up-to-date.
From github.com:eboix/hbm
 * branch            master     -> FETCH_HEAD
Already up-to-date.
From github.com:eboix/hbm
 * branch            master     -> FETCH_HEAD
Already up-to-date.
From github.com:eboix/hbm
 * branch            master     -> FETCH_HEAD
Already up-to-date.
From github.com:eboix/hbm
 * branch            master     -> FETCH_HEAD
Already up-to-date.
From github.com:eboix/hbm
 * branch            master     -> FETCH_HEAD
Already up-to-date.
From github.com:eboix/hbm
 * branch            master     -> FETCH_HEAD
Already up-to-date.
From github.com:eboix/hbm
 * branch            master     -> FETCH_HEAD
Already up-to-date.
From github.com:eboix/hbm
 * branch            master     -> FETCH_HEAD
Already up-to-date.
From github.com:eboix/hbm
 * branch            master     -> FETCH_HEAD
Already up-to-date.
From github.com:eboix/hbm
 * branch            master     -> FETCH_HEAD
Already up-to-date.
From github.com:eboix/hbm
 * branch            master     -> FETCH_HEAD
Already up-to-date.
From github.com:eboix/hbm
 * branch            master     -> FETCH_HEAD
Already up-to-date.
From github.com:eboix/hbm
 * branch            master     -> FETCH_HEAD
Already up-to-date.
From github.com:eboix/hbm
 * branch            master     -> FETCH_HEAD
Already up-to-date.
From github.com:eboix/hbm
 * branch            master     -> FETCH_HEAD
Already up-to-date.
From github.com:eboix/hbm
 * branch            master     -> FETCH_HEAD
Already up-to-date.
From github.com:eboix/hbm
 * branch            master     -> FETCH_HEAD
Already up-to-date.
From github.com:eboix/hbm
 * branch            master     -> FETCH_HEAD
Already up-to-date.
From github.com:eboix/hbm
 * branch            master     -> FETCH_HEAD
Already up-to-date.
From github.com:eboix/hbm
 * branch            master     -> FETCH_HEAD
Already up-to-date.
From github.com:eboix/hbm
 * branch            master     -> FETCH_HEAD
Already up-to-date.
From github.com:eboix/hbm
 * branch            master     -> FETCH_HEAD
Already up-to-date.
From github.com:eboix/hbm
 * branch            master     -> FETCH_HEAD
Already up-to-date.
From github.com:eboix/hbm
 * branch            master     -> FETCH_HEAD
Already up-to-date.
From github.com:eboix/hbm
 * branch            master     -> FETCH_HEAD
Already up-to-date.
From github.com:eboix/hbm
 * branch            master     -> FETCH_HEAD
Already up-to-date.
From github.com:eboix/hbm
 * branch            master     -> FETCH_HEAD
Already up-to-date.
From github.com:eboix/hbm
 * branch            master     -> FETCH_HEAD
Already up-to-date.
From github.com:eboix/hbm
 * branch            master     -> FETCH_HEAD
Already up-to-date.
From github.com:eboix/hbm
 * branch            master     -> FETCH_HEAD
Already up-to-date.
From github.com:eboix/hbm
 * branch            master     -> FETCH_HEAD
Already up-to-date.
From github.com:eboix/hbm
 * branch            master     -> FETCH_HEAD
Already up-to-date.
From github.com:eboix/hbm
 * branch            master     -> FETCH_HEAD
Already up-to-date.
From github.com:eboix/hbm
 * branch            master     -> FETCH_HEAD
Already up-to-date.
From github.com:eboix/hbm
 * branch            master     -> FETCH_HEAD
Already up-to-date.
From github.com:eboix/hbm
 * branch            master     -> FETCH_HEAD
Already up-to-date.
From github.com:eboix/hbm
 * branch            master     -> FETCH_HEAD
Already up-to-date.
From github.com:eboix/hbm
 * branch            master     -> FETCH_HEAD
Already up-to-date.
From github.com:eboix/hbm
 * branch            master     -> FETCH_HEAD
Already up-to-date.
From github.com:eboix/hbm
 * branch            master     -> FETCH_HEAD
Already up-to-date.
From github.com:eboix/hbm
 * branch            master     -> FETCH_HEAD
Already up-to-date.
From github.com:eboix/hbm
 * branch            master     -> FETCH_HEAD
Already up-to-date.
From github.com:eboix/hbm
 * branch            master     -> FETCH_HEAD
Already up-to-date.
From github.com:eboix/hbm
 * branch            master     -> FETCH_HEAD
Already up-to-date.
From github.com:eboix/hbm
 * branch            master     -> FETCH_HEAD
Already up-to-date.
From github.com:eboix/hbm
 * branch            master     -> FETCH_HEAD
Already up-to-date.
From github.com:eboix/hbm
 * branch            master     -> FETCH_HEAD
Already up-to-date.
From github.com:eboix/hbm
 * branch            master     -> FETCH_HEAD
Already up-to-date.
From github.com:eboix/hbm
 * branch            master     -> FETCH_HEAD
Already up-to-date.
From github.com:eboix/hbm
 * branch            master     -> FETCH_HEAD
Already up-to-date.
From github.com:eboix/hbm
 * branch            master     -> FETCH_HEAD
Already up-to-date.
From github.com:eboix/hbm
 * branch            master     -> FETCH_HEAD
Already up-to-date.
From github.com:eboix/hbm
 * branch            master     -> FETCH_HEAD
Already up-to-date.
From github.com:eboix/hbm
 * branch            master     -> FETCH_HEAD
Already up-to-date.
From github.com:eboix/hbm
 * branch            master     -> FETCH_HEAD
Already up-to-date.
From github.com:eboix/hbm
 * branch            master     -> FETCH_HEAD
Already up-to-date.
From github.com:eboix/hbm
 * branch            master     -> FETCH_HEAD
Already up-to-date.
From github.com:eboix/hbm
 * branch            master     -> FETCH_HEAD
Already up-to-date.
From github.com:eboix/hbm
 * branch            master     -> FETCH_HEAD
Already up-to-date.
From github.com:eboix/hbm
 * branch            master     -> FETCH_HEAD
Already up-to-date.
From github.com:eboix/hbm
 * branch            master     -> FETCH_HEAD
Already up-to-date.
From github.com:eboix/hbm
 * branch            master     -> FETCH_HEAD
Already up-to-date.
From github.com:eboix/hbm
 * branch            master     -> FETCH_HEAD
Already up-to-date.
From github.com:eboix/hbm
 * branch            master     -> FETCH_HEAD
Already up-to-date.
From github.com:eboix/hbm
 * branch            master     -> FETCH_HEAD
Already up-to-date.
From github.com:eboix/hbm
 * branch            master     -> FETCH_HEAD
Already up-to-date.
From github.com:eboix/hbm
 * branch            master     -> FETCH_HEAD
Already up-to-date.
From github.com:eboix/hbm
 * branch            master     -> FETCH_HEAD
Already up-to-date.
From github.com:eboix/hbm
 * branch            master     -> FETCH_HEAD
Already up-to-date.
From github.com:eboix/hbm
 * branch            master     -> FETCH_HEAD
Already up-to-date.
From github.com:eboix/hbm
 * branch            master     -> FETCH_HEAD
Already up-to-date.
From github.com:eboix/hbm
 * branch            master     -> FETCH_HEAD
Already up-to-date.
From github.com:eboix/hbm
 * branch            master     -> FETCH_HEAD
Already up-to-date.
From github.com:eboix/hbm
 * branch            master     -> FETCH_HEAD
Already up-to-date.
From github.com:eboix/hbm
 * branch            master     -> FETCH_HEAD
Already up-to-date.
From github.com:eboix/hbm
 * branch            master     -> FETCH_HEAD
Already up-to-date.
From github.com:eboix/hbm
 * branch            master     -> FETCH_HEAD
Already up-to-date.
From github.com:eboix/hbm
 * branch            master     -> FETCH_HEAD
Already up-to-date.
From github.com:eboix/hbm
 * branch            master     -> FETCH_HEAD
Already up-to-date.
From github.com:eboix/hbm
 * branch            master     -> FETCH_HEAD
Already up-to-date.
From github.com:eboix/hbm
 * branch            master     -> FETCH_HEAD
Already up-to-date.
From github.com:eboix/hbm
 * branch            master     -> FETCH_HEAD
Already up-to-date.
From github.com:eboix/hbm
 * branch            master     -> FETCH_HEAD
Already up-to-date.
From github.com:eboix/hbm
 * branch            master     -> FETCH_HEAD
Already up-to-date.
From github.com:eboix/hbm
 * branch            master     -> FETCH_HEAD
Already up-to-date.
From github.com:eboix/hbm
 * branch            master     -> FETCH_HEAD
Already up-to-date.
From github.com:eboix/hbm
 * branch            master     -> FETCH_HEAD
Already up-to-date.
From github.com:eboix/hbm
 * branch            master     -> FETCH_HEAD
Already up-to-date.
From github.com:eboix/hbm
 * branch            master     -> FETCH_HEAD
Already up-to-date.
From github.com:eboix/hbm
 * branch            master     -> FETCH_HEAD
Already up-to-date.
From github.com:eboix/hbm
 * branch            master     -> FETCH_HEAD
Already up-to-date.
From github.com:eboix/hbm
 * branch            master     -> FETCH_HEAD
Already up-to-date.
From github.com:eboix/hbm
 * branch            master     -> FETCH_HEAD
Already up-to-date.
From github.com:eboix/hbm
 * branch            master     -> FETCH_HEAD
Already up-to-date.
From github.com:eboix/hbm
 * branch            master     -> FETCH_HEAD
Already up-to-date.
From github.com:eboix/hbm
 * branch            master     -> FETCH_HEAD
Already up-to-date.
From github.com:eboix/hbm
 * branch            master     -> FETCH_HEAD
Already up-to-date.
From github.com:eboix/hbm
 * branch            master     -> FETCH_HEAD
Already up-to-date.
From github.com:eboix/hbm
 * branch            master     -> FETCH_HEAD
Already up-to-date.
From github.com:eboix/hbm
 * branch            master     -> FETCH_HEAD
Already up-to-date.
From github.com:eboix/hbm
 * branch            master     -> FETCH_HEAD
Already up-to-date.
From github.com:eboix/hbm
 * branch            master     -> FETCH_HEAD
Already up-to-date.
From github.com:eboix/hbm
 * branch            master     -> FETCH_HEAD
Already up-to-date.
From github.com:eboix/hbm
 * branch            master     -> FETCH_HEAD
Already up-to-date.
From github.com:eboix/hbm
 * branch            master     -> FETCH_HEAD
Already up-to-date.
From github.com:eboix/hbm
 * branch            master     -> FETCH_HEAD
Already up-to-date.
From github.com:eboix/hbm
 * branch            master     -> FETCH_HEAD
Already up-to-date.
From github.com:eboix/hbm
 * branch            master     -> FETCH_HEAD
Already up-to-date.
From github.com:eboix/hbm
 * branch            master     -> FETCH_HEAD
Already up-to-date.
From github.com:eboix/hbm
 * branch            master     -> FETCH_HEAD
Already up-to-date.
From github.com:eboix/hbm
 * branch            master     -> FETCH_HEAD
Already up-to-date.
From github.com:eboix/hbm
 * branch            master     -> FETCH_HEAD
Already up-to-date.
From github.com:eboix/hbm
 * branch            master     -> FETCH_HEAD
Already up-to-date.
From github.com:eboix/hbm
 * branch            master     -> FETCH_HEAD
Already up-to-date.
From github.com:eboix/hbm
 * branch            master     -> FETCH_HEAD
Already up-to-date.
From github.com:eboix/hbm
 * branch            master     -> FETCH_HEAD
Already up-to-date.
From github.com:eboix/hbm
 * branch            master     -> FETCH_HEAD
Already up-to-date.
From github.com:eboix/hbm
 * branch            master     -> FETCH_HEAD
Already up-to-date.
From github.com:eboix/hbm
 * branch            master     -> FETCH_HEAD
Already up-to-date.
From github.com:eboix/hbm
 * branch            master     -> FETCH_HEAD
Already up-to-date.
From github.com:eboix/hbm
 * branch            master     -> FETCH_HEAD
Already up-to-date.
From github.com:eboix/hbm
 * branch            master     -> FETCH_HEAD
Already up-to-date.
From github.com:eboix/hbm
 * branch            master     -> FETCH_HEAD
Already up-to-date.
From github.com:eboix/hbm
 * branch            master     -> FETCH_HEAD
Already up-to-date.
From github.com:eboix/hbm
 * branch            master     -> FETCH_HEAD
Already up-to-date.
From github.com:eboix/hbm
 * branch            master     -> FETCH_HEAD
Already up-to-date.
From github.com:eboix/hbm
 * branch            master     -> FETCH_HEAD
Already up-to-date.
From github.com:eboix/hbm
 * branch            master     -> FETCH_HEAD
Already up-to-date.
From github.com:eboix/hbm
 * branch            master     -> FETCH_HEAD
Already up-to-date.
From github.com:eboix/hbm
 * branch            master     -> FETCH_HEAD
Already up-to-date.
From github.com:eboix/hbm
 * branch            master     -> FETCH_HEAD
Already up-to-date.
From github.com:eboix/hbm
 * branch            master     -> FETCH_HEAD
Already up-to-date.
From github.com:eboix/hbm
 * branch            master     -> FETCH_HEAD
Already up-to-date.
From github.com:eboix/hbm
 * branch            master     -> FETCH_HEAD
Already up-to-date.
From github.com:eboix/hbm
 * branch            master     -> FETCH_HEAD
Already up-to-date.
From github.com:eboix/hbm
 * branch            master     -> FETCH_HEAD
Already up-to-date.
From github.com:eboix/hbm
 * branch            master     -> FETCH_HEAD
Already up-to-date.
From github.com:eboix/hbm
 * branch            master     -> FETCH_HEAD
Already up-to-date.
From github.com:eboix/hbm
 * branch            master     -> FETCH_HEAD
Already up-to-date.
From github.com:eboix/hbm
 * branch            master     -> FETCH_HEAD
Already up-to-date.
From github.com:eboix/hbm
 * branch            master     -> FETCH_HEAD
Already up-to-date.
From github.com:eboix/hbm
 * branch            master     -> FETCH_HEAD
Already up-to-date.
From github.com:eboix/hbm
 * branch            master     -> FETCH_HEAD
Already up-to-date.
From github.com:eboix/hbm
 * branch            master     -> FETCH_HEAD
Already up-to-date.
From github.com:eboix/hbm
 * branch            master     -> FETCH_HEAD
Already up-to-date.
From github.com:eboix/hbm
 * branch            master     -> FETCH_HEAD
Already up-to-date.
From github.com:eboix/hbm
 * branch            master     -> FETCH_HEAD
Already up-to-date.
From github.com:eboix/hbm
 * branch            master     -> FETCH_HEAD
Already up-to-date.
From github.com:eboix/hbm
 * branch            master     -> FETCH_HEAD
Already up-to-date.
From github.com:eboix/hbm
 * branch            master     -> FETCH_HEAD
Already up-to-date.
From github.com:eboix/hbm
 * branch            master     -> FETCH_HEAD
Already up-to-date.
Traceback (most recent call last):
  File "autojobs.py", line 60, in <module>
    main();
  File "autojobs.py", line 59, in main
    smtpObj.sendmail('eboix@princeton.edu', 'eboix@princeton.edu', 'Your handy python script on adroit.princeton.edu is still running! It is currently ' + num_iter + 'iterations in.');
TypeError: cannot concatenate 'str' and 'int' objects
