INITING PROC
MATLAB FILE TO CALL: hbm_stats_exec_job
TOT NUMBER OF JOBS: 101
INITING PROC
MATLAB FILE TO CALL: hbm_stats_exec_job
TOT NUMBER OF JOBS: 101
INITING PROC
MATLAB FILE TO CALL: hbm_stats_exec_job
TOT NUMBER OF JOBS: 101
INITING PROC
INITING PROC
MATLAB FILE TO CALL: hbm_stats_exec_job
TOT NUMBER OF JOBS: 101
INITING PROC
MATLAB FILE TO CALL: hbm_stats_exec_job
TOT NUMBER OF JOBS: 101
INITING PROC
MATLAB FILE TO CALL: hbm_stats_exec_job
TOT NUMBER OF JOBS: 101
INITING PROC
MATLAB FILE TO CALL: hbm_stats_exec_job
TOT NUMBER OF JOBS: 101
INITING PROC
MATLAB FILE TO CALL: hbm_stats_exec_job
TOT NUMBER OF JOBS: 101
INITING PROC
MATLAB FILE TO CALL: hbm_stats_exec_job
TOT NUMBER OF JOBS: 101
MATLAB FILE TO CALL: hbm_stats_exec_job
TOT NUMBER OF JOBS: 101
INITING PROC
MATLAB FILE TO CALL: hbm_stats_exec_job
TOT NUMBER OF JOBS: 101
INITING PROC
MATLAB FILE TO CALL: hbm_stats_exec_job
TOT NUMBER OF JOBS: 101
INITING PROC
MATLAB FILE TO CALL: hbm_stats_exec_job
TOT NUMBER OF JOBS: 101
INITING PROC
MATLAB FILE TO CALL: hbm_stats_exec_job
TOT NUMBER OF JOBS: 101
INITING PROC
MATLAB FILE TO CALL: hbm_stats_exec_job
TOT NUMBER OF JOBS: 101
INITING PROC
MATLAB FILE TO CALL: hbm_stats_exec_job
TOT NUMBER OF JOBS: 101
INITING PROC
MATLAB FILE TO CALL: hbm_stats_exec_job
TOT NUMBER OF JOBS: 101
INITING PROC
MATLAB FILE TO CALL: hbm_stats_exec_job
TOT NUMBER OF JOBS: 101
INITING PROC
MATLAB FILE TO CALL: hbm_stats_exec_job
TOT NUMBER OF JOBS: 101
INITING PROC
MATLAB FILE TO CALL: hbm_stats_exec_job
TOT NUMBER OF JOBS: 101

The default version of matlab in /usr/licensed/bin is matlab-R2016b 

The following versions are available in /usr/licensed/bin:
	matlab-R2017a
	matlab-R2016b
	matlab-R2016a
	matlab-R2015b
	matlab-R2015a
	matlab-R2014b
	matlab-R2014a
	matlab-R2013b
	matlab-R2013a
	matlab-R2012a

                            < M A T L A B (R) >
                  Copyright 1984-2016 The MathWorks, Inc.
                   R2016b (9.1.0.441655) 64-bit (glnxa64)
                             September 7, 2016

 
For online documentation, see http://www.mathworks.com/support
For product information, visit www.mathworks.com.
 
Read directories
/usr/licensed/bin/matlab -singleCompThread -nodisplay -nosplash -nojvm -r "try, hbm_stats_exec_job(1,'queued_jobs/nbwalk_c2_job.m'), catch fopen('errors/error1','wt+'), end, exit"
/usr/licensed/bin/matlab -singleCompThread -nodisplay -nosplash -nojvm -r "try, hbm_stats_exec_job(4,'queued_jobs/nbwalk_c2_job.m'), catch fopen('errors/error4','wt+'), end, exit"
/usr/licensed/bin/matlab -singleCompThread -nodisplay -nosplash -nojvm -r "try, hbm_stats_exec_job(7,'queued_jobs/nbwalk_c2_job.m'), catch fopen('errors/error7','wt+'), end, exit"
/usr/licensed/bin/matlab -singleCompThread -nodisplay -nosplash -nojvm -r "try, hbm_stats_exec_job(2,'queued_jobs/nbwalk_c2_job.m'), catch fopen('errors/error2','wt+'), end, exit"
/usr/licensed/bin/matlab -singleCompThread -nodisplay -nosplash -nojvm -r "try, hbm_stats_exec_job(3,'queued_jobs/nbwalk_c2_job.m'), catch fopen('errors/error3','wt+'), end, exit"
/usr/licensed/bin/matlab -singleCompThread -nodisplay -nosplash -nojvm -r "try, hbm_stats_exec_job(5,'queued_jobs/nbwalk_c2_job.m'), catch fopen('errors/error5','wt+'), end, exit"
/usr/licensed/bin/matlab -singleCompThread -nodisplay -nosplash -nojvm -r "try, hbm_stats_exec_job(6,'queued_jobs/nbwalk_c2_job.m'), catch fopen('errors/error6','wt+'), end, exit"
/usr/licensed/bin/matlab -singleCompThread -nodisplay -nosplash -nojvm -r "try, hbm_stats_exec_job(8,'queued_jobs/nbwalk_c2_job.m'), catch fopen('errors/error8','wt+'), end, exit"
/usr/licensed/bin/matlab -singleCompThread -nodisplay -nosplash -nojvm -r "try, hbm_stats_exec_job(9,'queued_jobs/nbwalk_c2_job.m'), catch fopen('errors/error9','wt+'), end, exit"
/usr/licensed/bin/matlab -singleCompThread -nodisplay -nosplash -nojvm -r "try, hbm_stats_exec_job(10,'queued_jobs/nbwalk_c2_job.m'), catch fopen('errors/error10','wt+'), end, exit"
/usr/licensed/bin/matlab -singleCompThread -nodisplay -nosplash -nojvm -r "try, hbm_stats_exec_job(11,'queued_jobs/nbwalk_c2_job.m'), catch fopen('errors/error11','wt+'), end, exit"
/usr/licensed/bin/matlab -singleCompThread -nodisplay -nosplash -nojvm -r "try, hbm_stats_exec_job(12,'queued_jobs/nbwalk_c2_job.m'), catch fopen('errors/error12','wt+'), end, exit"
/usr/licensed/bin/matlab -singleCompThread -nodisplay -nosplash -nojvm -r "try, hbm_stats_exec_job(13,'queued_jobs/nbwalk_c2_job.m'), catch fopen('errors/error13','wt+'), end, exit"
/usr/licensed/bin/matlab -singleCompThread -nodisplay -nosplash -nojvm -r "try, hbm_stats_exec_job(14,'queued_jobs/nbwalk_c2_job.m'), catch fopen('errors/error14','wt+'), end, exit"
/usr/licensed/bin/matlab -singleCompThread -nodisplay -nosplash -nojvm -r "try, hbm_stats_exec_job(15,'queued_jobs/nbwalk_c2_job.m'), catch fopen('errors/error15','wt+'), end, exit"
/usr/licensed/bin/matlab -singleCompThread -nodisplay -nosplash -nojvm -r "try, hbm_stats_exec_job(16,'queued_jobs/nbwalk_c2_job.m'), catch fopen('errors/error16','wt+'), end, exit"
/usr/licensed/bin/matlab -singleCompThread -nodisplay -nosplash -nojvm -r "try, hbm_stats_exec_job(17,'queued_jobs/nbwalk_c2_job.m'), catch fopen('errors/error17','wt+'), end, exit"









/usr/licensed/bin/matlab -singleCompThread -nodisplay -nosplash -nojvm -r "try, hbm_stats_exec_job(18,'queued_jobs/nbwalk_c2_job.m'), catch fopen('errors/error18','wt+'), end, exit"
/usr/licensed/bin/matlab -singleCompThread -nodisplay -nosplash -nojvm -r "try, hbm_stats_exec_job(19,'queued_jobs/nbwalk_c2_job.m'), catch fopen('errors/error19','wt+'), end, exit"








The default version of matlab in /usr/licensed/bin is matlab-R2016b 

The following versions are available in /usr/licensed/bin:
	matlab-R2017a
	matlab-R2016b
	matlab-R2016a
	matlab-R2015b
	matlab-R2015a
	matlab-R2014b
	matlab-R2014a
	matlab-R2013b
	matlab-R2013a
	matlab-R2012a
The default version of matlab in /usr/licensed/bin is matlab-R2016b 

The following versions are available in /usr/licensed/bin:
	matlab-R2017a
	matlab-R2016b
	matlab-R2016a
	matlab-R2015b
	matlab-R2015a
	matlab-R2014b
	matlab-R2014a
	matlab-R2013b
	matlab-R2013a
	matlab-R2012a
The default version of matlab in /usr/licensed/bin is matlab-R2016b 

The following versions are available in /usr/licensed/bin:
	matlab-R2017a
	matlab-R2016b
	matlab-R2016a
	matlab-R2015b
	matlab-R2015a
	matlab-R2014b
	matlab-R2014a
	matlab-R2013b
	matlab-R2013a
	matlab-R2012a
The default version of matlab in /usr/licensed/bin is matlab-R2016b 

The following versions are available in /usr/licensed/bin:
	matlab-R2017a
	matlab-R2016b
	matlab-R2016a
	matlab-R2015b
	matlab-R2015a
	matlab-R2014b
	matlab-R2014a
	matlab-R2013b
	matlab-R2013a
	matlab-R2012a
The default version of matlab in /usr/licensed/bin is matlab-R2016b 

The following versions are available in /usr/licensed/bin:
	matlab-R2017a
	matlab-R2016b
	matlab-R2016a
	matlab-R2015b
	matlab-R2015a
	matlab-R2014b
	matlab-R2014a
	matlab-R2013b
	matlab-R2013a
	matlab-R2012a
The default version of matlab in /usr/licensed/bin is matlab-R2016b 

The following versions are available in /usr/licensed/bin:
	matlab-R2017a
	matlab-R2016b
	matlab-R2016a
	matlab-R2015b
	matlab-R2015a
	matlab-R2014b
	matlab-R2014a
	matlab-R2013b
	matlab-R2013a
	matlab-R2012a
The default version of matlab in /usr/licensed/bin is matlab-R2016b 

The following versions are available in /usr/licensed/bin:
	matlab-R2017a
	matlab-R2016b
	matlab-R2016a
	matlab-R2015b
	matlab-R2015a
	matlab-R2014b
	matlab-R2014a
	matlab-R2013b
	matlab-R2013a
	matlab-R2012a
The default version of matlab in /usr/licensed/bin is matlab-R2016b 

The following versions are available in /usr/licensed/bin:
	matlab-R2017a
	matlab-R2016b
	matlab-R2016a
	matlab-R2015b
	matlab-R2015a
	matlab-R2014b
	matlab-R2014a
	matlab-R2013b
	matlab-R2013a
	matlab-R2012a
The default version of matlab in /usr/licensed/bin is matlab-R2016b 

The following versions are available in /usr/licensed/bin:
	matlab-R2017a
	matlab-R2016b
	matlab-R2016a
	matlab-R2015b
	matlab-R2015a
	matlab-R2014b
	matlab-R2014a
	matlab-R2013b
	matlab-R2013a
	matlab-R2012a

The default version of matlab in /usr/licensed/bin is matlab-R2016b 

The following versions are available in /usr/licensed/bin:
	matlab-R2017a
	matlab-R2016b
	matlab-R2016a
	matlab-R2015b
	matlab-R2015a
	matlab-R2014b
	matlab-R2014a
	matlab-R2013b
	matlab-R2013a
	matlab-R2012a
The default version of matlab in /usr/licensed/bin is matlab-R2016b 

The following versions are available in /usr/licensed/bin:
	matlab-R2017a
	matlab-R2016b
	matlab-R2016a
	matlab-R2015b
	matlab-R2015a
	matlab-R2014b
	matlab-R2014a
	matlab-R2013b
	matlab-R2013a
	matlab-R2012a
The default version of matlab in /usr/licensed/bin is matlab-R2016b 

The following versions are available in /usr/licensed/bin:
	matlab-R2017a
	matlab-R2016b
	matlab-R2016a
	matlab-R2015b
	matlab-R2015a
	matlab-R2014b
	matlab-R2014a
	matlab-R2013b
	matlab-R2013a
	matlab-R2012a
The default version of matlab in /usr/licensed/bin is matlab-R2016b 

The following versions are available in /usr/licensed/bin:
	matlab-R2017a
	matlab-R2016b
	matlab-R2016a
	matlab-R2015b
	matlab-R2015a
	matlab-R2014b
	matlab-R2014a
	matlab-R2013b
	matlab-R2013a
	matlab-R2012a
The default version of matlab in /usr/licensed/bin is matlab-R2016b 

The following versions are available in /usr/licensed/bin:
	matlab-R2017a
	matlab-R2016b
	matlab-R2016a
	matlab-R2015b
	matlab-R2015a
	matlab-R2014b
	matlab-R2014a
	matlab-R2013b
	matlab-R2013a
	matlab-R2012a
The default version of matlab in /usr/licensed/bin is matlab-R2016b 

The following versions are available in /usr/licensed/bin:
	matlab-R2017a
	matlab-R2016b
	matlab-R2016a
	matlab-R2015b
	matlab-R2015a
	matlab-R2014b
	matlab-R2014a
	matlab-R2013b
	matlab-R2013a
	matlab-R2012a
The default version of matlab in /usr/licensed/bin is matlab-R2016b 

The following versions are available in /usr/licensed/bin:
	matlab-R2017a
	matlab-R2016b
	matlab-R2016a
	matlab-R2015b
	matlab-R2015a
	matlab-R2014b
	matlab-R2014a
	matlab-R2013b
	matlab-R2013a
	matlab-R2012a
The default version of matlab in /usr/licensed/bin is matlab-R2016b 

The following versions are available in /usr/licensed/bin:
	matlab-R2017a
	matlab-R2016b
	matlab-R2016a
	matlab-R2015b
	matlab-R2015a
	matlab-R2014b
	matlab-R2014a
	matlab-R2013b
	matlab-R2013a
	matlab-R2012a

The default version of matlab in /usr/licensed/bin is matlab-R2016b 

The following versions are available in /usr/licensed/bin:
	matlab-R2017a
	matlab-R2016b
	matlab-R2016a
	matlab-R2015b
	matlab-R2015a
	matlab-R2014b
	matlab-R2014a
	matlab-R2013b
	matlab-R2013a
	matlab-R2012a
The default version of matlab in /usr/licensed/bin is matlab-R2016b 

The following versions are available in /usr/licensed/bin:
	matlab-R2017a
	matlab-R2016b
	matlab-R2016a
	matlab-R2015b
	matlab-R2015a
	matlab-R2014b
	matlab-R2014a
	matlab-R2013b
	matlab-R2013a
	matlab-R2012a

                            < M A T L A B (R) >
                  Copyright 1984-2016 The MathWorks, Inc.
                   R2016b (9.1.0.441655) 64-bit (glnxa64)
                             September 7, 2016


                            < M A T L A B (R) >
                  Copyright 1984-2016 The MathWorks, Inc.
                   R2016b (9.1.0.441655) 64-bit (glnxa64)
                             September 7, 2016


                            < M A T L A B (R) >
                  Copyright 1984-2016 The MathWorks, Inc.
                   R2016b (9.1.0.441655) 64-bit (glnxa64)
                             September 7, 2016


                            < M A T L A B (R) >
                  Copyright 1984-2016 The MathWorks, Inc.
                   R2016b (9.1.0.441655) 64-bit (glnxa64)
                             September 7, 2016


                            < M A T L A B (R) >
                  Copyright 1984-2016 The MathWorks, Inc.
                   R2016b (9.1.0.441655) 64-bit (glnxa64)
                             September 7, 2016


                            < M A T L A B (R) >
                  Copyright 1984-2016 The MathWorks, Inc.
                   R2016b (9.1.0.441655) 64-bit (glnxa64)
                             September 7, 2016


                            < M A T L A B (R) >
                  Copyright 1984-2016 The MathWorks, Inc.
                   R2016b (9.1.0.441655) 64-bit (glnxa64)
                             September 7, 2016


                            < M A T L A B (R) >
                  Copyright 1984-2016 The MathWorks, Inc.
                   R2016b (9.1.0.441655) 64-bit (glnxa64)
                             September 7, 2016


                            < M A T L A B (R) >
                  Copyright 1984-2016 The MathWorks, Inc.
                   R2016b (9.1.0.441655) 64-bit (glnxa64)
                             September 7, 2016


                            < M A T L A B (R) >
                  Copyright 1984-2016 The MathWorks, Inc.
                   R2016b (9.1.0.441655) 64-bit (glnxa64)
                             September 7, 2016


                            < M A T L A B (R) >
                  Copyright 1984-2016 The MathWorks, Inc.
                   R2016b (9.1.0.441655) 64-bit (glnxa64)
                             September 7, 2016


                            < M A T L A B (R) >
                  Copyright 1984-2016 The MathWorks, Inc.
                   R2016b (9.1.0.441655) 64-bit (glnxa64)
                             September 7, 2016


                            < M A T L A B (R) >
                  Copyright 1984-2016 The MathWorks, Inc.
                   R2016b (9.1.0.441655) 64-bit (glnxa64)
                             September 7, 2016


                            < M A T L A B (R) >
                  Copyright 1984-2016 The MathWorks, Inc.
                   R2016b (9.1.0.441655) 64-bit (glnxa64)
                             September 7, 2016


                            < M A T L A B (R) >
                  Copyright 1984-2016 The MathWorks, Inc.
                   R2016b (9.1.0.441655) 64-bit (glnxa64)
                             September 7, 2016


                            < M A T L A B (R) >
                  Copyright 1984-2016 The MathWorks, Inc.
                   R2016b (9.1.0.441655) 64-bit (glnxa64)
                             September 7, 2016


                            < M A T L A B (R) >
                  Copyright 1984-2016 The MathWorks, Inc.
                   R2016b (9.1.0.441655) 64-bit (glnxa64)
                             September 7, 2016


                            < M A T L A B (R) >
                  Copyright 1984-2016 The MathWorks, Inc.
                   R2016b (9.1.0.441655) 64-bit (glnxa64)
                             September 7, 2016


                            < M A T L A B (R) >
                  Copyright 1984-2016 The MathWorks, Inc.
                   R2016b (9.1.0.441655) 64-bit (glnxa64)
                             September 7, 2016

 
 
 
For online documentation, see http://www.mathworks.com/support
For online documentation, see http://www.mathworks.com/support
For product information, visit www.mathworks.com.
 
For product information, visit www.mathworks.com.
 
For online documentation, see http://www.mathworks.com/support
For product information, visit www.mathworks.com.
 
 
 
 
For online documentation, see http://www.mathworks.com/support
For product information, visit www.mathworks.com.
 
For online documentation, see http://www.mathworks.com/support
For product information, visit www.mathworks.com.
 
 
For online documentation, see http://www.mathworks.com/support
For product information, visit www.mathworks.com.
 
For online documentation, see http://www.mathworks.com/support
For product information, visit www.mathworks.com.
 
 
For online documentation, see http://www.mathworks.com/support
For product information, visit www.mathworks.com.
 
 
For online documentation, see http://www.mathworks.com/support
For product information, visit www.mathworks.com.
 
 
For online documentation, see http://www.mathworks.com/support
For product information, visit www.mathworks.com.
 
 
 
 
 
 
For online documentation, see http://www.mathworks.com/support
For online documentation, see http://www.mathworks.com/support
For product information, visit www.mathworks.com.
For product information, visit www.mathworks.com.
 
 
For online documentation, see http://www.mathworks.com/support
For product information, visit www.mathworks.com.
 
 
For online documentation, see http://www.mathworks.com/support
For product information, visit www.mathworks.com.
 
For online documentation, see http://www.mathworks.com/support
For product information, visit www.mathworks.com.
 
 
 
 
For online documentation, see http://www.mathworks.com/support
For product information, visit www.mathworks.com.
 
For online documentation, see http://www.mathworks.com/support
For product information, visit www.mathworks.com.
 
For online documentation, see http://www.mathworks.com/support
For product information, visit www.mathworks.com.
 
For online documentation, see http://www.mathworks.com/support
For product information, visit www.mathworks.com.
 

directory_name =

res/nbwalk/n20000

Not found. Loading

directory_name =

res/nbwalk/n20000

Not found. Loading

directory_name =

res/nbwalk/n20000

Not found. Loading

directory_name =

res/nbwalk/n20000

Not found. Loading

directory_name =

res/nbwalk/n20000

Not found. Loading

directory_name =

res/nbwalk/n20000

Not found. Loading

directory_name =

res/nbwalk/n20000

Not found. Loading

directory_name =

res/nbwalk/n20000

Not found. Loading

directory_name =

res/nbwalk/n20000

Not found. Loading

directory_name =

res/nbwalk/n20000

Not found. Loading

directory_name =

res/nbwalk/n20000

Not found. Loading

directory_name =

res/nbwalk/n20000

Not found. Loading

directory_name =

res/nbwalk/n20000

Not found. Loading

directory_name =

res/nbwalk/n20000

Not found. Loading

directory_name =

res/nbwalk/n20000

Not found. Loading

directory_name =

res/nbwalk/n20000

Not found. Loading

directory_name =

res/nbwalk/n20000

Not found. Loading

directory_name =

res/nbwalk/n20000

Not found. Loading

directory_name =

res/nbwalk/n20000

Not found. Loading
Elapsed time is 0.279653 seconds.
Elapsed time is 0.281256 seconds.
Elapsed time is 0.281443 seconds.
Elapsed time is 0.281757 seconds.
Elapsed time is 0.281618 seconds.
Elapsed time is 0.282216 seconds.
Elapsed time is 0.282704 seconds.
Elapsed time is 0.282755 seconds.
Elapsed time is 0.279743 seconds.
Elapsed time is 0.283702 seconds.
Elapsed time is 0.283936 seconds.
Elapsed time is 0.283781 seconds.
Elapsed time is 0.284553 seconds.
Elapsed time is 0.283092 seconds.
Elapsed time is 0.284553 seconds.
Elapsed time is 0.284479 seconds.
Elapsed time is 0.284989 seconds.
Elapsed time is 0.286163 seconds.
Elapsed time is 0.286430 seconds.

iter =

   200


iter =

   400


ans =

    -1


iter =

   100

/usr/licensed/bin/matlab -singleCompThread -nodisplay -nosplash -nojvm -r "try, hbm_stats_exec_job(20,'queued_jobs/nbwalk_c2_job.m'), catch fopen('errors/error20','wt+'), end, exit"

The default version of matlab in /usr/licensed/bin is matlab-R2016b 

The following versions are available in /usr/licensed/bin:
	matlab-R2017a
	matlab-R2016b
	matlab-R2016a
	matlab-R2015b
	matlab-R2015a
	matlab-R2014b
	matlab-R2014a
	matlab-R2013b
	matlab-R2013a
	matlab-R2012a

                            < M A T L A B (R) >
                  Copyright 1984-2016 The MathWorks, Inc.
                   R2016b (9.1.0.441655) 64-bit (glnxa64)
                             September 7, 2016


ans =

    -1

/usr/licensed/bin/matlab -singleCompThread -nodisplay -nosplash -nojvm -r "try, hbm_stats_exec_job(21,'queued_jobs/nbwalk_c2_job.m'), catch fopen('errors/error21','wt+'), end, exit"

The default version of matlab in /usr/licensed/bin is matlab-R2016b 

The following versions are available in /usr/licensed/bin:
	matlab-R2017a
	matlab-R2016b
	matlab-R2016a
	matlab-R2015b
	matlab-R2015a
	matlab-R2014b
	matlab-R2014a
	matlab-R2013b
	matlab-R2013a
	matlab-R2012a

iter =

   300

 
For online documentation, see http://www.mathworks.com/support
For product information, visit www.mathworks.com.
 

directory_name =

res/nbwalk/n20000

Not found. Loading
Elapsed time is 0.388780 seconds.

                            < M A T L A B (R) >
                  Copyright 1984-2016 The MathWorks, Inc.
                   R2016b (9.1.0.441655) 64-bit (glnxa64)
                             September 7, 2016

 
For online documentation, see http://www.mathworks.com/support
For product information, visit www.mathworks.com.
 

directory_name =

res/nbwalk/n20000

Not found. Loading
Elapsed time is 0.421891 seconds.

ans =

    -1

/usr/licensed/bin/matlab -singleCompThread -nodisplay -nosplash -nojvm -r "try, hbm_stats_exec_job(22,'queued_jobs/nbwalk_c2_job.m'), catch fopen('errors/error22','wt+'), end, exit"

The default version of matlab in /usr/licensed/bin is matlab-R2016b 

The following versions are available in /usr/licensed/bin:
	matlab-R2017a
	matlab-R2016b
	matlab-R2016a
	matlab-R2015b
	matlab-R2015a
	matlab-R2014b
	matlab-R2014a
	matlab-R2013b
	matlab-R2013a
	matlab-R2012a
/usr/licensed/bin/matlab -singleCompThread -nodisplay -nosplash -nojvm -r "try, hbm_stats_exec_job(23,'queued_jobs/nbwalk_c2_job.m'), catch fopen('errors/error23','wt+'), end, exit"

The default version of matlab in /usr/licensed/bin is matlab-R2016b 

The following versions are available in /usr/licensed/bin:
	matlab-R2017a
	matlab-R2016b
	matlab-R2016a
	matlab-R2015b
	matlab-R2015a
	matlab-R2014b
	matlab-R2014a
	matlab-R2013b
	matlab-R2013a
	matlab-R2012a
/usr/licensed/bin/matlab -singleCompThread -nodisplay -nosplash -nojvm -r "try, hbm_stats_exec_job(24,'queued_jobs/nbwalk_c2_job.m'), catch fopen('errors/error24','wt+'), end, exit"

The default version of matlab in /usr/licensed/bin is matlab-R2016b 

The following versions are available in /usr/licensed/bin:
	matlab-R2017a
	matlab-R2016b
	matlab-R2016a
	matlab-R2015b
	matlab-R2015a
	matlab-R2014b
	matlab-R2014a
	matlab-R2013b
	matlab-R2013a
	matlab-R2012a

ans =

    -1

/usr/licensed/bin/matlab -singleCompThread -nodisplay -nosplash -nojvm -r "try, hbm_stats_exec_job(25,'queued_jobs/nbwalk_c2_job.m'), catch fopen('errors/error25','wt+'), end, exit"

The default version of matlab in /usr/licensed/bin is matlab-R2016b 

The following versions are available in /usr/licensed/bin:
	matlab-R2017a
	matlab-R2016b
	matlab-R2016a
	matlab-R2015b
	matlab-R2015a
	matlab-R2014b
	matlab-R2014a
	matlab-R2013b
	matlab-R2013a
	matlab-R2012a
/usr/licensed/bin/matlab -singleCompThread -nodisplay -nosplash -nojvm -r "try, hbm_stats_exec_job(26,'queued_jobs/nbwalk_c2_job.m'), catch fopen('errors/error26','wt+'), end, exit"

The default version of matlab in /usr/licensed/bin is matlab-R2016b 

The following versions are available in /usr/licensed/bin:
	matlab-R2017a
	matlab-R2016b
	matlab-R2016a
	matlab-R2015b
	matlab-R2015a
	matlab-R2014b
	matlab-R2014a
	matlab-R2013b
	matlab-R2013a
	matlab-R2012a
/usr/licensed/bin/matlab -singleCompThread -nodisplay -nosplash -nojvm -r "try, hbm_stats_exec_job(27,'queued_jobs/nbwalk_c2_job.m'), catch fopen('errors/error27','wt+'), end, exit"

The default version of matlab in /usr/licensed/bin is matlab-R2016b 

The following versions are available in /usr/licensed/bin:
	matlab-R2017a
	matlab-R2016b
	matlab-R2016a
	matlab-R2015b
	matlab-R2015a
	matlab-R2014b
	matlab-R2014a
	matlab-R2013b
	matlab-R2013a
	matlab-R2012a

                            < M A T L A B (R) >
                  Copyright 1984-2016 The MathWorks, Inc.
                   R2016b (9.1.0.441655) 64-bit (glnxa64)
                             September 7, 2016


                            < M A T L A B (R) >
                  Copyright 1984-2016 The MathWorks, Inc.
                   R2016b (9.1.0.441655) 64-bit (glnxa64)
                             September 7, 2016


                            < M A T L A B (R) >
                  Copyright 1984-2016 The MathWorks, Inc.
                   R2016b (9.1.0.441655) 64-bit (glnxa64)
                             September 7, 2016


                            < M A T L A B (R) >
                  Copyright 1984-2016 The MathWorks, Inc.
                   R2016b (9.1.0.441655) 64-bit (glnxa64)
                             September 7, 2016

/usr/licensed/bin/matlab -singleCompThread -nodisplay -nosplash -nojvm -r "try, hbm_stats_exec_job(28,'queued_jobs/nbwalk_c2_job.m'), catch fopen('errors/error28','wt+'), end, exit"

The default version of matlab in /usr/licensed/bin is matlab-R2016b 

The following versions are available in /usr/licensed/bin:
	matlab-R2017a
	matlab-R2016b
	matlab-R2016a
	matlab-R2015b
	matlab-R2015a
	matlab-R2014b
	matlab-R2014a
	matlab-R2013b
	matlab-R2013a
	matlab-R2012a

                            < M A T L A B (R) >
                  Copyright 1984-2016 The MathWorks, Inc.
                   R2016b (9.1.0.441655) 64-bit (glnxa64)
                             September 7, 2016


ans =

    -1

 
For online documentation, see http://www.mathworks.com/support
For product information, visit www.mathworks.com.
 
 
For online documentation, see http://www.mathworks.com/support
For product information, visit www.mathworks.com.
 

ans =

    -1


                            < M A T L A B (R) >
                  Copyright 1984-2016 The MathWorks, Inc.
                   R2016b (9.1.0.441655) 64-bit (glnxa64)
                             September 7, 2016

 
For online documentation, see http://www.mathworks.com/support
For product information, visit www.mathworks.com.
 
/usr/licensed/bin/matlab -singleCompThread -nodisplay -nosplash -nojvm -r "try, hbm_stats_exec_job(29,'queued_jobs/nbwalk_c2_job.m'), catch fopen('errors/error29','wt+'), end, exit"

The default version of matlab in /usr/licensed/bin is matlab-R2016b 

The following versions are available in /usr/licensed/bin:
	matlab-R2017a
	matlab-R2016b
	matlab-R2016a
	matlab-R2015b
	matlab-R2015a
	matlab-R2014b
	matlab-R2014a
	matlab-R2013b
	matlab-R2013a
	matlab-R2012a

directory_name =

res/nbwalk/n20000

Not found. Loading
 
For online documentation, see http://www.mathworks.com/support
For product information, visit www.mathworks.com.
 
/usr/licensed/bin/matlab -singleCompThread -nodisplay -nosplash -nojvm -r "try, hbm_stats_exec_job(30,'queued_jobs/nbwalk_c2_job.m'), catch fopen('errors/error30','wt+'), end, exit"

The default version of matlab in /usr/licensed/bin is matlab-R2016b 

The following versions are available in /usr/licensed/bin:
	matlab-R2017a
	matlab-R2016b
	matlab-R2016a
	matlab-R2015b
	matlab-R2015a
	matlab-R2014b
	matlab-R2014a
	matlab-R2013b
	matlab-R2013a
	matlab-R2012a

directory_name =

res/nbwalk/n20000

Not found. Loading

ans =

    -1


ans =

    -1

Elapsed time is 0.336422 seconds.
 
Elapsed time is 0.345078 seconds.
For online documentation, see http://www.mathworks.com/support
For product information, visit www.mathworks.com.
 

directory_name =

res/nbwalk/n20000

Not found. Loading

ans =

    -1


                            < M A T L A B (R) >
                  Copyright 1984-2016 The MathWorks, Inc.
                   R2016b (9.1.0.441655) 64-bit (glnxa64)
                             September 7, 2016

/usr/licensed/bin/matlab -singleCompThread -nodisplay -nosplash -nojvm -r "try, hbm_stats_exec_job(31,'queued_jobs/nbwalk_c2_job.m'), catch fopen('errors/error31','wt+'), end, exit"

The default version of matlab in /usr/licensed/bin is matlab-R2016b 

The following versions are available in /usr/licensed/bin:
	matlab-R2017a
	matlab-R2016b
	matlab-R2016a
	matlab-R2015b
	matlab-R2015a
	matlab-R2014b
	matlab-R2014a
	matlab-R2013b
	matlab-R2013a
	matlab-R2012a
/usr/licensed/bin/matlab -singleCompThread -nodisplay -nosplash -nojvm -r "try, hbm_stats_exec_job(32,'queued_jobs/nbwalk_c2_job.m'), catch fopen('errors/error32','wt+'), end, exit"

The default version of matlab in /usr/licensed/bin is matlab-R2016b 

The following versions are available in /usr/licensed/bin:
	matlab-R2017a
	matlab-R2016b
	matlab-R2016a
	matlab-R2015b
	matlab-R2015a
	matlab-R2014b
	matlab-R2014a
	matlab-R2013b
	matlab-R2013a
	matlab-R2012a
/usr/licensed/bin/matlab -singleCompThread -nodisplay -nosplash -nojvm -r "try, hbm_stats_exec_job(33,'queued_jobs/nbwalk_c2_job.m'), catch fopen('errors/error33','wt+'), end, exit"

The default version of matlab in /usr/licensed/bin is matlab-R2016b 

The following versions are available in /usr/licensed/bin:
	matlab-R2017a
	matlab-R2016b
	matlab-R2016a
	matlab-R2015b
	matlab-R2015a
	matlab-R2014b
	matlab-R2014a
	matlab-R2013b
	matlab-R2013a
	matlab-R2012a
Elapsed time is 0.326181 seconds.
 
For online documentation, see http://www.mathworks.com/support
For product information, visit www.mathworks.com.
 

directory_name =

res/nbwalk/n20000

Not found. Loading
/usr/licensed/bin/matlab -singleCompThread -nodisplay -nosplash -nojvm -r "try, hbm_stats_exec_job(34,'queued_jobs/nbwalk_c2_job.m'), catch fopen('errors/error34','wt+'), end, exit"

The default version of matlab in /usr/licensed/bin is matlab-R2016b 

The following versions are available in /usr/licensed/bin:
	matlab-R2017a
	matlab-R2016b
	matlab-R2016a
	matlab-R2015b
	matlab-R2015a
	matlab-R2014b
	matlab-R2014a
	matlab-R2013b
	matlab-R2013a
	matlab-R2012a
Elapsed time is 0.327156 seconds.

directory_name =

res/nbwalk/n20000

Not found. Loading
Elapsed time is 0.294514 seconds.

directory_name =

res/nbwalk/n20000

Not found. Loading

                            < M A T L A B (R) >
                  Copyright 1984-2016 The MathWorks, Inc.
                   R2016b (9.1.0.441655) 64-bit (glnxa64)
                             September 7, 2016

Elapsed time is 0.308705 seconds.

                            < M A T L A B (R) >
                  Copyright 1984-2016 The MathWorks, Inc.
                   R2016b (9.1.0.441655) 64-bit (glnxa64)
                             September 7, 2016

/usr/licensed/bin/matlab -singleCompThread -nodisplay -nosplash -nojvm -r "try, hbm_stats_exec_job(35,'queued_jobs/nbwalk_c2_job.m'), catch fopen('errors/error35','wt+'), end, exit"

The default version of matlab in /usr/licensed/bin is matlab-R2016b 

The following versions are available in /usr/licensed/bin:
	matlab-R2017a
	matlab-R2016b
	matlab-R2016a
	matlab-R2015b
	matlab-R2015a
	matlab-R2014b
	matlab-R2014a
	matlab-R2013b
	matlab-R2013a
	matlab-R2012a

                            < M A T L A B (R) >
                  Copyright 1984-2016 The MathWorks, Inc.
                   R2016b (9.1.0.441655) 64-bit (glnxa64)
                             September 7, 2016


                            < M A T L A B (R) >
                  Copyright 1984-2016 The MathWorks, Inc.
                   R2016b (9.1.0.441655) 64-bit (glnxa64)
                             September 7, 2016


                            < M A T L A B (R) >
                  Copyright 1984-2016 The MathWorks, Inc.
                   R2016b (9.1.0.441655) 64-bit (glnxa64)
                             September 7, 2016


                            < M A T L A B (R) >
                  Copyright 1984-2016 The MathWorks, Inc.
                   R2016b (9.1.0.441655) 64-bit (glnxa64)
                             September 7, 2016

 
For online documentation, see http://www.mathworks.com/support
For product information, visit www.mathworks.com.
 
 
For online documentation, see http://www.mathworks.com/support
For product information, visit www.mathworks.com.
 
 
For online documentation, see http://www.mathworks.com/support
For product information, visit www.mathworks.com.
 
 
For online documentation, see http://www.mathworks.com/support
For product information, visit www.mathworks.com.
 

                            < M A T L A B (R) >
                  Copyright 1984-2016 The MathWorks, Inc.
                   R2016b (9.1.0.441655) 64-bit (glnxa64)
                             September 7, 2016


directory_name =

res/nbwalk/n20000

Not found. Loading

directory_name =

res/nbwalk/n20000

Not found. Loading

directory_name =

res/nbwalk/n20000

Not found. Loading
Elapsed time is 0.306708 seconds.
Elapsed time is 0.308085 seconds.
Elapsed time is 0.309678 seconds.

directory_name =

res/nbwalk/n20000

Not found. Loading
 
 
For online documentation, see http://www.mathworks.com/support
For product information, visit www.mathworks.com.
 
For online documentation, see http://www.mathworks.com/support
For product information, visit www.mathworks.com.
 
 
For online documentation, see http://www.mathworks.com/support
For product information, visit www.mathworks.com.
 
Elapsed time is 0.343214 seconds.
 
For online documentation, see http://www.mathworks.com/support
For product information, visit www.mathworks.com.
 

directory_name =

res/nbwalk/n20000

Not found. Loading

directory_name =

res/nbwalk/n20000

Not found. Loading

directory_name =

res/nbwalk/n20000

Not found. Loading
Elapsed time is 0.325404 seconds.
Elapsed time is 0.327031 seconds.

directory_name =

res/nbwalk/n20000

Not found. Loading
Elapsed time is 0.342899 seconds.
Elapsed time is 0.333127 seconds.

ans =

    -1


ans =

    -1

/usr/licensed/bin/matlab -singleCompThread -nodisplay -nosplash -nojvm -r "try, hbm_stats_exec_job(36,'queued_jobs/nbwalk_c2_job.m'), catch fopen('errors/error36','wt+'), end, exit"

The default version of matlab in /usr/licensed/bin is matlab-R2016b 

The following versions are available in /usr/licensed/bin:
	matlab-R2017a
	matlab-R2016b
	matlab-R2016a
	matlab-R2015b
	matlab-R2015a
	matlab-R2014b
	matlab-R2014a
	matlab-R2013b
	matlab-R2013a
	matlab-R2012a
/usr/licensed/bin/matlab -singleCompThread -nodisplay -nosplash -nojvm -r "try, hbm_stats_exec_job(37,'queued_jobs/nbwalk_c2_job.m'), catch fopen('errors/error37','wt+'), end, exit"

The default version of matlab in /usr/licensed/bin is matlab-R2016b 

The following versions are available in /usr/licensed/bin:
	matlab-R2017a
	matlab-R2016b
	matlab-R2016a
	matlab-R2015b
	matlab-R2015a
	matlab-R2014b
	matlab-R2014a
	matlab-R2013b
	matlab-R2013a
	matlab-R2012a

                            < M A T L A B (R) >
                  Copyright 1984-2016 The MathWorks, Inc.
                   R2016b (9.1.0.441655) 64-bit (glnxa64)
                             September 7, 2016


                            < M A T L A B (R) >
                  Copyright 1984-2016 The MathWorks, Inc.
                   R2016b (9.1.0.441655) 64-bit (glnxa64)
                             September 7, 2016


iter =

   600


iter =

   500

 
For online documentation, see http://www.mathworks.com/support
For product information, visit www.mathworks.com.
 
 
For online documentation, see http://www.mathworks.com/support
For product information, visit www.mathworks.com.
 
/usr/licensed/bin/matlab -singleCompThread -nodisplay -nosplash -nojvm -r "try, hbm_stats_exec_job(38,'queued_jobs/nbwalk_c2_job.m'), catch fopen('errors/error38','wt+'), end, exit"

The default version of matlab in /usr/licensed/bin is matlab-R2016b 

The following versions are available in /usr/licensed/bin:
	matlab-R2017a
	matlab-R2016b
	matlab-R2016a
	matlab-R2015b
	matlab-R2015a
	matlab-R2014b
	matlab-R2014a
	matlab-R2013b
	matlab-R2013a
	matlab-R2012a

directory_name =

res/nbwalk/n20000

Not found. Loading
Elapsed time is 0.367121 seconds.

directory_name =

res/nbwalk/n20000

Not found. Loading
Elapsed time is 0.346993 seconds.

                            < M A T L A B (R) >
                  Copyright 1984-2016 The MathWorks, Inc.
                   R2016b (9.1.0.441655) 64-bit (glnxa64)
                             September 7, 2016


ans =

    -1

/usr/licensed/bin/matlab -singleCompThread -nodisplay -nosplash -nojvm -r "try, hbm_stats_exec_job(39,'queued_jobs/nbwalk_c2_job.m'), catch fopen('errors/error39','wt+'), end, exit"

The default version of matlab in /usr/licensed/bin is matlab-R2016b 

The following versions are available in /usr/licensed/bin:
	matlab-R2017a
	matlab-R2016b
	matlab-R2016a
	matlab-R2015b
	matlab-R2015a
	matlab-R2014b
	matlab-R2014a
	matlab-R2013b
	matlab-R2013a
	matlab-R2012a
 
For online documentation, see http://www.mathworks.com/support
For product information, visit www.mathworks.com.
 
/usr/licensed/bin/matlab -singleCompThread -nodisplay -nosplash -nojvm -r "try, hbm_stats_exec_job(40,'queued_jobs/nbwalk_c2_job.m'), catch fopen('errors/error40','wt+'), end, exit"

The default version of matlab in /usr/licensed/bin is matlab-R2016b 

The following versions are available in /usr/licensed/bin:
	matlab-R2017a
	matlab-R2016b
	matlab-R2016a
	matlab-R2015b
	matlab-R2015a
	matlab-R2014b
	matlab-R2014a
	matlab-R2013b
	matlab-R2013a
	matlab-R2012a

iter =

   700


directory_name =

res/nbwalk/n20000

Not found. Loading

ans =

    -1

Elapsed time is 0.351203 seconds.
/usr/licensed/bin/matlab -singleCompThread -nodisplay -nosplash -nojvm -r "try, hbm_stats_exec_job(41,'queued_jobs/nbwalk_c2_job.m'), catch fopen('errors/error41','wt+'), end, exit"

The default version of matlab in /usr/licensed/bin is matlab-R2016b 

The following versions are available in /usr/licensed/bin:
	matlab-R2017a
	matlab-R2016b
	matlab-R2016a
	matlab-R2015b
	matlab-R2015a
	matlab-R2014b
	matlab-R2014a
	matlab-R2013b
	matlab-R2013a
	matlab-R2012a

                            < M A T L A B (R) >
                  Copyright 1984-2016 The MathWorks, Inc.
                   R2016b (9.1.0.441655) 64-bit (glnxa64)
                             September 7, 2016


                            < M A T L A B (R) >
                  Copyright 1984-2016 The MathWorks, Inc.
                   R2016b (9.1.0.441655) 64-bit (glnxa64)
                             September 7, 2016

/usr/licensed/bin/matlab -singleCompThread -nodisplay -nosplash -nojvm -r "try, hbm_stats_exec_job(42,'queued_jobs/nbwalk_c2_job.m'), catch fopen('errors/error42','wt+'), end, exit"

The default version of matlab in /usr/licensed/bin is matlab-R2016b 

The following versions are available in /usr/licensed/bin:
	matlab-R2017a
	matlab-R2016b
	matlab-R2016a
	matlab-R2015b
	matlab-R2015a
	matlab-R2014b
	matlab-R2014a
	matlab-R2013b
	matlab-R2013a
	matlab-R2012a
 
For online documentation, see http://www.mathworks.com/support
For product information, visit www.mathworks.com.
 

                            < M A T L A B (R) >
                  Copyright 1984-2016 The MathWorks, Inc.
                   R2016b (9.1.0.441655) 64-bit (glnxa64)
                             September 7, 2016


directory_name =

res/nbwalk/n20000

Not found. Loading
 
For online documentation, see http://www.mathworks.com/support
For product information, visit www.mathworks.com.
 
Elapsed time is 0.349327 seconds.
 
For online documentation, see http://www.mathworks.com/support
For product information, visit www.mathworks.com.
 

                            < M A T L A B (R) >
                  Copyright 1984-2016 The MathWorks, Inc.
                   R2016b (9.1.0.441655) 64-bit (glnxa64)
                             September 7, 2016

/usr/licensed/bin/matlab -singleCompThread -nodisplay -nosplash -nojvm -r "try, hbm_stats_exec_job(43,'queued_jobs/nbwalk_c2_job.m'), catch fopen('errors/error43','wt+'), end, exit"

The default version of matlab in /usr/licensed/bin is matlab-R2016b 

The following versions are available in /usr/licensed/bin:
	matlab-R2017a
	matlab-R2016b
	matlab-R2016a
	matlab-R2015b
	matlab-R2015a
	matlab-R2014b
	matlab-R2014a
	matlab-R2013b
	matlab-R2013a
	matlab-R2012a

directory_name =

res/nbwalk/n20000

Not found. Loading

ans =

    -1

/usr/licensed/bin/matlab -singleCompThread -nodisplay -nosplash -nojvm -r "try, hbm_stats_exec_job(44,'queued_jobs/nbwalk_c2_job.m'), catch fopen('errors/error44','wt+'), end, exit"


ans =

    -1

The default version of matlab in /usr/licensed/bin is matlab-R2016b 

The following versions are available in /usr/licensed/bin:
	matlab-R2017a
	matlab-R2016b
	matlab-R2016a
	matlab-R2015b
	matlab-R2015a
	matlab-R2014b
	matlab-R2014a
	matlab-R2013b
	matlab-R2013a
	matlab-R2012a
Elapsed time is 0.349846 seconds.

directory_name =

res/nbwalk/n20000

Not found. Loading
/usr/licensed/bin/matlab -singleCompThread -nodisplay -nosplash -nojvm -r "try, hbm_stats_exec_job(45,'queued_jobs/nbwalk_c2_job.m'), catch fopen('errors/error45','wt+'), end, exit"

The default version of matlab in /usr/licensed/bin is matlab-R2016b 

The following versions are available in /usr/licensed/bin:
	matlab-R2017a
	matlab-R2016b
	matlab-R2016a
	matlab-R2015b
	matlab-R2015a
	matlab-R2014b
	matlab-R2014a
	matlab-R2013b
	matlab-R2013a
	matlab-R2012a
/usr/licensed/bin/matlab -singleCompThread -nodisplay -nosplash -nojvm -r "try, hbm_stats_exec_job(46,'queued_jobs/nbwalk_c2_job.m'), catch fopen('errors/error46','wt+'), end, exit"

The default version of matlab in /usr/licensed/bin is matlab-R2016b 

The following versions are available in /usr/licensed/bin:
	matlab-R2017a
	matlab-R2016b
	matlab-R2016a
	matlab-R2015b
	matlab-R2015a
	matlab-R2014b
	matlab-R2014a
	matlab-R2013b
	matlab-R2013a
	matlab-R2012a
/usr/licensed/bin/matlab -singleCompThread -nodisplay -nosplash -nojvm -r "try, hbm_stats_exec_job(47,'queued_jobs/nbwalk_c2_job.m'), catch fopen('errors/error47','wt+'), end, exit"

Elapsed time is 0.323613 seconds.
The default version of matlab in /usr/licensed/bin is matlab-R2016b 

The following versions are available in /usr/licensed/bin:
	matlab-R2017a
	matlab-R2016b
	matlab-R2016a
	matlab-R2015b
	matlab-R2015a
	matlab-R2014b
	matlab-R2014a
	matlab-R2013b
	matlab-R2013a
	matlab-R2012a

ans =

    -1


ans =

    -1

/usr/licensed/bin/matlab -singleCompThread -nodisplay -nosplash -nojvm -r "try, hbm_stats_exec_job(48,'queued_jobs/nbwalk_c2_job.m'), catch fopen('errors/error48','wt+'), end, exit"

 
The default version of matlab in /usr/licensed/bin is matlab-R2016b 

The following versions are available in /usr/licensed/bin:
	matlab-R2017a
	matlab-R2016b
	matlab-R2016a
	matlab-R2015b
	matlab-R2015a
	matlab-R2014b
	matlab-R2014a
	matlab-R2013b
	matlab-R2013a
	matlab-R2012a
For online documentation, see http://www.mathworks.com/support
For product information, visit www.mathworks.com.
 
/usr/licensed/bin/matlab -singleCompThread -nodisplay -nosplash -nojvm -r "try, hbm_stats_exec_job(49,'queued_jobs/nbwalk_c2_job.m'), catch fopen('errors/error49','wt+'), end, exit"

The default version of matlab in /usr/licensed/bin is matlab-R2016b 

The following versions are available in /usr/licensed/bin:
	matlab-R2017a
	matlab-R2016b
	matlab-R2016a
	matlab-R2015b
	matlab-R2015a
	matlab-R2014b
	matlab-R2014a
	matlab-R2013b
	matlab-R2013a
	matlab-R2012a
/usr/licensed/bin/matlab -singleCompThread -nodisplay -nosplash -nojvm -r "try, hbm_stats_exec_job(50,'queued_jobs/nbwalk_c2_job.m'), catch fopen('errors/error50','wt+'), end, exit"

The default version of matlab in /usr/licensed/bin is matlab-R2016b 

The following versions are available in /usr/licensed/bin:
	matlab-R2017a
	matlab-R2016b
	matlab-R2016a
	matlab-R2015b
	matlab-R2015a
	matlab-R2014b
	matlab-R2014a
	matlab-R2013b
	matlab-R2013a
	matlab-R2012a

                            < M A T L A B (R) >
                  Copyright 1984-2016 The MathWorks, Inc.
                   R2016b (9.1.0.441655) 64-bit (glnxa64)
                             September 7, 2016


                            < M A T L A B (R) >
                  Copyright 1984-2016 The MathWorks, Inc.
                   R2016b (9.1.0.441655) 64-bit (glnxa64)
                             September 7, 2016


directory_name =

res/nbwalk/n20000

Not found. Loading

                            < M A T L A B (R) >
                  Copyright 1984-2016 The MathWorks, Inc.
                   R2016b (9.1.0.441655) 64-bit (glnxa64)
                             September 7, 2016


                            < M A T L A B (R) >
                  Copyright 1984-2016 The MathWorks, Inc.
                   R2016b (9.1.0.441655) 64-bit (glnxa64)
                             September 7, 2016

/usr/licensed/bin/matlab -singleCompThread -nodisplay -nosplash -nojvm -r "try, hbm_stats_exec_job(51,'queued_jobs/nbwalk_c2_job.m'), catch fopen('errors/error51','wt+'), end, exit"

The default version of matlab in /usr/licensed/bin is matlab-R2016b 

The following versions are available in /usr/licensed/bin:
	matlab-R2017a
	matlab-R2016b
	matlab-R2016a
	matlab-R2015b
	matlab-R2015a
	matlab-R2014b
	matlab-R2014a
	matlab-R2013b
	matlab-R2013a
	matlab-R2012a
Elapsed time is 0.328706 seconds.

                            < M A T L A B (R) >
                  Copyright 1984-2016 The MathWorks, Inc.
                   R2016b (9.1.0.441655) 64-bit (glnxa64)
                             September 7, 2016

 
For online documentation, see http://www.mathworks.com/support
For product information, visit www.mathworks.com.
 

                            < M A T L A B (R) >
                  Copyright 1984-2016 The MathWorks, Inc.
                   R2016b (9.1.0.441655) 64-bit (glnxa64)
                             September 7, 2016


                            < M A T L A B (R) >
                  Copyright 1984-2016 The MathWorks, Inc.
                   R2016b (9.1.0.441655) 64-bit (glnxa64)
                             September 7, 2016


                            < M A T L A B (R) >
                  Copyright 1984-2016 The MathWorks, Inc.
                   R2016b (9.1.0.441655) 64-bit (glnxa64)
                             September 7, 2016

/usr/licensed/bin/matlab -singleCompThread -nodisplay -nosplash -nojvm -r "try, hbm_stats_exec_job(52,'queued_jobs/nbwalk_c2_job.m'), catch fopen('errors/error52','wt+'), end, exit"

The default version of matlab in /usr/licensed/bin is matlab-R2016b 

The following versions are available in /usr/licensed/bin:
	matlab-R2017a
	matlab-R2016b
	matlab-R2016a
	matlab-R2015b
	matlab-R2015a
	matlab-R2014b
	matlab-R2014a
	matlab-R2013b
	matlab-R2013a
	matlab-R2012a

directory_name =

res/nbwalk/n20000

Not found. Loading
 
For online documentation, see http://www.mathworks.com/support
For product information, visit www.mathworks.com.
 
 
For online documentation, see http://www.mathworks.com/support
For product information, visit www.mathworks.com.
 
 
Elapsed time is 0.305037 seconds.
For online documentation, see http://www.mathworks.com/support
For product information, visit www.mathworks.com.
 
 
For online documentation, see http://www.mathworks.com/support
For product information, visit www.mathworks.com.
 

directory_name =

res/nbwalk/n20000

Not found. Loading

directory_name =

res/nbwalk/n20000

Not found. Loading

                            < M A T L A B (R) >
                  Copyright 1984-2016 The MathWorks, Inc.
                   R2016b (9.1.0.441655) 64-bit (glnxa64)
                             September 7, 2016

 
For online documentation, see http://www.mathworks.com/support
For product information, visit www.mathworks.com.
 
Elapsed time is 0.315453 seconds.
Elapsed time is 0.323637 seconds.

directory_name =

res/nbwalk/n20000

Not found. Loading
 
For online documentation, see http://www.mathworks.com/support
For product information, visit www.mathworks.com.
 
 
For online documentation, see http://www.mathworks.com/support
For product information, visit www.mathworks.com.
 

directory_name =

res/nbwalk/n20000

Not found. Loading
Elapsed time is 0.308456 seconds.

                            < M A T L A B (R) >
                  Copyright 1984-2016 The MathWorks, Inc.
                   R2016b (9.1.0.441655) 64-bit (glnxa64)
                             September 7, 2016

Elapsed time is 0.343898 seconds.

directory_name =

res/nbwalk/n20000

Not found. Loading

directory_name =

res/nbwalk/n20000

Not found. Loading
Elapsed time is 0.328274 seconds.

directory_name =

res/nbwalk/n20000

Not found. Loading
 
For online documentation, see http://www.mathworks.com/support
For product information, visit www.mathworks.com.
 

ans =

    -1

Elapsed time is 0.325641 seconds.
Elapsed time is 0.341631 seconds.
/usr/licensed/bin/matlab -singleCompThread -nodisplay -nosplash -nojvm -r "try, hbm_stats_exec_job(53,'queued_jobs/nbwalk_c2_job.m'), catch fopen('errors/error53','wt+'), end, exit"

The default version of matlab in /usr/licensed/bin is matlab-R2016b 

The following versions are available in /usr/licensed/bin:
	matlab-R2017a
	matlab-R2016b
	matlab-R2016a
	matlab-R2015b
	matlab-R2015a
	matlab-R2014b
	matlab-R2014a
	matlab-R2013b
	matlab-R2013a
	matlab-R2012a
 
For online documentation, see http://www.mathworks.com/support
For product information, visit www.mathworks.com.
 

directory_name =

res/nbwalk/n20000

Not found. Loading

ans =

    -1

Elapsed time is 0.345827 seconds.

directory_name =

res/nbwalk/n20000

Not found. Loading
/usr/licensed/bin/matlab -singleCompThread -nodisplay -nosplash -nojvm -r "try, hbm_stats_exec_job(54,'queued_jobs/nbwalk_c2_job.m'), catch fopen('errors/error54','wt+'), end, exit"

The default version of matlab in /usr/licensed/bin is matlab-R2016b 

The following versions are available in /usr/licensed/bin:
	matlab-R2017a
	matlab-R2016b
	matlab-R2016a
	matlab-R2015b
	matlab-R2015a
	matlab-R2014b
	matlab-R2014a
	matlab-R2013b
	matlab-R2013a
	matlab-R2012a
Elapsed time is 0.347779 seconds.

                            < M A T L A B (R) >
                  Copyright 1984-2016 The MathWorks, Inc.
                   R2016b (9.1.0.441655) 64-bit (glnxa64)
                             September 7, 2016


                            < M A T L A B (R) >
                  Copyright 1984-2016 The MathWorks, Inc.
                   R2016b (9.1.0.441655) 64-bit (glnxa64)
                             September 7, 2016

 
For online documentation, see http://www.mathworks.com/support
For product information, visit www.mathworks.com.
 

ans =

    -1


directory_name =

res/nbwalk/n20000

Not found. Loading
Elapsed time is 0.360421 seconds.
/usr/licensed/bin/matlab -singleCompThread -nodisplay -nosplash -nojvm -r "try, hbm_stats_exec_job(55,'queued_jobs/nbwalk_c2_job.m'), catch fopen('errors/error55','wt+'), end, exit"
 

For online documentation, see http://www.mathworks.com/support
For product information, visit www.mathworks.com.
 
The default version of matlab in /usr/licensed/bin is matlab-R2016b 

The following versions are available in /usr/licensed/bin:
	matlab-R2017a
	matlab-R2016b
	matlab-R2016a
	matlab-R2015b
	matlab-R2015a
	matlab-R2014b
	matlab-R2014a
	matlab-R2013b
	matlab-R2013a
	matlab-R2012a
/usr/licensed/bin/matlab -singleCompThread -nodisplay -nosplash -nojvm -r "try, hbm_stats_exec_job(56,'queued_jobs/nbwalk_c2_job.m'), catch fopen('errors/error56','wt+'), end, exit"

The default version of matlab in /usr/licensed/bin is matlab-R2016b 

The following versions are available in /usr/licensed/bin:
	matlab-R2017a
	matlab-R2016b
	matlab-R2016a
	matlab-R2015b
	matlab-R2015a
	matlab-R2014b
	matlab-R2014a
	matlab-R2013b
	matlab-R2013a
	matlab-R2012a

directory_name =

res/nbwalk/n20000

Not found. Loading
Elapsed time is 0.387198 seconds.

                            < M A T L A B (R) >
                  Copyright 1984-2016 The MathWorks, Inc.
                   R2016b (9.1.0.441655) 64-bit (glnxa64)
                             September 7, 2016


                            < M A T L A B (R) >
                  Copyright 1984-2016 The MathWorks, Inc.
                   R2016b (9.1.0.441655) 64-bit (glnxa64)
                             September 7, 2016


ans =

    -1

/usr/licensed/bin/matlab -singleCompThread -nodisplay -nosplash -nojvm -r "try, hbm_stats_exec_job(57,'queued_jobs/nbwalk_c2_job.m'), catch fopen('errors/error57','wt+'), end, exit"

The default version of matlab in /usr/licensed/bin is matlab-R2016b 

The following versions are available in /usr/licensed/bin:
	matlab-R2017a
	matlab-R2016b
	matlab-R2016a
	matlab-R2015b
	matlab-R2015a
	matlab-R2014b
	matlab-R2014a
	matlab-R2013b
	matlab-R2013a
	matlab-R2012a

ans =

    -1

/usr/licensed/bin/matlab -singleCompThread -nodisplay -nosplash -nojvm -r "try, hbm_stats_exec_job(58,'queued_jobs/nbwalk_c2_job.m'), catch fopen('errors/error58','wt+'), end, exit"

The default version of matlab in /usr/licensed/bin is matlab-R2016b 

The following versions are available in /usr/licensed/bin:
	matlab-R2017a
	matlab-R2016b
	matlab-R2016a
	matlab-R2015b
	matlab-R2015a
	matlab-R2014b
	matlab-R2014a
	matlab-R2013b
	matlab-R2013a
	matlab-R2012a
 
For online documentation, see http://www.mathworks.com/support
For product information, visit www.mathworks.com.
 

ans =

    -1

/usr/licensed/bin/matlab -singleCompThread -nodisplay -nosplash -nojvm -r "try, hbm_stats_exec_job(59,'queued_jobs/nbwalk_c2_job.m'), catch fopen('errors/error59','wt+'), end, exit"

The default version of matlab in /usr/licensed/bin is matlab-R2016b 

The following versions are available in /usr/licensed/bin:
	matlab-R2017a
	matlab-R2016b
	matlab-R2016a
	matlab-R2015b
	matlab-R2015a
	matlab-R2014b
	matlab-R2014a
	matlab-R2013b
	matlab-R2013a
	matlab-R2012a
/usr/licensed/bin/matlab -singleCompThread -nodisplay -nosplash -nojvm -r "try, hbm_stats_exec_job(60,'queued_jobs/nbwalk_c2_job.m'), catch fopen('errors/error60','wt+'), end, exit"

The default version of matlab in /usr/licensed/bin is matlab-R2016b 

The following versions are available in /usr/licensed/bin:
	matlab-R2017a
	matlab-R2016b
	matlab-R2016a
	matlab-R2015b
	matlab-R2015a
	matlab-R2014b
	matlab-R2014a
	matlab-R2013b
	matlab-R2013a
	matlab-R2012a

directory_name =

res/nbwalk/n20000

Not found. Loading
 
For online documentation, see http://www.mathworks.com/support
For product information, visit www.mathworks.com.
 
Elapsed time is 0.327790 seconds.

ans =

    -1

/usr/licensed/bin/matlab -singleCompThread -nodisplay -nosplash -nojvm -r "try, hbm_stats_exec_job(61,'queued_jobs/nbwalk_c2_job.m'), catch fopen('errors/error61','wt+'), end, exit"

The default version of matlab in /usr/licensed/bin is matlab-R2016b 

The following versions are available in /usr/licensed/bin:
	matlab-R2017a
	matlab-R2016b
	matlab-R2016a
	matlab-R2015b
	matlab-R2015a
	matlab-R2014b
	matlab-R2014a
	matlab-R2013b
	matlab-R2013a
	matlab-R2012a

                            < M A T L A B (R) >
                  Copyright 1984-2016 The MathWorks, Inc.
                   R2016b (9.1.0.441655) 64-bit (glnxa64)
                             September 7, 2016


                            < M A T L A B (R) >
                  Copyright 1984-2016 The MathWorks, Inc.
                   R2016b (9.1.0.441655) 64-bit (glnxa64)
                             September 7, 2016


directory_name =

res/nbwalk/n20000

Not found. Loading

                            < M A T L A B (R) >
                  Copyright 1984-2016 The MathWorks, Inc.
                   R2016b (9.1.0.441655) 64-bit (glnxa64)
                             September 7, 2016

Elapsed time is 0.395366 seconds.

                            < M A T L A B (R) >
                  Copyright 1984-2016 The MathWorks, Inc.
                   R2016b (9.1.0.441655) 64-bit (glnxa64)
                             September 7, 2016


ans =

    -1

 
For online documentation, see http://www.mathworks.com/support
For product information, visit www.mathworks.com.
 
/usr/licensed/bin/matlab -singleCompThread -nodisplay -nosplash -nojvm -r "try, hbm_stats_exec_job(62,'queued_jobs/nbwalk_c2_job.m'), catch fopen('errors/error62','wt+'), end, exit"

The default version of matlab in /usr/licensed/bin is matlab-R2016b 

The following versions are available in /usr/licensed/bin:
	matlab-R2017a
	matlab-R2016b
	matlab-R2016a
	matlab-R2015b
	matlab-R2015a
	matlab-R2014b
	matlab-R2014a
	matlab-R2013b
	matlab-R2013a
	matlab-R2012a
 
For online documentation, see http://www.mathworks.com/support
For product information, visit www.mathworks.com.
 

ans =

    -1


                            < M A T L A B (R) >
                  Copyright 1984-2016 The MathWorks, Inc.
                   R2016b (9.1.0.441655) 64-bit (glnxa64)
                             September 7, 2016


directory_name =

res/nbwalk/n20000

Not found. Loading
 
For online documentation, see http://www.mathworks.com/support
For product information, visit www.mathworks.com.
 
 
For online documentation, see http://www.mathworks.com/support
For product information, visit www.mathworks.com.
 

directory_name =

res/nbwalk/n20000

Not found. Loading
Elapsed time is 0.310746 seconds.

ans =

    -1

/usr/licensed/bin/matlab -singleCompThread -nodisplay -nosplash -nojvm -r "try, hbm_stats_exec_job(63,'queued_jobs/nbwalk_c2_job.m'), catch fopen('errors/error63','wt+'), end, exit"

The default version of matlab in /usr/licensed/bin is matlab-R2016b 

The following versions are available in /usr/licensed/bin:
	matlab-R2017a
	matlab-R2016b
	matlab-R2016a
	matlab-R2015b
	matlab-R2015a
	matlab-R2014b
	matlab-R2014a
	matlab-R2013b
	matlab-R2013a
	matlab-R2012a
Elapsed time is 0.297097 seconds.

directory_name =

res/nbwalk/n20000

Not found. Loading
/usr/licensed/bin/matlab -singleCompThread -nodisplay -nosplash -nojvm -r "try, hbm_stats_exec_job(64,'queued_jobs/nbwalk_c2_job.m'), catch fopen('errors/error64','wt+'), end, exit"

The default version of matlab in /usr/licensed/bin is matlab-R2016b 

The following versions are available in /usr/licensed/bin:
	matlab-R2017a
	matlab-R2016b
	matlab-R2016a
	matlab-R2015b
	matlab-R2015a
	matlab-R2014b
	matlab-R2014a
	matlab-R2013b
	matlab-R2013a
	matlab-R2012a
 
For online documentation, see http://www.mathworks.com/support
For product information, visit www.mathworks.com.
 
Elapsed time is 0.307549 seconds.

                            < M A T L A B (R) >
                  Copyright 1984-2016 The MathWorks, Inc.
                   R2016b (9.1.0.441655) 64-bit (glnxa64)
                             September 7, 2016


directory_name =

res/nbwalk/n20000

Not found. Loading

directory_name =

res/nbwalk/n20000

Not found. Loading
Elapsed time is 0.364850 seconds.
/usr/licensed/bin/matlab -singleCompThread -nodisplay -nosplash -nojvm -r "try, hbm_stats_exec_job(65,'queued_jobs/nbwalk_c2_job.m'), catch fopen('errors/error65','wt+'), end, exit"

The default version of matlab in /usr/licensed/bin is matlab-R2016b 

The following versions are available in /usr/licensed/bin:
	matlab-R2017a
	matlab-R2016b
	matlab-R2016a
	matlab-R2015b
	matlab-R2015a
	matlab-R2014b
	matlab-R2014a
	matlab-R2013b
	matlab-R2013a
	matlab-R2012a
Elapsed time is 0.294913 seconds.

iter =

        1300


ans =

    -1

 
For online documentation, see http://www.mathworks.com/support
For product information, visit www.mathworks.com.
 

                            < M A T L A B (R) >
                  Copyright 1984-2016 The MathWorks, Inc.
                   R2016b (9.1.0.441655) 64-bit (glnxa64)
                             September 7, 2016


                            < M A T L A B (R) >
                  Copyright 1984-2016 The MathWorks, Inc.
                   R2016b (9.1.0.441655) 64-bit (glnxa64)
                             September 7, 2016

/usr/licensed/bin/matlab -singleCompThread -nodisplay -nosplash -nojvm -r "try, hbm_stats_exec_job(66,'queued_jobs/nbwalk_c2_job.m'), catch fopen('errors/error66','wt+'), end, exit"

The default version of matlab in /usr/licensed/bin is matlab-R2016b 

The following versions are available in /usr/licensed/bin:
	matlab-R2017a
	matlab-R2016b
	matlab-R2016a
	matlab-R2015b
	matlab-R2015a
	matlab-R2014b
	matlab-R2014a
	matlab-R2013b
	matlab-R2013a
	matlab-R2012a

directory_name =

res/nbwalk/n20000

Not found. Loading
/usr/licensed/bin/matlab -singleCompThread -nodisplay -nosplash -nojvm -r "try, hbm_stats_exec_job(67,'queued_jobs/nbwalk_c2_job.m'), catch fopen('errors/error67','wt+'), end, exit"

The default version of matlab in /usr/licensed/bin is matlab-R2016b 

The following versions are available in /usr/licensed/bin:
	matlab-R2017a
	matlab-R2016b
	matlab-R2016a
	matlab-R2015b
	matlab-R2015a
	matlab-R2014b
	matlab-R2014a
	matlab-R2013b
	matlab-R2013a
	matlab-R2012a
Elapsed time is 0.319174 seconds.
 
For online documentation, see http://www.mathworks.com/support
For product information, visit www.mathworks.com.
 

                            < M A T L A B (R) >
                  Copyright 1984-2016 The MathWorks, Inc.
                   R2016b (9.1.0.441655) 64-bit (glnxa64)
                             September 7, 2016

 
For online documentation, see http://www.mathworks.com/support
For product information, visit www.mathworks.com.
 
/usr/licensed/bin/matlab -singleCompThread -nodisplay -nosplash -nojvm -r "try, hbm_stats_exec_job(68,'queued_jobs/nbwalk_c2_job.m'), catch fopen('errors/error68','wt+'), end, exit"

ans =

    -1



directory_name =

res/nbwalk/n20000

Not found. Loading
The default version of matlab in /usr/licensed/bin is matlab-R2016b 

The following versions are available in /usr/licensed/bin:
	matlab-R2017a
	matlab-R2016b
	matlab-R2016a
	matlab-R2015b
	matlab-R2015a
	matlab-R2014b
	matlab-R2014a
	matlab-R2013b
	matlab-R2013a
	matlab-R2012a

                            < M A T L A B (R) >
                  Copyright 1984-2016 The MathWorks, Inc.
                   R2016b (9.1.0.441655) 64-bit (glnxa64)
                             September 7, 2016

Elapsed time is 0.363152 seconds.

ans =

    -1

/usr/licensed/bin/matlab -singleCompThread -nodisplay -nosplash -nojvm -r "try, hbm_stats_exec_job(69,'queued_jobs/nbwalk_c2_job.m'), catch fopen('errors/error69','wt+'), end, exit"

The default version of matlab in /usr/licensed/bin is matlab-R2016b 

The following versions are available in /usr/licensed/bin:
	matlab-R2017a
	matlab-R2016b
	matlab-R2016a
	matlab-R2015b
	matlab-R2015a
	matlab-R2014b
	matlab-R2014a
	matlab-R2013b
	matlab-R2013a
	matlab-R2012a

directory_name =

res/nbwalk/n20000

Not found. Loading

ans =

    -1

 
For online documentation, see http://www.mathworks.com/support
For product information, visit www.mathworks.com.
 

                            < M A T L A B (R) >
                  Copyright 1984-2016 The MathWorks, Inc.
                   R2016b (9.1.0.441655) 64-bit (glnxa64)
                             September 7, 2016

Elapsed time is 0.316279 seconds.
/usr/licensed/bin/matlab -singleCompThread -nodisplay -nosplash -nojvm -r "try, hbm_stats_exec_job(70,'queued_jobs/nbwalk_c2_job.m'), catch fopen('errors/error70','wt+'), end, exit"

The default version of matlab in /usr/licensed/bin is matlab-R2016b 

The following versions are available in /usr/licensed/bin:
	matlab-R2017a
	matlab-R2016b
	matlab-R2016a
	matlab-R2015b
	matlab-R2015a
	matlab-R2014b
	matlab-R2014a
	matlab-R2013b
	matlab-R2013a
	matlab-R2012a

iter =

        1100

/usr/licensed/bin/matlab -singleCompThread -nodisplay -nosplash -nojvm -r "try, hbm_stats_exec_job(71,'queued_jobs/nbwalk_c2_job.m'), catch fopen('errors/error71','wt+'), end, exit"

The default version of matlab in /usr/licensed/bin is matlab-R2016b 

The following versions are available in /usr/licensed/bin:
	matlab-R2017a
	matlab-R2016b
	matlab-R2016a
	matlab-R2015b
	matlab-R2015a
	matlab-R2014b
	matlab-R2014a
	matlab-R2013b
	matlab-R2013a
	matlab-R2012a

directory_name =

res/nbwalk/n20000

Not found. Loading
 
For online documentation, see http://www.mathworks.com/support
For product information, visit www.mathworks.com.
 
Elapsed time is 0.316744 seconds.
/usr/licensed/bin/matlab -singleCompThread -nodisplay -nosplash -nojvm -r "try, hbm_stats_exec_job(72,'queued_jobs/nbwalk_c2_job.m'), catch fopen('errors/error72','wt+'), end, exit"

The default version of matlab in /usr/licensed/bin is matlab-R2016b 

The following versions are available in /usr/licensed/bin:
	matlab-R2017a
	matlab-R2016b
	matlab-R2016a
	matlab-R2015b
	matlab-R2015a
	matlab-R2014b
	matlab-R2014a
	matlab-R2013b
	matlab-R2013a
	matlab-R2012a
 
For online documentation, see http://www.mathworks.com/support
For product information, visit www.mathworks.com.
 

                            < M A T L A B (R) >
                  Copyright 1984-2016 The MathWorks, Inc.
                   R2016b (9.1.0.441655) 64-bit (glnxa64)
                             September 7, 2016


directory_name =

res/nbwalk/n20000

Not found. Loading

                            < M A T L A B (R) >
                  Copyright 1984-2016 The MathWorks, Inc.
                   R2016b (9.1.0.441655) 64-bit (glnxa64)
                             September 7, 2016

/usr/licensed/bin/matlab -singleCompThread -nodisplay -nosplash -nojvm -r "try, hbm_stats_exec_job(73,'queued_jobs/nbwalk_c2_job.m'), catch fopen('errors/error73','wt+'), end, exit"

The default version of matlab in /usr/licensed/bin is matlab-R2016b 

The following versions are available in /usr/licensed/bin:
	matlab-R2017a
	matlab-R2016b
	matlab-R2016a
	matlab-R2015b
	matlab-R2015a
	matlab-R2014b
	matlab-R2014a
	matlab-R2013b
	matlab-R2013a
	matlab-R2012a
Elapsed time is 0.302760 seconds.

directory_name =

res/nbwalk/n20000

Not found. Loading

                            < M A T L A B (R) >
                  Copyright 1984-2016 The MathWorks, Inc.
                   R2016b (9.1.0.441655) 64-bit (glnxa64)
                             September 7, 2016

Elapsed time is 0.304287 seconds.

                            < M A T L A B (R) >
                  Copyright 1984-2016 The MathWorks, Inc.
                   R2016b (9.1.0.441655) 64-bit (glnxa64)
                             September 7, 2016

 
For online documentation, see http://www.mathworks.com/support
For product information, visit www.mathworks.com.
 
 
For online documentation, see http://www.mathworks.com/support
For product information, visit www.mathworks.com.
 

                            < M A T L A B (R) >
                  Copyright 1984-2016 The MathWorks, Inc.
                   R2016b (9.1.0.441655) 64-bit (glnxa64)
                             September 7, 2016

 
For online documentation, see http://www.mathworks.com/support
For product information, visit www.mathworks.com.
 

                            < M A T L A B (R) >
                  Copyright 1984-2016 The MathWorks, Inc.
                   R2016b (9.1.0.441655) 64-bit (glnxa64)
                             September 7, 2016


directory_name =

res/nbwalk/n20000

Not found. Loading

directory_name =

res/nbwalk/n20000

Not found. Loading
 
For online documentation, see http://www.mathworks.com/support
For product information, visit www.mathworks.com.
 
Elapsed time is 0.340306 seconds.
Elapsed time is 0.335412 seconds.

directory_name =

res/nbwalk/n20000

Not found. Loading
 
For online documentation, see http://www.mathworks.com/support
For product information, visit www.mathworks.com.
 
Elapsed time is 0.301823 seconds.

directory_name =

res/nbwalk/n20000

Not found. Loading
 
For online documentation, see http://www.mathworks.com/support
For product information, visit www.mathworks.com.
 
Elapsed time is 0.349803 seconds.

directory_name =

res/nbwalk/n20000

Not found. Loading
Elapsed time is 0.367954 seconds.

directory_name =

res/nbwalk/n20000

Not found. Loading
Elapsed time is 0.330987 seconds.

iter =

        1500


iter =

   900


ans =

    -1


ans =

    -1

/usr/licensed/bin/matlab -singleCompThread -nodisplay -nosplash -nojvm -r "try, hbm_stats_exec_job(74,'queued_jobs/nbwalk_c2_job.m'), catch fopen('errors/error74','wt+'), end, exit"

The default version of matlab in /usr/licensed/bin is matlab-R2016b 

The following versions are available in /usr/licensed/bin:
	matlab-R2017a
	matlab-R2016b
	matlab-R2016a
	matlab-R2015b
	matlab-R2015a
	matlab-R2014b
	matlab-R2014a
	matlab-R2013b
	matlab-R2013a
	matlab-R2012a
/usr/licensed/bin/matlab -singleCompThread -nodisplay -nosplash -nojvm -r "try, hbm_stats_exec_job(75,'queued_jobs/nbwalk_c2_job.m'), catch fopen('errors/error75','wt+'), end, exit"

The default version of matlab in /usr/licensed/bin is matlab-R2016b 

The following versions are available in /usr/licensed/bin:
	matlab-R2017a
	matlab-R2016b
	matlab-R2016a
	matlab-R2015b
	matlab-R2015a
	matlab-R2014b
	matlab-R2014a
	matlab-R2013b
	matlab-R2013a
	matlab-R2012a
/usr/licensed/bin/matlab -singleCompThread -nodisplay -nosplash -nojvm -r "try, hbm_stats_exec_job(76,'queued_jobs/nbwalk_c2_job.m'), catch fopen('errors/error76','wt+'), end, exit"

The default version of matlab in /usr/licensed/bin is matlab-R2016b 

The following versions are available in /usr/licensed/bin:
	matlab-R2017a
	matlab-R2016b
	matlab-R2016a
	matlab-R2015b
	matlab-R2015a
	matlab-R2014b
	matlab-R2014a
	matlab-R2013b
	matlab-R2013a
	matlab-R2012a

                            < M A T L A B (R) >
                  Copyright 1984-2016 The MathWorks, Inc.
                   R2016b (9.1.0.441655) 64-bit (glnxa64)
                             September 7, 2016


                            < M A T L A B (R) >
                  Copyright 1984-2016 The MathWorks, Inc.
                   R2016b (9.1.0.441655) 64-bit (glnxa64)
                             September 7, 2016


iter =

        1400

/usr/licensed/bin/matlab -singleCompThread -nodisplay -nosplash -nojvm -r "try, hbm_stats_exec_job(77,'queued_jobs/nbwalk_c2_job.m'), catch fopen('errors/error77','wt+'), end, exit"

The default version of matlab in /usr/licensed/bin is matlab-R2016b 

The following versions are available in /usr/licensed/bin:
	matlab-R2017a
	matlab-R2016b
	matlab-R2016a
	matlab-R2015b
	matlab-R2015a
	matlab-R2014b
	matlab-R2014a
	matlab-R2013b
	matlab-R2013a
	matlab-R2012a
 
For online documentation, see http://www.mathworks.com/support
For product information, visit www.mathworks.com.
 

ans =

    -1


ans =

    -1

/usr/licensed/bin/matlab -singleCompThread -nodisplay -nosplash -nojvm -r "try, hbm_stats_exec_job(78,'queued_jobs/nbwalk_c2_job.m'), catch fopen('errors/error78','wt+'), end, exit"

The default version of matlab in /usr/licensed/bin is matlab-R2016b 

The following versions are available in /usr/licensed/bin:
	matlab-R2017a
	matlab-R2016b
	matlab-R2016a
	matlab-R2015b
	matlab-R2015a
	matlab-R2014b
	matlab-R2014a
	matlab-R2013b
	matlab-R2013a
	matlab-R2012a

                            < M A T L A B (R) >
                  Copyright 1984-2016 The MathWorks, Inc.
                   R2016b (9.1.0.441655) 64-bit (glnxa64)
                             September 7, 2016


directory_name =

res/nbwalk/n20000

Not found. Loading
/usr/licensed/bin/matlab -singleCompThread -nodisplay -nosplash -nojvm -r "try, hbm_stats_exec_job(79,'queued_jobs/nbwalk_c2_job.m'), catch fopen('errors/error79','wt+'), end, exit"

The default version of matlab in /usr/licensed/bin is matlab-R2016b 

The following versions are available in /usr/licensed/bin:
	matlab-R2017a
	matlab-R2016b
	matlab-R2016a
	matlab-R2015b
	matlab-R2015a
	matlab-R2014b
	matlab-R2014a
	matlab-R2013b
	matlab-R2013a
	matlab-R2012a
/usr/licensed/bin/matlab -singleCompThread -nodisplay -nosplash -nojvm -r "try, hbm_stats_exec_job(80,'queued_jobs/nbwalk_c2_job.m'), catch fopen('errors/error80','wt+'), end, exit"

The default version of matlab in /usr/licensed/bin is matlab-R2016b 

The following versions are available in /usr/licensed/bin:
	matlab-R2017a
	matlab-R2016b
	matlab-R2016a
	matlab-R2015b
	matlab-R2015a
	matlab-R2014b
	matlab-R2014a
	matlab-R2013b
	matlab-R2013a
	matlab-R2012a
Elapsed time is 0.320760 seconds.

                            < M A T L A B (R) >
                  Copyright 1984-2016 The MathWorks, Inc.
                   R2016b (9.1.0.441655) 64-bit (glnxa64)
                             September 7, 2016

 
For online documentation, see http://www.mathworks.com/support
For product information, visit www.mathworks.com.
 
/usr/licensed/bin/matlab -singleCompThread -nodisplay -nosplash -nojvm -r "try, hbm_stats_exec_job(81,'queued_jobs/nbwalk_c2_job.m'), catch fopen('errors/error81','wt+'), end, exit"

The default version of matlab in /usr/licensed/bin is matlab-R2016b 

The following versions are available in /usr/licensed/bin:
	matlab-R2017a
	matlab-R2016b
	matlab-R2016a
	matlab-R2015b
	matlab-R2015a
	matlab-R2014b
	matlab-R2014a
	matlab-R2013b
	matlab-R2013a
	matlab-R2012a

                            < M A T L A B (R) >
                  Copyright 1984-2016 The MathWorks, Inc.
                   R2016b (9.1.0.441655) 64-bit (glnxa64)
                             September 7, 2016

 
For online documentation, see http://www.mathworks.com/support
For product information, visit www.mathworks.com.
 

                            < M A T L A B (R) >
                  Copyright 1984-2016 The MathWorks, Inc.
                   R2016b (9.1.0.441655) 64-bit (glnxa64)
                             September 7, 2016


                            < M A T L A B (R) >
                  Copyright 1984-2016 The MathWorks, Inc.
                   R2016b (9.1.0.441655) 64-bit (glnxa64)
                             September 7, 2016


directory_name =

res/nbwalk/n20000

Not found. Loading
 
For online documentation, see http://www.mathworks.com/support
For product information, visit www.mathworks.com.
 

ans =

    -1

Elapsed time is 0.326278 seconds.

directory_name =

res/nbwalk/n20000

Not found. Loading
Elapsed time is 0.319684 seconds.
/usr/licensed/bin/matlab -singleCompThread -nodisplay -nosplash -nojvm -r "try, hbm_stats_exec_job(82,'queued_jobs/nbwalk_c2_job.m'), catch fopen('errors/error82','wt+'), end, exit"

The default version of matlab in /usr/licensed/bin is matlab-R2016b 

The following versions are available in /usr/licensed/bin:
	matlab-R2017a
	matlab-R2016b
	matlab-R2016a
	matlab-R2015b
	matlab-R2015a
	matlab-R2014b
	matlab-R2014a
	matlab-R2013b
	matlab-R2013a
	matlab-R2012a
 
For online documentation, see http://www.mathworks.com/support
For product information, visit www.mathworks.com.
 

directory_name =

res/nbwalk/n20000

Not found. Loading
 
For online documentation, see http://www.mathworks.com/support
For product information, visit www.mathworks.com.
 

                            < M A T L A B (R) >
                  Copyright 1984-2016 The MathWorks, Inc.
                   R2016b (9.1.0.441655) 64-bit (glnxa64)
                             September 7, 2016

 
For online documentation, see http://www.mathworks.com/support
For product information, visit www.mathworks.com.
 
Elapsed time is 0.330704 seconds.
/usr/licensed/bin/matlab -singleCompThread -nodisplay -nosplash -nojvm -r "try, hbm_stats_exec_job(83,'queued_jobs/nbwalk_c2_job.m'), catch fopen('errors/error83','wt+'), end, exit"

The default version of matlab in /usr/licensed/bin is matlab-R2016b 

The following versions are available in /usr/licensed/bin:
	matlab-R2017a
	matlab-R2016b
	matlab-R2016a
	matlab-R2015b
	matlab-R2015a
	matlab-R2014b
	matlab-R2014a
	matlab-R2013b
	matlab-R2013a
	matlab-R2012a

directory_name =

res/nbwalk/n20000

Not found. Loading
/usr/licensed/bin/matlab -singleCompThread -nodisplay -nosplash -nojvm -r "try, hbm_stats_exec_job(84,'queued_jobs/nbwalk_c2_job.m'), catch fopen('errors/error84','wt+'), end, exit"

The default version of matlab in /usr/licensed/bin is matlab-R2016b 

The following versions are available in /usr/licensed/bin:
	matlab-R2017a
	matlab-R2016b
	matlab-R2016a
	matlab-R2015b
	matlab-R2015a
	matlab-R2014b
	matlab-R2014a
	matlab-R2013b
	matlab-R2013a
	matlab-R2012a

directory_name =

res/nbwalk/n20000

Not found. Loading
Elapsed time is 0.334043 seconds.

directory_name =

res/nbwalk/n20000

Not found. Loading
Elapsed time is 0.354499 seconds.
Elapsed time is 0.327746 seconds.

                            < M A T L A B (R) >
                  Copyright 1984-2016 The MathWorks, Inc.
                   R2016b (9.1.0.441655) 64-bit (glnxa64)
                             September 7, 2016

 
For online documentation, see http://www.mathworks.com/support
For product information, visit www.mathworks.com.
 

ans =

    -1

/usr/licensed/bin/matlab -singleCompThread -nodisplay -nosplash -nojvm -r "try, hbm_stats_exec_job(85,'queued_jobs/nbwalk_c2_job.m'), catch fopen('errors/error85','wt+'), end, exit"

The default version of matlab in /usr/licensed/bin is matlab-R2016b 

The following versions are available in /usr/licensed/bin:
	matlab-R2017a
	matlab-R2016b
	matlab-R2016a
	matlab-R2015b
	matlab-R2015a
	matlab-R2014b
	matlab-R2014a
	matlab-R2013b
	matlab-R2013a
	matlab-R2012a

directory_name =

res/nbwalk/n20000

Not found. Loading

                            < M A T L A B (R) >
                  Copyright 1984-2016 The MathWorks, Inc.
                   R2016b (9.1.0.441655) 64-bit (glnxa64)
                             September 7, 2016


                            < M A T L A B (R) >
                  Copyright 1984-2016 The MathWorks, Inc.
                   R2016b (9.1.0.441655) 64-bit (glnxa64)
                             September 7, 2016

Elapsed time is 0.323565 seconds.
 
For online documentation, see http://www.mathworks.com/support
For product information, visit www.mathworks.com.
 

directory_name =

res/nbwalk/n20000

Not found. Loading
 

                            < M A T L A B (R) >
                  Copyright 1984-2016 The MathWorks, Inc.
                   R2016b (9.1.0.441655) 64-bit (glnxa64)
                             September 7, 2016

For online documentation, see http://www.mathworks.com/support
For product information, visit www.mathworks.com.
 
 
For online documentation, see http://www.mathworks.com/support
For product information, visit www.mathworks.com.
 
Elapsed time is 0.354152 seconds.
/usr/licensed/bin/matlab -singleCompThread -nodisplay -nosplash -nojvm -r "try, hbm_stats_exec_job(86,'queued_jobs/nbwalk_c2_job.m'), catch fopen('errors/error86','wt+'), end, exit"

The default version of matlab in /usr/licensed/bin is matlab-R2016b 

The following versions are available in /usr/licensed/bin:
	matlab-R2017a
	matlab-R2016b
	matlab-R2016a
	matlab-R2015b
	matlab-R2015a
	matlab-R2014b
	matlab-R2014a
	matlab-R2013b
	matlab-R2013a
	matlab-R2012a

directory_name =

res/nbwalk/n20000

Not found. Loading

directory_name =

res/nbwalk/n20000

Not found. Loading
Elapsed time is 0.366865 seconds.
Elapsed time is 0.355815 seconds.
 
For online documentation, see http://www.mathworks.com/support
For product information, visit www.mathworks.com.
 
/usr/licensed/bin/matlab -singleCompThread -nodisplay -nosplash -nojvm -r "try, hbm_stats_exec_job(87,'queued_jobs/nbwalk_c2_job.m'), catch fopen('errors/error87','wt+'), end, exit"

The default version of matlab in /usr/licensed/bin is matlab-R2016b 

The following versions are available in /usr/licensed/bin:
	matlab-R2017a
	matlab-R2016b
	matlab-R2016a
	matlab-R2015b
	matlab-R2015a
	matlab-R2014b
	matlab-R2014a
	matlab-R2013b
	matlab-R2013a
	matlab-R2012a

iter =

        1700


                            < M A T L A B (R) >
                  Copyright 1984-2016 The MathWorks, Inc.
                   R2016b (9.1.0.441655) 64-bit (glnxa64)
                             September 7, 2016


directory_name =

res/nbwalk/n20000

Not found. Loading
Elapsed time is 0.359051 seconds.

                            < M A T L A B (R) >
                  Copyright 1984-2016 The MathWorks, Inc.
                   R2016b (9.1.0.441655) 64-bit (glnxa64)
                             September 7, 2016

 
For online documentation, see http://www.mathworks.com/support
For product information, visit www.mathworks.com.
 
/usr/licensed/bin/matlab -singleCompThread -nodisplay -nosplash -nojvm -r "try, hbm_stats_exec_job(88,'queued_jobs/nbwalk_c2_job.m'), catch fopen('errors/error88','wt+'), end, exit"

The default version of matlab in /usr/licensed/bin is matlab-R2016b 

The following versions are available in /usr/licensed/bin:
	matlab-R2017a
	matlab-R2016b
	matlab-R2016a
	matlab-R2015b
	matlab-R2015a
	matlab-R2014b
	matlab-R2014a
	matlab-R2013b
	matlab-R2013a
	matlab-R2012a

directory_name =

res/nbwalk/n20000

Not found. Loading
Elapsed time is 0.399390 seconds.
 
For online documentation, see http://www.mathworks.com/support
For product information, visit www.mathworks.com.
 
/usr/licensed/bin/matlab -singleCompThread -nodisplay -nosplash -nojvm -r "try, hbm_stats_exec_job(89,'queued_jobs/nbwalk_c2_job.m'), catch fopen('errors/error89','wt+'), end, exit"

The default version of matlab in /usr/licensed/bin is matlab-R2016b 

The following versions are available in /usr/licensed/bin:
	matlab-R2017a
	matlab-R2016b
	matlab-R2016a
	matlab-R2015b
	matlab-R2015a
	matlab-R2014b
	matlab-R2014a
	matlab-R2013b
	matlab-R2013a
	matlab-R2012a

                            < M A T L A B (R) >
                  Copyright 1984-2016 The MathWorks, Inc.
                   R2016b (9.1.0.441655) 64-bit (glnxa64)
                             September 7, 2016


directory_name =

res/nbwalk/n20000

Not found. Loading
Elapsed time is 0.352926 seconds.

ans =

    -1


                            < M A T L A B (R) >
                  Copyright 1984-2016 The MathWorks, Inc.
                   R2016b (9.1.0.441655) 64-bit (glnxa64)
                             September 7, 2016

/usr/licensed/bin/matlab -singleCompThread -nodisplay -nosplash -nojvm -r "try, hbm_stats_exec_job(90,'queued_jobs/nbwalk_c2_job.m'), catch fopen('errors/error90','wt+'), end, exit"

The default version of matlab in /usr/licensed/bin is matlab-R2016b 

The following versions are available in /usr/licensed/bin:
	matlab-R2017a
	matlab-R2016b
	matlab-R2016a
	matlab-R2015b
	matlab-R2015a
	matlab-R2014b
	matlab-R2014a
	matlab-R2013b
	matlab-R2013a
	matlab-R2012a
 
For online documentation, see http://www.mathworks.com/support
For product information, visit www.mathworks.com.
 

directory_name =

res/nbwalk/n20000

Not found. Loading

ans =

    -1

Elapsed time is 0.374986 seconds.

ans =

    -1

 
For online documentation, see http://www.mathworks.com/support
For product information, visit www.mathworks.com.
 
/usr/licensed/bin/matlab -singleCompThread -nodisplay -nosplash -nojvm -r "try, hbm_stats_exec_job(91,'queued_jobs/nbwalk_c2_job.m'), catch fopen('errors/error91','wt+'), end, exit"

The default version of matlab in /usr/licensed/bin is matlab-R2016b 

The following versions are available in /usr/licensed/bin:
	matlab-R2017a
	matlab-R2016b
	matlab-R2016a
	matlab-R2015b
	matlab-R2015a
	matlab-R2014b
	matlab-R2014a
	matlab-R2013b
	matlab-R2013a
	matlab-R2012a
/usr/licensed/bin/matlab -singleCompThread -nodisplay -nosplash -nojvm -r "try, hbm_stats_exec_job(92,'queued_jobs/nbwalk_c2_job.m'), catch fopen('errors/error92','wt+'), end, exit"

The default version of matlab in /usr/licensed/bin is matlab-R2016b 

The following versions are available in /usr/licensed/bin:
	matlab-R2017a
	matlab-R2016b
	matlab-R2016a
	matlab-R2015b
	matlab-R2015a
	matlab-R2014b
	matlab-R2014a
	matlab-R2013b
	matlab-R2013a
	matlab-R2012a

                            < M A T L A B (R) >
                  Copyright 1984-2016 The MathWorks, Inc.
                   R2016b (9.1.0.441655) 64-bit (glnxa64)
                             September 7, 2016


ans =

    -1


directory_name =

res/nbwalk/n20000

Not found. Loading
Elapsed time is 0.363357 seconds.
/usr/licensed/bin/matlab -singleCompThread -nodisplay -nosplash -nojvm -r "try, hbm_stats_exec_job(93,'queued_jobs/nbwalk_c2_job.m'), catch fopen('errors/error93','wt+'), end, exit"

The default version of matlab in /usr/licensed/bin is matlab-R2016b 

The following versions are available in /usr/licensed/bin:
	matlab-R2017a
	matlab-R2016b
	matlab-R2016a
	matlab-R2015b
	matlab-R2015a
	matlab-R2014b
	matlab-R2014a
	matlab-R2013b
	matlab-R2013a
	matlab-R2012a
/usr/licensed/bin/matlab -singleCompThread -nodisplay -nosplash -nojvm -r "try, hbm_stats_exec_job(94,'queued_jobs/nbwalk_c2_job.m'), catch fopen('errors/error94','wt+'), end, exit"

The default version of matlab in /usr/licensed/bin is matlab-R2016b 

The following versions are available in /usr/licensed/bin:
	matlab-R2017a
	matlab-R2016b
	matlab-R2016a
	matlab-R2015b
	matlab-R2015a
	matlab-R2014b
	matlab-R2014a
	matlab-R2013b
	matlab-R2013a
	matlab-R2012a
 
For online documentation, see http://www.mathworks.com/support
For product information, visit www.mathworks.com.
 
/usr/licensed/bin/matlab -singleCompThread -nodisplay -nosplash -nojvm -r "try, hbm_stats_exec_job(95,'queued_jobs/nbwalk_c2_job.m'), catch fopen('errors/error95','wt+'), end, exit"

ans =

    -1


The default version of matlab in /usr/licensed/bin is matlab-R2016b 

The following versions are available in /usr/licensed/bin:
	matlab-R2017a
	matlab-R2016b
	matlab-R2016a
	matlab-R2015b
	matlab-R2015a
	matlab-R2014b
	matlab-R2014a
	matlab-R2013b
	matlab-R2013a
	matlab-R2012a

                            < M A T L A B (R) >
                  Copyright 1984-2016 The MathWorks, Inc.
                   R2016b (9.1.0.441655) 64-bit (glnxa64)
                             September 7, 2016


                            < M A T L A B (R) >
                  Copyright 1984-2016 The MathWorks, Inc.
                   R2016b (9.1.0.441655) 64-bit (glnxa64)
                             September 7, 2016

/usr/licensed/bin/matlab -singleCompThread -nodisplay -nosplash -nojvm -r "try, hbm_stats_exec_job(96,'queued_jobs/nbwalk_c2_job.m'), catch fopen('errors/error96','wt+'), end, exit"

The default version of matlab in /usr/licensed/bin is matlab-R2016b 

The following versions are available in /usr/licensed/bin:
	matlab-R2017a
	matlab-R2016b
	matlab-R2016a
	matlab-R2015b
	matlab-R2015a
	matlab-R2014b
	matlab-R2014a
	matlab-R2013b
	matlab-R2013a
	matlab-R2012a

directory_name =

res/nbwalk/n20000

Not found. Loading
Elapsed time is 0.322760 seconds.

iter =

        1900


                            < M A T L A B (R) >
                  Copyright 1984-2016 The MathWorks, Inc.
                   R2016b (9.1.0.441655) 64-bit (glnxa64)
                             September 7, 2016

 
For online documentation, see http://www.mathworks.com/support
For product information, visit www.mathworks.com.
 

                            < M A T L A B (R) >
                  Copyright 1984-2016 The MathWorks, Inc.
                   R2016b (9.1.0.441655) 64-bit (glnxa64)
                             September 7, 2016

 
For online documentation, see http://www.mathworks.com/support
For product information, visit www.mathworks.com.
 

                            < M A T L A B (R) >
                  Copyright 1984-2016 The MathWorks, Inc.
                   R2016b (9.1.0.441655) 64-bit (glnxa64)
                             September 7, 2016


                            < M A T L A B (R) >
                  Copyright 1984-2016 The MathWorks, Inc.
                   R2016b (9.1.0.441655) 64-bit (glnxa64)
                             September 7, 2016


directory_name =

res/nbwalk/n20000

Not found. Loading

ans =

    -1


directory_name =

res/nbwalk/n20000

Not found. Loading
 
For online documentation, see http://www.mathworks.com/support
For product information, visit www.mathworks.com.
 
Elapsed time is 0.354500 seconds.
Elapsed time is 0.331775 seconds.
 
For online documentation, see http://www.mathworks.com/support
For product information, visit www.mathworks.com.
 
/usr/licensed/bin/matlab -singleCompThread -nodisplay -nosplash -nojvm -r "try, hbm_stats_exec_job(97,'queued_jobs/nbwalk_c2_job.m'), catch fopen('errors/error97','wt+'), end, exit"

The default version of matlab in /usr/licensed/bin is matlab-R2016b 

The following versions are available in /usr/licensed/bin:
	matlab-R2017a
	matlab-R2016b
	matlab-R2016a
	matlab-R2015b
	matlab-R2015a
	matlab-R2014b
	matlab-R2014a
	matlab-R2013b
	matlab-R2013a
	matlab-R2012a
 
For online documentation, see http://www.mathworks.com/support
For product information, visit www.mathworks.com.
 
/usr/licensed/bin/matlab -singleCompThread -nodisplay -nosplash -nojvm -r "try, hbm_stats_exec_job(98,'queued_jobs/nbwalk_c2_job.m'), catch fopen('errors/error98','wt+'), end, exit"

The default version of matlab in /usr/licensed/bin is matlab-R2016b 

The following versions are available in /usr/licensed/bin:
	matlab-R2017a
	matlab-R2016b
	matlab-R2016a
	matlab-R2015b
	matlab-R2015a
	matlab-R2014b
	matlab-R2014a
	matlab-R2013b
	matlab-R2013a
	matlab-R2012a

directory_name =

res/nbwalk/n20000

Not found. Loading
Elapsed time is 0.346703 seconds.
 

directory_name =

res/nbwalk/n20000

Not found. Loading
For online documentation, see http://www.mathworks.com/support
For product information, visit www.mathworks.com.
 
Elapsed time is 0.323694 seconds.

directory_name =

res/nbwalk/n20000

Not found. Loading
Elapsed time is 0.331744 seconds.

directory_name =

res/nbwalk/n20000

Not found. Loading
Elapsed time is 0.350198 seconds.

                            < M A T L A B (R) >
                  Copyright 1984-2016 The MathWorks, Inc.
                   R2016b (9.1.0.441655) 64-bit (glnxa64)
                             September 7, 2016


                            < M A T L A B (R) >
                  Copyright 1984-2016 The MathWorks, Inc.
                   R2016b (9.1.0.441655) 64-bit (glnxa64)
                             September 7, 2016


ans =

    -1

 
For online documentation, see http://www.mathworks.com/support
For product information, visit www.mathworks.com.
 
/usr/licensed/bin/matlab -singleCompThread -nodisplay -nosplash -nojvm -r "try, hbm_stats_exec_job(99,'queued_jobs/nbwalk_c2_job.m'), catch fopen('errors/error99','wt+'), end, exit"

The default version of matlab in /usr/licensed/bin is matlab-R2016b 

The following versions are available in /usr/licensed/bin:
	matlab-R2017a
	matlab-R2016b
	matlab-R2016a
	matlab-R2015b
	matlab-R2015a
	matlab-R2014b
	matlab-R2014a
	matlab-R2013b
	matlab-R2013a
	matlab-R2012a

directory_name =

res/nbwalk/n20000

Not found. Loading
 
For online documentation, see http://www.mathworks.com/support
For product information, visit www.mathworks.com.
 
/usr/licensed/bin/matlab -singleCompThread -nodisplay -nosplash -nojvm -r "try, hbm_stats_exec_job(100,'queued_jobs/nbwalk_c2_job.m'), catch fopen('errors/error100','wt+'), end, exit"

The default version of matlab in /usr/licensed/bin is matlab-R2016b 

The following versions are available in /usr/licensed/bin:
	matlab-R2017a
	matlab-R2016b
	matlab-R2016a
	matlab-R2015b
	matlab-R2015a
	matlab-R2014b
	matlab-R2014a
	matlab-R2013b
	matlab-R2013a
	matlab-R2012a

ans =

    -1

Elapsed time is 0.323533 seconds.
/usr/licensed/bin/matlab -singleCompThread -nodisplay -nosplash -nojvm -r "try, hbm_stats_exec_job(101,'queued_jobs/nbwalk_c2_job.m'), catch fopen('errors/error101','wt+'), end, exit"

The default version of matlab in /usr/licensed/bin is matlab-R2016b 

The following versions are available in /usr/licensed/bin:
	matlab-R2017a
	matlab-R2016b
	matlab-R2016a
	matlab-R2015b
	matlab-R2015a
	matlab-R2014b
	matlab-R2014a
	matlab-R2013b
	matlab-R2013a
	matlab-R2012a

directory_name =

res/nbwalk/n20000

Not found. Loading

                            < M A T L A B (R) >
                  Copyright 1984-2016 The MathWorks, Inc.
                   R2016b (9.1.0.441655) 64-bit (glnxa64)
                             September 7, 2016

Elapsed time is 0.353534 seconds.

                            < M A T L A B (R) >
                  Copyright 1984-2016 The MathWorks, Inc.
                   R2016b (9.1.0.441655) 64-bit (glnxa64)
                             September 7, 2016


ans =

    -1

 
For online documentation, see http://www.mathworks.com/support
For product information, visit www.mathworks.com.
 

ans =

    -1

 
For online documentation, see http://www.mathworks.com/support
For product information, visit www.mathworks.com.
 

                            < M A T L A B (R) >
                  Copyright 1984-2016 The MathWorks, Inc.
                   R2016b (9.1.0.441655) 64-bit (glnxa64)
                             September 7, 2016


directory_name =

res/nbwalk/n20000

Not found. Loading
Elapsed time is 0.319010 seconds.

ans =

    -1


directory_name =

res/nbwalk/n20000

Not found. Loading
I should only be getting cancel messages!
Elapsed time is 0.323882 seconds.
 
For online documentation, see http://www.mathworks.com/support
For product information, visit www.mathworks.com.
 

directory_name =

res/nbwalk/n20000

Not found. Loading
Elapsed time is 0.337179 seconds.

ans =

    -1


ans =

    -1


ans =

    -1


iter =

        2000


ans =

    -1


iter =

        2200


ans =

    -1


ans =

    -1


ans =

    -1

