Processor: 1 Job: 0
Processor: 1 Job: 1
Processor: 1 Job: 2
Processor: 1 Job: 3
Processor: 1 Job: 4
Processor: 1 Job: 5
Processor: 1 Job: 6
Processor: 1 Job: 7
Processor: 1 Job: 8
Processor: 1 Job: 9
Processor: 1 Job: 10
Processor: 1 Job: 11
Processor: 1 Job: 12
Processor: 1 Job: 13
Processor: 1 Job: 14
Processor: 1 Job: 15
Processor: 1 Job: 16
Processor: 1 Job: 17
Processor: 1 Job: 18
Processor: 1 Job: 19
Processor: 1 Job: 20
Processor: 1 Job: 21
Processor: 1 Job: 22
Processor: 1 Job: 23
Processor: 1 Job: 24
Processor: 1 Job: 25
Processor: 1 Job: 26
Processor: 1 Job: 27
Processor: 1 Job: 28
Processor: 1 Job: 29
Processor: 1 Job: 30
Processor: 1 Job: 31
Processor: 1 Job: 32
Processor: 1 Job: 33
Processor: 1 Job: 34
Processor: 1 Job: 35
Processor: 1 Job: 36
Processor: 1 Job: 37
Processor: 1 Job: 38
Processor: 1 Job: 39
Processor: 1 Job: 40
Processor: 1 Job: 41
Processor: 1 Job: 42
Processor: 1 Job: 43
Processor: 1 Job: 44
Processor: 1 Job: 45
Processor: 1 Job: 46
Processor: 1 Job: 47
Processor: 1 Job: 48
Processor: 1 Job: 49
Processor: 1 Job: 50
Processor: 1 Job: 51
Processor: 1 Job: 52
Processor: 1 Job: 53
Processor: 1 Job: 54
Processor: 1 Job: 55
Processor: 1 Job: 56
Processor: 1 Job: 57
Processor: 1 Job: 58
Processor: 1 Job: 59
Processor: 1 Job: 60
Processor: 1 Job: 61
Processor: 1 Job: 62
Processor: 1 Job: 63
Processor: 1 Job: 64
Processor: 1 Job: 65
Processor: 1 Job: 66
Processor: 1 Job: 67
Processor: 1 Job: 68
Processor: 1 Job: 69
Processor: 1 Job: 70
Processor: 1 Job: 71
Processor: 1 Job: 72
Processor: 1 Job: 73
Processor: 1 Job: 74
Processor: 1 Job: 75
Processor: 1 Job: 76
Processor: 1 Job: 77
Processor: 1 Job: 78
Processor: 1 Job: 79
Processor: 1 Job: 80
Processor: 1 Job: 81
Processor: 1 Job: 82
Processor: 1 Job: 83
Processor: 1 Job: 84
Processor: 1 Job: 85
Processor: 1 Job: 86
Processor: 1 Job: 87
Processor: 1 Job: 88
Processor: 1 Job: 89
Processor: 1 Job: 90
Processor: 1 Job: 91
Processor: 1 Job: 92
Processor: 1 Job: 93
Processor: 1 Job: 94
Processor: 1 Job: 95
Processor: 1 Job: 96
Processor: 1 Job: 97
Processor: 1 Job: 98
Processor: 1 Job: 99
Processor: 1 Job: 100
Processor: 1 Job: 101
Processor: 1 Job: 102
Processor: 1 Job: 103
Processor: 1 Job: 104
Processor: 1 Job: 105
Processor: 1 Job: 106
Processor: 1 Job: 107
Processor: 1 Job: 108
Processor: 1 Job: 109
Processor: 1 Job: 110
Processor: 1 Job: 111
Processor: 1 Job: 112
Processor: 1 Job: 113
Processor: 1 Job: 114
Processor: 1 Job: 115
Processor: 1 Job: 116
Processor: 1 Job: 117
Processor: 1 Job: 118
Processor: 1 Job: 119
Processor: 1 Job: 120
Processor: 1 Job: 121
Processor: 1 Job: 122
Processor: 1 Job: 123
Processor: 1 Job: 124
Processor: 1 Job: 125
Processor: 1 Job: 126
Processor: 1 Job: 127
Processor: 1 Job: 128
Processor: 1 Job: 129
Processor: 1 Job: 130
Processor: 1 Job: 131
Processor: 1 Job: 132
Processor: 1 Job: 133
Processor: 1 Job: 134
Processor: 1 Job: 135
Processor: 1 Job: 136
Processor: 1 Job: 137
Processor: 1 Job: 138
Processor: 1 Job: 139
Processor: 1 Job: 140
Processor: 1 Job: 141
Processor: 1 Job: 142
Processor: 1 Job: 143
Processor: 1 Job: 144
Processor: 1 Job: 145
Processor: 1 Job: 146
Processor: 1 Job: 147
Processor: 1 Job: 148
Processor: 1 Job: 149
Processor: 1 Job: 150
Processor: 1 Job: 151
Processor: 1 Job: 152
Processor: 1 Job: 153
Processor: 1 Job: 154
Processor: 1 Job: 155
Processor: 1 Job: 156
Processor: 1 Job: 157
Processor: 1 Job: 158
Processor: 1 Job: 159
Processor: 1 Job: 160
Processor: 1 Job: 161
Processor: 1 Job: 162
Processor: 1 Job: 163
Processor: 1 Job: 164
Processor: 1 Job: 165
Processor: 1 Job: 166
Processor: 1 Job: 167
Processor: 1 Job: 168
Processor: 1 Job: 169
Processor: 1 Job: 170
Processor: 1 Job: 171
Processor: 1 Job: 172
Processor: 1 Job: 173
Processor: 1 Job: 174
Processor: 1 Job: 175
Processor: 1 Job: 176
Processor: 1 Job: 177
Processor: 1 Job: 178
Processor: 1 Job: 179
Processor: 1 Job: 180
Processor: 1 Job: 181
Processor: 1 Job: 182
Processor: 1 Job: 183
Processor: 1 Job: 184
Processor: 1 Job: 185
Processor: 1 Job: 186
Processor: 1 Job: 187
Processor: 1 Job: 188
Processor: 1 Job: 189
Processor: 1 Job: 190
Processor: 1 Job: 191
Processor: 1 Job: 192
Processor: 1 Job: 193
Processor: 1 Job: 194
Processor: 1 Job: 195
Processor: 1 Job: 196
Processor: 1 Job: 197
Processor: 1 Job: 198
Processor: 1 Job: 199
Processor: 1 Job: 200
Processor: 1 Job: 201
Processor: 1 Job: 202
Processor: 1 Job: 203
Processor: 1 Job: 204
Processor: 1 Job: 205
Processor: 1 Job: 206
Processor: 1 Job: 207
Processor: 1 Job: 208
Processor: 1 Job: 209
Processor: 1 Job: 210
Processor: 1 Job: 211
Processor: 1 Job: 212
Processor: 1 Job: 213
Processor: 1 Job: 214
Processor: 1 Job: 215
Processor: 1 Job: 216
Processor: 1 Job: 217
Processor: 1 Job: 218
Processor: 1 Job: 219
Processor: 1 Job: 220
Processor: 1 Job: 221
Processor: 1 Job: 222
Processor: 1 Job: 223
Processor: 1 Job: 224
Processor: 1 Job: 225
Processor: 1 Job: 226
Processor: 1 Job: 227
Processor: 1 Job: 228
Processor: 1 Job: 229
Processor: 1 Job: 230
Processor: 1 Job: 231
Processor: 1 Job: 232
Processor: 1 Job: 233
Processor: 1 Job: 234
Processor: 1 Job: 235
Processor: 1 Job: 236
Processor: 1 Job: 237
Processor: 1 Job: 238
Processor: 1 Job: 239
Processor: 1 Job: 240
Processor: 1 Job: 241
Processor: 1 Job: 242
Processor: 1 Job: 243
Processor: 1 Job: 244
Processor: 1 Job: 245
Processor: 1 Job: 246
Processor: 1 Job: 247
Processor: 1 Job: 248
Processor: 1 Job: 249
Processor: 1 Job: 250
Processor: 1 Job: 251
Processor: 1 Job: 252
Processor: 1 Job: 253
Processor: 1 Job: 254
Processor: 1 Job: 255
Processor: 1 Job: 256
Processor: 1 Job: 257
Processor: 1 Job: 258
Processor: 1 Job: 259
Processor: 1 Job: 260
Processor: 1 Job: 261
Processor: 1 Job: 262
Processor: 1 Job: 263
Processor: 1 Job: 264
Processor: 1 Job: 265
Processor: 1 Job: 266
Processor: 1 Job: 267
Processor: 1 Job: 268
Processor: 1 Job: 269
Processor: 1 Job: 270
Processor: 1 Job: 271
Processor: 1 Job: 272
Processor: 1 Job: 273
Processor: 1 Job: 274
Processor: 1 Job: 275
Processor: 1 Job: 276
Processor: 1 Job: 277
Processor: 1 Job: 278
Processor: 1 Job: 279
Processor: 1 Job: 280
Processor: 1 Job: 281
Processor: 1 Job: 282
Processor: 1 Job: 283
Processor: 1 Job: 284
Processor: 1 Job: 285
Processor: 1 Job: 286
Processor: 1 Job: 287
Processor: 1 Job: 288
Processor: 1 Job: 289
Processor: 1 Job: 290
Processor: 1 Job: 291
Processor: 1 Job: 292
Processor: 1 Job: 293
Processor: 1 Job: 294
Processor: 1 Job: 295
Processor: 1 Job: 296
Processor: 1 Job: 297
Processor: 1 Job: 298
Processor: 1 Job: 299
Processor: 1 Job: 300
Processor: 1 Job: 301
Processor: 1 Job: 302
Processor: 1 Job: 303
Processor: 1 Job: 304
Processor: 1 Job: 305
Processor: 1 Job: 306
Processor: 1 Job: 307
Processor: 1 Job: 308
Processor: 1 Job: 309
Processor: 1 Job: 310
Processor: 1 Job: 311
Processor: 1 Job: 312
Processor: 1 Job: 313
Processor: 1 Job: 314
Processor: 1 Job: 315
Processor: 1 Job: 316
Processor: 1 Job: 317
Processor: 1 Job: 318
Processor: 1 Job: 319
Processor: 1 Job: 320
Processor: 1 Job: 321
Processor: 1 Job: 322
Processor: 1 Job: 323
Processor: 1 Job: 324
Processor: 1 Job: 325
Processor: 1 Job: 326
Processor: 1 Job: 327
Processor: 1 Job: 328
Processor: 1 Job: 329
Processor: 1 Job: 330
Processor: 1 Job: 331
Processor: 1 Job: 332
Processor: 1 Job: 333
Processor: 1 Job: 334
Processor: 1 Job: 335
Processor: 1 Job: 336
Processor: 1 Job: 337
Processor: 1 Job: 338
Processor: 1 Job: 339
Processor: 1 Job: 340
Processor: 1 Job: 341
Processor: 1 Job: 342
Processor: 1 Job: 343
Processor: 1 Job: 344
Processor: 1 Job: 345
Processor: 1 Job: 346
Processor: 1 Job: 347
Processor: 1 Job: 348
Processor: 1 Job: 349
Processor: 1 Job: 350
Processor: 1 Job: 351
Processor: 1 Job: 352
Processor: 1 Job: 353
Processor: 1 Job: 354
Processor: 1 Job: 355
Processor: 1 Job: 356
Processor: 1 Job: 357
Processor: 1 Job: 358
Processor: 1 Job: 359
Processor: 1 Job: 360
Processor: 1 Job: 361
Processor: 1 Job: 362
Processor: 1 Job: 363
Processor: 1 Job: 364
Processor: 1 Job: 365
Processor: 1 Job: 366
Processor: 1 Job: 367
Processor: 1 Job: 368
Processor: 1 Job: 369
Processor: 1 Job: 370
Processor: 1 Job: 371
Processor: 1 Job: 372
Processor: 1 Job: 373
Processor: 1 Job: 374
Processor: 1 Job: 375
Processor: 1 Job: 376
Processor: 1 Job: 377
Processor: 1 Job: 378
Processor: 1 Job: 379
Processor: 1 Job: 380
Processor: 1 Job: 381
Processor: 1 Job: 382
Processor: 1 Job: 383
Processor: 1 Job: 384
Processor: 1 Job: 385
Processor: 1 Job: 386
Processor: 1 Job: 387
Processor: 1 Job: 388
Processor: 1 Job: 389
Processor: 1 Job: 390
Processor: 1 Job: 391
Processor: 1 Job: 392
Processor: 1 Job: 393
Processor: 1 Job: 394
Processor: 1 Job: 395
Processor: 1 Job: 396
Processor: 1 Job: 397
Processor: 1 Job: 398
Processor: 1 Job: 399
Processor: 1 Job: 400
Processor: 1 Job: 401
Processor: 1 Job: 402
Processor: 1 Job: 403
Processor: 1 Job: 404
Processor: 1 Job: 405
Processor: 1 Job: 406
Processor: 1 Job: 407
Processor: 1 Job: 408
Processor: 1 Job: 409
Processor: 1 Job: 410
Processor: 1 Job: 411
Processor: 1 Job: 412
Processor: 1 Job: 413
Processor: 1 Job: 414
Processor: 1 Job: 415
Processor: 1 Job: 416
Processor: 1 Job: 417
Processor: 1 Job: 418
Processor: 1 Job: 419
Processor: 1 Job: 420
Processor: 1 Job: 421
Processor: 1 Job: 422
Processor: 1 Job: 423
Processor: 1 Job: 424
Processor: 1 Job: 425
Processor: 1 Job: 426
Processor: 1 Job: 427
Processor: 1 Job: 428
Processor: 1 Job: 429
Processor: 1 Job: 430
Processor: 1 Job: 431
Processor: 1 Job: 432
Processor: 1 Job: 433
Processor: 1 Job: 434
Processor: 1 Job: 435
Processor: 1 Job: 436
Processor: 1 Job: 437
Processor: 1 Job: 438
Processor: 1 Job: 439
Processor: 1 Job: 440
Processor: 1 Job: 441
Processor: 1 Job: 442
Processor: 1 Job: 443
Processor: 1 Job: 444
Processor: 1 Job: 445
Processor: 1 Job: 446
Processor: 1 Job: 447
Processor: 1 Job: 448
Processor: 1 Job: 449
Processor: 1 Job: 450
Processor: 1 Job: 451
Processor: 1 Job: 452
Processor: 1 Job: 453
Processor: 1 Job: 454
Processor: 1 Job: 455
Processor: 1 Job: 456
Processor: 1 Job: 457
Processor: 1 Job: 458
Processor: 1 Job: 459
Processor: 1 Job: 460
Processor: 1 Job: 461
Processor: 1 Job: 462
Processor: 1 Job: 463
Processor: 1 Job: 464
Processor: 1 Job: 465
Processor: 1 Job: 466
Processor: 1 Job: 467
Processor: 1 Job: 468
Processor: 1 Job: 469
Processor: 1 Job: 470
Processor: 1 Job: 471
Processor: 1 Job: 472
Processor: 1 Job: 473
Processor: 1 Job: 474
Processor: 1 Job: 475
Processor: 1 Job: 476
Processor: 1 Job: 477
Processor: 1 Job: 478
Processor: 1 Job: 479
Processor: 1 Job: 480
Processor: 1 Job: 481
Processor: 1 Job: 482
Processor: 1 Job: 483
Processor: 1 Job: 484
Processor: 1 Job: 485
Processor: 1 Job: 486
Processor: 1 Job: 487
Processor: 1 Job: 488
Processor: 1 Job: 489
Processor: 1 Job: 490
Processor: 1 Job: 491
Processor: 1 Job: 492
Processor: 1 Job: 493
Processor: 1 Job: 494
Processor: 1 Job: 495
Processor: 1 Job: 496
Processor: 1 Job: 497
Processor: 1 Job: 498
Processor: 1 Job: 499
Processor: 1 Job: 500
Processor: 1 Job: 501
Processor: 1 Job: 502
Processor: 1 Job: 503
Processor: 1 Job: 504
Processor: 1 Job: 505
Processor: 1 Job: 506
Processor: 1 Job: 507
Processor: 1 Job: 508
Processor: 1 Job: 509
Processor: 1 Job: 510
Processor: 1 Job: 511
Processor: 1 Job: 512
Processor: 1 Job: 513
Processor: 1 Job: 514
Processor: 1 Job: 515
Processor: 1 Job: 516
Processor: 1 Job: 517
Processor: 1 Job: 518
Processor: 1 Job: 519
Processor: 1 Job: 520
Processor: 1 Job: 521
Processor: 1 Job: 522
Processor: 1 Job: 523
Processor: 1 Job: 524
Processor: 1 Job: 525
Processor: 1 Job: 526
Processor: 1 Job: 527
Processor: 1 Job: 528
Processor: 1 Job: 529
Processor: 1 Job: 530
Processor: 1 Job: 531
Processor: 1 Job: 532
Processor: 1 Job: 533
Processor: 1 Job: 534
Processor: 1 Job: 535
Processor: 1 Job: 536
Processor: 1 Job: 537
Processor: 1 Job: 538
Processor: 1 Job: 539
Processor: 1 Job: 540
Processor: 1 Job: 541
Processor: 1 Job: 542
Processor: 1 Job: 543
Processor: 1 Job: 544
Processor: 1 Job: 545
Processor: 1 Job: 546
Processor: 1 Job: 547
Processor: 1 Job: 548
Processor: 1 Job: 549
Processor: 1 Job: 550
Processor: 1 Job: 551
Processor: 1 Job: 552
Processor: 1 Job: 553
Processor: 1 Job: 554
Processor: 1 Job: 555
Processor: 1 Job: 556
Processor: 1 Job: 557
Processor: 1 Job: 558
Processor: 1 Job: 559
Processor: 1 Job: 560
Processor: 1 Job: 561
Processor: 1 Job: 562
Processor: 1 Job: 563
Processor: 1 Job: 564
Processor: 1 Job: 565
Processor: 1 Job: 566
Processor: 1 Job: 567
Processor: 1 Job: 568
Processor: 1 Job: 569
Processor: 1 Job: 570
Processor: 1 Job: 571
Processor: 1 Job: 572
Processor: 1 Job: 573
Processor: 1 Job: 574
Processor: 1 Job: 575
Processor: 1 Job: 576
Processor: 1 Job: 577
Processor: 1 Job: 578
Processor: 1 Job: 579
Processor: 1 Job: 580
Processor: 1 Job: 581
Processor: 1 Job: 582
Processor: 1 Job: 583
Processor: 1 Job: 584
Processor: 1 Job: 585
Processor: 1 Job: 586
Processor: 1 Job: 587
Processor: 1 Job: 588
Processor: 1 Job: 589
Processor: 1 Job: 590
Processor: 1 Job: 591
Processor: 1 Job: 592
Processor: 1 Job: 593
Processor: 1 Job: 594
Processor: 1 Job: 595
Processor: 1 Job: 596
Processor: 1 Job: 597
Processor: 1 Job: 598
Processor: 1 Job: 599
Processor: 1 Job: 600
Processor: 1 Job: 601
Processor: 1 Job: 602
Processor: 1 Job: 603
Processor: 1 Job: 604
Processor: 1 Job: 605
Processor: 1 Job: 606
Processor: 1 Job: 607
Processor: 1 Job: 608
Processor: 1 Job: 609
Processor: 1 Job: 610
Processor: 1 Job: 611
Processor: 1 Job: 612
Processor: 1 Job: 613
Processor: 1 Job: 614
Processor: 1 Job: 615
Processor: 1 Job: 616
Processor: 1 Job: 617
Processor: 1 Job: 618
Processor: 1 Job: 619
Processor: 1 Job: 620
Processor: 1 Job: 621
Processor: 1 Job: 622
Processor: 1 Job: 623
Processor: 1 Job: 624
Processor: 1 Job: 625
Processor: 1 Job: 626
Processor: 1 Job: 627
Processor: 1 Job: 628
Processor: 1 Job: 629
Processor: 1 Job: 630
Processor: 1 Job: 631
Processor: 1 Job: 632
Processor: 1 Job: 633
Processor: 1 Job: 634
Processor: 1 Job: 635
Processor: 1 Job: 636
Processor: 1 Job: 637
Processor: 1 Job: 638
Processor: 1 Job: 639
Processor: 1 Job: 640
Processor: 1 Job: 641
Processor: 1 Job: 642
Processor: 1 Job: 643
Processor: 1 Job: 644
Processor: 1 Job: 645
Processor: 1 Job: 646
Processor: 1 Job: 647
Processor: 1 Job: 648
Processor: 1 Job: 649
Processor: 1 Job: 650
Processor: 1 Job: 651
Processor: 1 Job: 652
Processor: 1 Job: 653
Processor: 1 Job: 654
Processor: 1 Job: 655
Processor: 1 Job: 656
Processor: 1 Job: 657
Processor: 1 Job: 658
Processor: 1 Job: 659
Processor: 1 Job: 660
Processor: 1 Job: 661
Processor: 1 Job: 662
Processor: 1 Job: 663
Processor: 1 Job: 664
Processor: 1 Job: 665
Processor: 1 Job: 666
Processor: 1 Job: 667
Processor: 1 Job: 668
Processor: 1 Job: 669
Processor: 1 Job: 670
Processor: 1 Job: 671
Processor: 1 Job: 672
Processor: 1 Job: 673
Processor: 1 Job: 674
Processor: 1 Job: 675
Processor: 1 Job: 676
Processor: 1 Job: 677
Processor: 1 Job: 678
Processor: 1 Job: 679
Processor: 1 Job: 680
Processor: 1 Job: 681
Processor: 1 Job: 682
Processor: 1 Job: 683
Processor: 1 Job: 684
Processor: 1 Job: 685
Processor: 1 Job: 686
Processor: 1 Job: 687
Processor: 1 Job: 688
Processor: 1 Job: 689
Processor: 1 Job: 690
Processor: 1 Job: 691
Processor: 1 Job: 692
Processor: 1 Job: 693
Processor: 1 Job: 694
Processor: 1 Job: 695
Processor: 1 Job: 696
Processor: 1 Job: 697
Processor: 1 Job: 698
Processor: 1 Job: 699
Processor: 1 Job: 700
Processor: 1 Job: 701
Processor: 1 Job: 702
Processor: 1 Job: 703
Processor: 1 Job: 704
Processor: 1 Job: 705
Processor: 1 Job: 706
Processor: 1 Job: 707
Processor: 1 Job: 708
Processor: 1 Job: 709
Processor: 1 Job: 710
Processor: 1 Job: 711
Processor: 1 Job: 712
Processor: 1 Job: 713
Processor: 1 Job: 714
Processor: 1 Job: 715
Processor: 1 Job: 716
Processor: 1 Job: 717
Processor: 1 Job: 718
Processor: 1 Job: 719
Processor: 1 Job: 720
Processor: 1 Job: 721
Processor: 1 Job: 722
Processor: 1 Job: 723
Processor: 1 Job: 724
Processor: 1 Job: 725
Processor: 1 Job: 726
Processor: 1 Job: 727
Processor: 1 Job: 728
Processor: 1 Job: 729
Processor: 1 Job: 730
Processor: 1 Job: 731
Processor: 1 Job: 732
Processor: 1 Job: 733
Processor: 1 Job: 734
Processor: 1 Job: 735
Processor: 1 Job: 736
Processor: 1 Job: 737
Processor: 1 Job: 738
Processor: 1 Job: 739
Processor: 1 Job: 740
Processor: 1 Job: 741
Processor: 1 Job: 742
Processor: 1 Job: 743
Processor: 1 Job: 744
Processor: 1 Job: 745
Processor: 1 Job: 746
Processor: 1 Job: 747
Processor: 1 Job: 748
Processor: 1 Job: 749
Processor: 1 Job: 750
Processor: 1 Job: 751
Processor: 1 Job: 752
Processor: 1 Job: 753
Processor: 1 Job: 754
Processor: 1 Job: 755
Processor: 1 Job: 756
Processor: 1 Job: 757
Processor: 1 Job: 758
Processor: 1 Job: 759
Processor: 1 Job: 760
Processor: 1 Job: 761
Processor: 1 Job: 762
Processor: 1 Job: 763
Processor: 1 Job: 764
Processor: 1 Job: 765
Processor: 1 Job: 766
Processor: 1 Job: 767
Processor: 1 Job: 768
Processor: 1 Job: 769
Processor: 1 Job: 770
Processor: 1 Job: 771
Processor: 1 Job: 772
Processor: 1 Job: 773
Processor: 1 Job: 774
Processor: 1 Job: 775
Processor: 1 Job: 776
Processor: 1 Job: 777
Processor: 1 Job: 778
Processor: 1 Job: 779
Processor: 1 Job: 780
Processor: 1 Job: 781
Processor: 1 Job: 782
Processor: 1 Job: 783
Processor: 1 Job: 784
Processor: 1 Job: 785
Processor: 1 Job: 786
Processor: 1 Job: 787
Processor: 1 Job: 788
Processor: 1 Job: 789
Processor: 1 Job: 790
Processor: 1 Job: 791
Processor: 1 Job: 792
Processor: 1 Job: 793
Processor: 1 Job: 794
Processor: 1 Job: 795
Processor: 1 Job: 796
Processor: 1 Job: 797
Processor: 1 Job: 798
Processor: 1 Job: 799
Processor: 1 Job: 800
Processor: 1 Job: 801
Processor: 1 Job: 802
Processor: 1 Job: 803
Processor: 1 Job: 804
Processor: 1 Job: 805
Processor: 1 Job: 806
Processor: 1 Job: 807
Processor: 1 Job: 808
Processor: 1 Job: 809
Processor: 1 Job: 810
Processor: 1 Job: 811
Processor: 1 Job: 812
Processor: 1 Job: 813
Processor: 1 Job: 814
Processor: 1 Job: 815
Processor: 1 Job: 816
Processor: 1 Job: 817
Processor: 1 Job: 818
Processor: 1 Job: 819
Processor: 1 Job: 820
Processor: 1 Job: 821
Processor: 1 Job: 822
Processor: 1 Job: 823
Processor: 1 Job: 824
Processor: 1 Job: 825
Processor: 1 Job: 826
Processor: 1 Job: 827
Processor: 1 Job: 828
Processor: 1 Job: 829
Processor: 1 Job: 830
Processor: 1 Job: 831
Processor: 1 Job: 832
Processor: 1 Job: 833
Processor: 1 Job: 834
Processor: 1 Job: 835
Processor: 1 Job: 836
Processor: 1 Job: 837
Processor: 1 Job: 838
Processor: 1 Job: 839
Processor: 1 Job: 840
Processor: 1 Job: 841
Processor: 1 Job: 842
Processor: 1 Job: 843
Processor: 1 Job: 844
Processor: 1 Job: 845
Processor: 1 Job: 846
Processor: 1 Job: 847
Processor: 1 Job: 848
Processor: 1 Job: 849
Processor: 1 Job: 850
Processor: 1 Job: 851
Processor: 1 Job: 852
Processor: 1 Job: 853
Processor: 1 Job: 854
Processor: 1 Job: 855
Processor: 1 Job: 856
Processor: 1 Job: 857
Processor: 1 Job: 858
Processor: 1 Job: 859
Processor: 1 Job: 860
Processor: 1 Job: 861
Processor: 1 Job: 862
Processor: 1 Job: 863
Processor: 1 Job: 864
Processor: 1 Job: 865
Processor: 1 Job: 866
Processor: 1 Job: 867
Processor: 1 Job: 868
Processor: 1 Job: 869
Processor: 1 Job: 870
Processor: 1 Job: 871
Processor: 1 Job: 872
Processor: 1 Job: 873
Processor: 1 Job: 874
Processor: 1 Job: 875
Processor: 1 Job: 876
Processor: 1 Job: 877
Processor: 1 Job: 878
Processor: 1 Job: 879
Processor: 1 Job: 880
Processor: 1 Job: 881
Processor: 1 Job: 882
Processor: 1 Job: 883
Processor: 1 Job: 884
Processor: 1 Job: 885
Processor: 1 Job: 886
Processor: 1 Job: 887
Processor: 1 Job: 888
Processor: 1 Job: 889
Processor: 1 Job: 890
Processor: 1 Job: 891
Processor: 1 Job: 892
Processor: 1 Job: 893
Processor: 1 Job: 894
Processor: 1 Job: 895
Processor: 1 Job: 896
Processor: 1 Job: 897
Processor: 1 Job: 898
Processor: 1 Job: 899
Processor: 1 Job: 900
Processor: 1 Job: 901
Processor: 1 Job: 902
Processor: 1 Job: 903
Processor: 1 Job: 904
Processor: 1 Job: 905
Processor: 1 Job: 906
Processor: 1 Job: 907
Processor: 1 Job: 908
Processor: 1 Job: 909
Processor: 1 Job: 910
Processor: 1 Job: 911
Processor: 1 Job: 912
Processor: 1 Job: 913
Processor: 1 Job: 914
Processor: 1 Job: 915
Processor: 1 Job: 916
Processor: 1 Job: 917
Processor: 1 Job: 918
Processor: 1 Job: 919
Processor: 1 Job: 920
Processor: 1 Job: 921
Processor: 1 Job: 922
Processor: 1 Job: 923
Processor: 1 Job: 924
Processor: 1 Job: 925
Processor: 1 Job: 926
Processor: 1 Job: 927
Processor: 1 Job: 928
Processor: 1 Job: 929
Processor: 1 Job: 930
Processor: 1 Job: 931
Processor: 1 Job: 932
Processor: 1 Job: 933
Processor: 1 Job: 934
Processor: 1 Job: 935
Processor: 1 Job: 936
Processor: 1 Job: 937
Processor: 1 Job: 938
Processor: 1 Job: 939
Processor: 1 Job: 940
Processor: 1 Job: 941
Processor: 1 Job: 942
Processor: 1 Job: 943
Processor: 1 Job: 944
Processor: 1 Job: 945
Processor: 1 Job: 946
Processor: 1 Job: 947
Processor: 1 Job: 948
Processor: 1 Job: 949
Processor: 1 Job: 950
Processor: 1 Job: 951
Processor: 1 Job: 952
Processor: 1 Job: 953
Processor: 1 Job: 954
Processor: 1 Job: 955
Processor: 1 Job: 956
Processor: 1 Job: 957
Processor: 1 Job: 958
Processor: 1 Job: 959
Processor: 1 Job: 960
Processor: 1 Job: 961
Processor: 1 Job: 962
Processor: 1 Job: 963
Processor: 1 Job: 964
Processor: 1 Job: 965
Processor: 1 Job: 966
Processor: 1 Job: 967
Processor: 1 Job: 968
Processor: 1 Job: 969
Processor: 1 Job: 970
Processor: 1 Job: 971
Processor: 1 Job: 972
Processor: 1 Job: 973
Processor: 1 Job: 974
Processor: 1 Job: 975
Processor: 1 Job: 976
Processor: 1 Job: 977
Processor: 1 Job: 978
Processor: 1 Job: 979
Processor: 1 Job: 980
Processor: 1 Job: 981
Processor: 1 Job: 982
Processor: 1 Job: 983
Processor: 1 Job: 984
Processor: 1 Job: 985
Processor: 1 Job: 986
Processor: 1 Job: 987
Processor: 1 Job: 988
Processor: 1 Job: 989
Processor: 1 Job: 990
Processor: 1 Job: 991
Processor: 1 Job: 992
Processor: 1 Job: 993
Processor: 1 Job: 994
Processor: 1 Job: 995
Processor: 1 Job: 996
Processor: 1 Job: 997
Processor: 1 Job: 998
Processor: 1 Job: 999
