
The default version of matlab in /usr/licensed/bin is matlab-R2016b 

The following versions are available in /usr/licensed/bin:
	matlab-R2017b
	matlab-R2017a
	matlab-R2016b
	matlab-R2016a
	matlab-R2015b
	matlab-R2015a
	matlab-R2014b
	matlab-R2014a
	matlab-R2013b
	matlab-R2013a
	matlab-R2012a
MATLAB is selecting SOFTWARE OPENGL rendering.

                            < M A T L A B (R) >
                  Copyright 1984-2016 The MathWorks, Inc.
                   R2016b (9.1.0.441655) 64-bit (glnxa64)
                             September 7, 2016

 
To get started, type one of these: helpwin, helpdesk, or demo.
For product information, visit www.mathworks.com.
 

class_name =

randwalk (clean 1) (pow 0)


n =

   100

Starting parallel pool (parpool) using the 'local' profile ... [Warning: The system time zone setting, 'US/Eastern', does not specify a single
time zone unambiguously. It will be treated as 'America/New_York'. See the <a
href="matlab:doc('datetime.TimeZone')">datetime.TimeZone property</a> for
details about specifying time zones.] 
[> In verifyTimeZone (line 23)
  In datetime (line 503)
  In parallel.internal.cluster.DefaultProperties.getNewJobPropStruct (line 16)
  In parallel.internal.cluster.CJSSupport/buildJob (line 151)
  In parallel.cluster.CJSCluster/buildCommunicatingJob (line 452)
  In parallel.Cluster/createCommunicatingJob (line 89)
  In parallel.internal.pool.InteractiveClient>iCreateCommunicatingJob (line 714)
  In parallel.internal.pool.InteractiveClient/start (line 325)
  In parallel.Pool>iStartClient (line 567)
  In parallel.Pool.hBuildPool (line 446)
  In parallel.internal.pool.doParpool (line 15)
  In parpool (line 89)
  In parallel.internal.pool.PoolArrayManager.getOrAutoCreateWithCleanup (line 49)
  In pctTryCreatePoolIfNecessary (line 23)
  In distcomp.remoteparfor.tryRemoteParfor
  In parallel_function (line 433)
  In agree_vals_sbm (line 11)
  In sbm_class_stats (line 120)] 
connected to 12 workers.
Running randwalk_classifier
Running randwalk_classifier
Running randwalk_classifier
Running randwalk_classifier
Running randwalk_classifier
Running randwalk_classifier
Running randwalk_classifier
Running randwalk_classifier
Running randwalk_classifier
Running randwalk_classifier
Running randwalk_classifier
Running randwalk_classifier
Running randwalk_classifier
Running randwalk_classifier
Running randwalk_classifier
Running randwalk_classifier
Running randwalk_classifier
Running randwalk_classifier
Running randwalk_classifier
Running randwalk_classifier
Running randwalk_classifier
Running randwalk_classifier
Running randwalk_classifier
Running randwalk_classifier
Running randwalk_classifier
Running randwalk_classifier
Running randwalk_classifier
Running randwalk_classifier
Running randwalk_classifier
Running randwalk_classifier
Running randwalk_classifier
Running randwalk_classifier
Running randwalk_classifier
Running randwalk_classifier
Running randwalk_classifier
Running randwalk_classifier
Running randwalk_classifier
Running randwalk_classifier
Running randwalk_classifier
Running randwalk_classifier
Running randwalk_classifier
Running randwalk_classifier
Running randwalk_classifier
Running randwalk_classifier
Running randwalk_classifier
Running randwalk_classifier
Running randwalk_classifier
Running randwalk_classifier
Running randwalk_classifier
Running randwalk_classifier

class_name =

randwalk (clean 1) (pow 0.15)


n =

   100

Running randwalk_classifier
Running randwalk_classifier
Running randwalk_classifier
Running randwalk_classifier
Running randwalk_classifier
Running randwalk_classifier
Running randwalk_classifier
Running randwalk_classifier
Running randwalk_classifier
Running randwalk_classifier
Running randwalk_classifier
Running randwalk_classifier
Running randwalk_classifier
Running randwalk_classifier
Running randwalk_classifier
Running randwalk_classifier
Running randwalk_classifier
Running randwalk_classifier
Running randwalk_classifier
Running randwalk_classifier
Running randwalk_classifier
Running randwalk_classifier
Running randwalk_classifier
Running randwalk_classifier
Running randwalk_classifier
Running randwalk_classifier
Running randwalk_classifier
Running randwalk_classifier
Running randwalk_classifier
Running randwalk_classifier
Running randwalk_classifier
Running randwalk_classifier
Running randwalk_classifier
Running randwalk_classifier
Running randwalk_classifier
Running randwalk_classifier
Running randwalk_classifier
Running randwalk_classifier
Running randwalk_classifier
Running randwalk_classifier
Running randwalk_classifier
Running randwalk_classifier
Running randwalk_classifier
Running randwalk_classifier
Running randwalk_classifier
Running randwalk_classifier
Running randwalk_classifier
Running randwalk_classifier
Running randwalk_classifier
Running randwalk_classifier

n =

   200

Running randwalk_classifier
Running randwalk_classifier
Running randwalk_classifier
Running randwalk_classifier
Running randwalk_classifier
Running randwalk_classifier
Running randwalk_classifier
Running randwalk_classifier
Running randwalk_classifier
Running randwalk_classifier
Running randwalk_classifier
Running randwalk_classifier
Running randwalk_classifier
Running randwalk_classifier
Running randwalk_classifier
Running randwalk_classifier
Running randwalk_classifier
Running randwalk_classifier
Running randwalk_classifier
Running randwalk_classifier
Running randwalk_classifier
Running randwalk_classifier
Running randwalk_classifier
Running randwalk_classifier
Running randwalk_classifier
Running randwalk_classifier
Running randwalk_classifier
Running randwalk_classifier
Running randwalk_classifier
Running randwalk_classifier
Running randwalk_classifier
Running randwalk_classifier
Running randwalk_classifier
Running randwalk_classifier
Running randwalk_classifier
Running randwalk_classifier
Running randwalk_classifier
Running randwalk_classifier
Running randwalk_classifier
Running randwalk_classifier
Running randwalk_classifier
Running randwalk_classifier
Running randwalk_classifier
Running randwalk_classifier
Running randwalk_classifier
Running randwalk_classifier
Running randwalk_classifier
Running randwalk_classifier
Running randwalk_classifier
Running randwalk_classifier

n =

   300

Running randwalk_classifier
Running randwalk_classifier
Running randwalk_classifier
Running randwalk_classifier
Running randwalk_classifier
Running randwalk_classifier
Running randwalk_classifier
Running randwalk_classifier
Running randwalk_classifier
Running randwalk_classifier
Running randwalk_classifier
Running randwalk_classifier
Running randwalk_classifier
Running randwalk_classifier
Running randwalk_classifier
Running randwalk_classifier
Running randwalk_classifier
Running randwalk_classifier
Running randwalk_classifier
Running randwalk_classifier
Running randwalk_classifier
Running randwalk_classifier
Running randwalk_classifier
Running randwalk_classifier
Running randwalk_classifier
Running randwalk_classifier
Running randwalk_classifier
Running randwalk_classifier
Running randwalk_classifier
Running randwalk_classifier
Running randwalk_classifier
Running randwalk_classifier
Running randwalk_classifier
Running randwalk_classifier
Running randwalk_classifier
Running randwalk_classifier
Running randwalk_classifier
Running randwalk_classifier
Running randwalk_classifier
Running randwalk_classifier
Running randwalk_classifier
Running randwalk_classifier
Running randwalk_classifier
Running randwalk_classifier
Running randwalk_classifier
Running randwalk_classifier
Running randwalk_classifier
Running randwalk_classifier
Running randwalk_classifier
Running randwalk_classifier

n =

   400

Running randwalk_classifier
Running randwalk_classifier
Running randwalk_classifier
Running randwalk_classifier
Running randwalk_classifier
Running randwalk_classifier
Running randwalk_classifier
Running randwalk_classifier
Running randwalk_classifier
Running randwalk_classifier
Running randwalk_classifier
Running randwalk_classifier
Running randwalk_classifier
Running randwalk_classifier
Running randwalk_classifier
Running randwalk_classifier
Running randwalk_classifier
Running randwalk_classifier
Running randwalk_classifier
Running randwalk_classifier
Running randwalk_classifier
Running randwalk_classifier
Running randwalk_classifier
Running randwalk_classifier
Running randwalk_classifier
Running randwalk_classifier
Running randwalk_classifier
Running randwalk_classifier
Running randwalk_classifier
Running randwalk_classifier
Running randwalk_classifier
Running randwalk_classifier
Running randwalk_classifier
Running randwalk_classifier
Running randwalk_classifier
Running randwalk_classifier
Running randwalk_classifier
Running randwalk_classifier
Running randwalk_classifier
Running randwalk_classifier
Running randwalk_classifier
Running randwalk_classifier
Running randwalk_classifier
Running randwalk_classifier
Running randwalk_classifier
Running randwalk_classifier
Running randwalk_classifier
Running randwalk_classifier
Running randwalk_classifier
Running randwalk_classifier

n =

   500

Running randwalk_classifier
Running randwalk_classifier
Running randwalk_classifier
Running randwalk_classifier
Running randwalk_classifier
Running randwalk_classifier
Running randwalk_classifier
Running randwalk_classifier
Running randwalk_classifier
Running randwalk_classifier
Running randwalk_classifier
Running randwalk_classifier
Running randwalk_classifier
Running randwalk_classifier
Running randwalk_classifier
Running randwalk_classifier
Running randwalk_classifier
Running randwalk_classifier
Running randwalk_classifier
Running randwalk_classifier
Running randwalk_classifier
Running randwalk_classifier
Running randwalk_classifier
Running randwalk_classifier
Running randwalk_classifier
Running randwalk_classifier
Running randwalk_classifier
Running randwalk_classifier
Running randwalk_classifier
Running randwalk_classifier
Running randwalk_classifier
Running randwalk_classifier
Running randwalk_classifier
Running randwalk_classifier
Running randwalk_classifier
Running randwalk_classifier
Running randwalk_classifier
Running randwalk_classifier
Running randwalk_classifier
Running randwalk_classifier
Running randwalk_classifier
Running randwalk_classifier
Running randwalk_classifier
Running randwalk_classifier
Running randwalk_classifier
Running randwalk_classifier
Running randwalk_classifier
Running randwalk_classifier
Running randwalk_classifier
Running randwalk_classifier

n =

   600

Running randwalk_classifier
Running randwalk_classifier
Running randwalk_classifier
Running randwalk_classifier
Running randwalk_classifier
Running randwalk_classifier
Running randwalk_classifier
Running randwalk_classifier
Running randwalk_classifier
Running randwalk_classifier
Running randwalk_classifier
Running randwalk_classifier
Running randwalk_classifier
Running randwalk_classifier
Running randwalk_classifier
Running randwalk_classifier
Running randwalk_classifier
Running randwalk_classifier
Running randwalk_classifier
Running randwalk_classifier
Running randwalk_classifier
Running randwalk_classifier
Running randwalk_classifier
Running randwalk_classifier
Running randwalk_classifier
Running randwalk_classifier
Running randwalk_classifier
Running randwalk_classifier
Running randwalk_classifier
Running randwalk_classifier
Running randwalk_classifier
Running randwalk_classifier
Running randwalk_classifier
Running randwalk_classifier
Running randwalk_classifier
Running randwalk_classifier
Running randwalk_classifier
Running randwalk_classifier
Running randwalk_classifier
Running randwalk_classifier
Running randwalk_classifier
Running randwalk_classifier
Running randwalk_classifier
Running randwalk_classifier
Running randwalk_classifier
Running randwalk_classifier
Running randwalk_classifier
Running randwalk_classifier
Running randwalk_classifier
Running randwalk_classifier

n =

   700

Running randwalk_classifier
Running randwalk_classifier
Running randwalk_classifier
Running randwalk_classifier
Running randwalk_classifier
Running randwalk_classifier
Running randwalk_classifier
Running randwalk_classifier
Running randwalk_classifier
Running randwalk_classifier
Running randwalk_classifier
Running randwalk_classifier
Running randwalk_classifier
Running randwalk_classifier
Running randwalk_classifier
Running randwalk_classifier
Running randwalk_classifier
Running randwalk_classifier
Running randwalk_classifier
Running randwalk_classifier
Running randwalk_classifier
Running randwalk_classifier
Running randwalk_classifier
Running randwalk_classifier
Running randwalk_classifier
Running randwalk_classifier
Running randwalk_classifier
Running randwalk_classifier
Running randwalk_classifier
Running randwalk_classifier
Running randwalk_classifier
Running randwalk_classifier
Running randwalk_classifier
Running randwalk_classifier
Running randwalk_classifier
Running randwalk_classifier
Running randwalk_classifier
Running randwalk_classifier
Running randwalk_classifier
Running randwalk_classifier
Running randwalk_classifier
Running randwalk_classifier
Running randwalk_classifier
Running randwalk_classifier
Running randwalk_classifier
Running randwalk_classifier
Running randwalk_classifier
Running randwalk_classifier
Running randwalk_classifier
Running randwalk_classifier

n =

   800

Running randwalk_classifier
Running randwalk_classifier
Running randwalk_classifier
Running randwalk_classifier
Running randwalk_classifier
Running randwalk_classifier
Running randwalk_classifier
Running randwalk_classifier
Running randwalk_classifier
Running randwalk_classifier
Running randwalk_classifier
Running randwalk_classifier
Running randwalk_classifier
Running randwalk_classifier
Running randwalk_classifier
Running randwalk_classifier
Running randwalk_classifier
Running randwalk_classifier
Running randwalk_classifier
Running randwalk_classifier
Running randwalk_classifier
Running randwalk_classifier
Running randwalk_classifier
Running randwalk_classifier
Running randwalk_classifier
Running randwalk_classifier
Running randwalk_classifier
Running randwalk_classifier
Running randwalk_classifier
Running randwalk_classifier
Running randwalk_classifier
Running randwalk_classifier
Running randwalk_classifier
Running randwalk_classifier
Running randwalk_classifier
Running randwalk_classifier
Running randwalk_classifier
Running randwalk_classifier
Running randwalk_classifier
Running randwalk_classifier
Running randwalk_classifier
Running randwalk_classifier
Running randwalk_classifier
Running randwalk_classifier
Running randwalk_classifier
Running randwalk_classifier
Running randwalk_classifier
Running randwalk_classifier
Running randwalk_classifier
Running randwalk_classifier

n =

   900

Running randwalk_classifier
Running randwalk_classifier
Running randwalk_classifier
Running randwalk_classifier
Running randwalk_classifier
Running randwalk_classifier
Running randwalk_classifier
Running randwalk_classifier
Running randwalk_classifier
Running randwalk_classifier
Running randwalk_classifier
Running randwalk_classifier
Running randwalk_classifier
Running randwalk_classifier
Running randwalk_classifier
Running randwalk_classifier
Running randwalk_classifier
Running randwalk_classifier
Running randwalk_classifier
Running randwalk_classifier
Running randwalk_classifier
Running randwalk_classifier
Running randwalk_classifier
Running randwalk_classifier
Running randwalk_classifier
Running randwalk_classifier
Running randwalk_classifier
Running randwalk_classifier
Running randwalk_classifier
Running randwalk_classifier
Running randwalk_classifier
Running randwalk_classifier
Running randwalk_classifier
Running randwalk_classifier
Running randwalk_classifier
Running randwalk_classifier
Running randwalk_classifier
Running randwalk_classifier
Running randwalk_classifier
Running randwalk_classifier
Running randwalk_classifier
Running randwalk_classifier
Running randwalk_classifier
Running randwalk_classifier
Running randwalk_classifier
Running randwalk_classifier
Running randwalk_classifier
Running randwalk_classifier
Running randwalk_classifier
Running randwalk_classifier

n =

        1000

Running randwalk_classifier
Running randwalk_classifier
Running randwalk_classifier
Running randwalk_classifier
Running randwalk_classifier
Running randwalk_classifier
Running randwalk_classifier
Running randwalk_classifier
Running randwalk_classifier
Running randwalk_classifier
Running randwalk_classifier
Running randwalk_classifier
Running randwalk_classifier
Running randwalk_classifier
Running randwalk_classifier
Running randwalk_classifier
Running randwalk_classifier
Running randwalk_classifier
Running randwalk_classifier
Running randwalk_classifier
Running randwalk_classifier
Running randwalk_classifier
Running randwalk_classifier
Running randwalk_classifier
Running randwalk_classifier
Running randwalk_classifier
Running randwalk_classifier
Running randwalk_classifier
Running randwalk_classifier
Running randwalk_classifier
Running randwalk_classifier
Running randwalk_classifier
Running randwalk_classifier
Running randwalk_classifier
Running randwalk_classifier
Running randwalk_classifier
Running randwalk_classifier
Running randwalk_classifier
Running randwalk_classifier
Running randwalk_classifier
Running randwalk_classifier
Running randwalk_classifier
Running randwalk_classifier
Running randwalk_classifier
Running randwalk_classifier
Running randwalk_classifier
Running randwalk_classifier
Running randwalk_classifier
Running randwalk_classifier
Running randwalk_classifier

n =

        2000

Running randwalk_classifier
Running randwalk_classifier
Running randwalk_classifier
Running randwalk_classifier
Running randwalk_classifier
Running randwalk_classifier
Running randwalk_classifier
Running randwalk_classifier
Running randwalk_classifier
Running randwalk_classifier
Running randwalk_classifier
Running randwalk_classifier
Running randwalk_classifier
Running randwalk_classifier
Running randwalk_classifier
Running randwalk_classifier
Running randwalk_classifier
Running randwalk_classifier
Running randwalk_classifier
Running randwalk_classifier
Running randwalk_classifier
Running randwalk_classifier
Running randwalk_classifier
Running randwalk_classifier
Running randwalk_classifier
Running randwalk_classifier
Running randwalk_classifier
Running randwalk_classifier
Running randwalk_classifier
Running randwalk_classifier
Running randwalk_classifier
Running randwalk_classifier
Running randwalk_classifier
Running randwalk_classifier
Running randwalk_classifier
Running randwalk_classifier
Running randwalk_classifier
Running randwalk_classifier
Running randwalk_classifier
Running randwalk_classifier
Running randwalk_classifier
Running randwalk_classifier
Running randwalk_classifier
Running randwalk_classifier
Running randwalk_classifier
Running randwalk_classifier
Running randwalk_classifier
Running randwalk_classifier
Running randwalk_classifier
Running randwalk_classifier

n =

        3000

Running randwalk_classifier
Running randwalk_classifier
Running randwalk_classifier
Running randwalk_classifier
Running randwalk_classifier
Running randwalk_classifier
Running randwalk_classifier
Running randwalk_classifier
Running randwalk_classifier
Running randwalk_classifier
Running randwalk_classifier
Running randwalk_classifier
Running randwalk_classifier
Running randwalk_classifier
Running randwalk_classifier
Running randwalk_classifier
Running randwalk_classifier
Running randwalk_classifier
Running randwalk_classifier
Running randwalk_classifier
Running randwalk_classifier
Running randwalk_classifier
Running randwalk_classifier
Running randwalk_classifier
Running randwalk_classifier
Running randwalk_classifier
Running randwalk_classifier
Running randwalk_classifier
Running randwalk_classifier
Running randwalk_classifier
Running randwalk_classifier
Running randwalk_classifier
Running randwalk_classifier
Running randwalk_classifier
Running randwalk_classifier
Running randwalk_classifier
Running randwalk_classifier
Running randwalk_classifier
Running randwalk_classifier
Running randwalk_classifier
Running randwalk_classifier
Running randwalk_classifier
Running randwalk_classifier
Running randwalk_classifier
Running randwalk_classifier
Running randwalk_classifier
Running randwalk_classifier
Running randwalk_classifier
Running randwalk_classifier
Running randwalk_classifier

n =

        4000

Running randwalk_classifier
Running randwalk_classifier
Running randwalk_classifier
Running randwalk_classifier
Running randwalk_classifier
Running randwalk_classifier
Running randwalk_classifier
Running randwalk_classifier
Running randwalk_classifier
Running randwalk_classifier
Running randwalk_classifier
Running randwalk_classifier
Running randwalk_classifier
Running randwalk_classifier
Running randwalk_classifier
Running randwalk_classifier
Running randwalk_classifier
Running randwalk_classifier
Running randwalk_classifier
Running randwalk_classifier
Running randwalk_classifier
Running randwalk_classifier
Running randwalk_classifier
Running randwalk_classifier
Running randwalk_classifier
Running randwalk_classifier
Running randwalk_classifier
Running randwalk_classifier
Running randwalk_classifier
Running randwalk_classifier
Running randwalk_classifier
Running randwalk_classifier
Running randwalk_classifier
Running randwalk_classifier
Running randwalk_classifier
Running randwalk_classifier
Running randwalk_classifier
Running randwalk_classifier
Running randwalk_classifier
Running randwalk_classifier
Running randwalk_classifier
Running randwalk_classifier
Running randwalk_classifier
Running randwalk_classifier
Running randwalk_classifier
Running randwalk_classifier
Running randwalk_classifier
Running randwalk_classifier
Running randwalk_classifier
Running randwalk_classifier

n =

        5000

Running randwalk_classifier
Running randwalk_classifier
Running randwalk_classifier
Running randwalk_classifier
Running randwalk_classifier
Running randwalk_classifier
Running randwalk_classifier
Running randwalk_classifier
Running randwalk_classifier
Running randwalk_classifier
Running randwalk_classifier
Running randwalk_classifier
Running randwalk_classifier
Running randwalk_classifier
Running randwalk_classifier
Running randwalk_classifier
Running randwalk_classifier
Running randwalk_classifier
Running randwalk_classifier
Running randwalk_classifier
Running randwalk_classifier
Running randwalk_classifier
Running randwalk_classifier
Running randwalk_classifier
Running randwalk_classifier
Running randwalk_classifier
Running randwalk_classifier
Running randwalk_classifier
Running randwalk_classifier
Running randwalk_classifier
Running randwalk_classifier
Running randwalk_classifier
Running randwalk_classifier
Running randwalk_classifier
Running randwalk_classifier
Running randwalk_classifier
Running randwalk_classifier
Running randwalk_classifier
Running randwalk_classifier
Running randwalk_classifier
Running randwalk_classifier
Running randwalk_classifier
Running randwalk_classifier
Running randwalk_classifier
Running randwalk_classifier
Running randwalk_classifier
Running randwalk_classifier
Running randwalk_classifier
Running randwalk_classifier
Running randwalk_classifier

n =

        6000

Running randwalk_classifier
Running randwalk_classifier
Running randwalk_classifier
Running randwalk_classifier
Running randwalk_classifier
Running randwalk_classifier
Running randwalk_classifier
Running randwalk_classifier
Running randwalk_classifier
Running randwalk_classifier
Running randwalk_classifier
Running randwalk_classifier
Running randwalk_classifier
Running randwalk_classifier
Running randwalk_classifier
Running randwalk_classifier
Running randwalk_classifier
Running randwalk_classifier
Running randwalk_classifier
Running randwalk_classifier
Running randwalk_classifier
Running randwalk_classifier
Running randwalk_classifier
Running randwalk_classifier
Running randwalk_classifier
Running randwalk_classifier
Running randwalk_classifier
Running randwalk_classifier
Running randwalk_classifier
Running randwalk_classifier
Running randwalk_classifier
Running randwalk_classifier
Running randwalk_classifier
Running randwalk_classifier
Running randwalk_classifier
Running randwalk_classifier
Running randwalk_classifier
Running randwalk_classifier
Running randwalk_classifier
Running randwalk_classifier
Running randwalk_classifier
Running randwalk_classifier
Running randwalk_classifier
Running randwalk_classifier
Running randwalk_classifier
Running randwalk_classifier
Running randwalk_classifier
Running randwalk_classifier
Running randwalk_classifier
Running randwalk_classifier

class_name =

randwalk (clean 1) (pow 0.3)


n =

   100

Running randwalk_classifier
Running randwalk_classifier
Running randwalk_classifier
Running randwalk_classifier
Running randwalk_classifier
Running randwalk_classifier
Running randwalk_classifier
Running randwalk_classifier
Running randwalk_classifier
Running randwalk_classifier
Running randwalk_classifier
Running randwalk_classifier
Running randwalk_classifier
Running randwalk_classifier
Running randwalk_classifier
Running randwalk_classifier
Running randwalk_classifier
Running randwalk_classifier
Running randwalk_classifier
Running randwalk_classifier
Running randwalk_classifier
Running randwalk_classifier
Running randwalk_classifier
Running randwalk_classifier
Running randwalk_classifier
Running randwalk_classifier
Running randwalk_classifier
Running randwalk_classifier
Running randwalk_classifier
Running randwalk_classifier
Running randwalk_classifier
Running randwalk_classifier
Running randwalk_classifier
Running randwalk_classifier
Running randwalk_classifier
Running randwalk_classifier
Running randwalk_classifier
Running randwalk_classifier
Running randwalk_classifier
Running randwalk_classifier
Running randwalk_classifier
Running randwalk_classifier
Running randwalk_classifier
Running randwalk_classifier
Running randwalk_classifier
Running randwalk_classifier
Running randwalk_classifier
Running randwalk_classifier
Running randwalk_classifier
Running randwalk_classifier

n =

   200

Running randwalk_classifier
Running randwalk_classifier
Running randwalk_classifier
Running randwalk_classifier
Running randwalk_classifier
Running randwalk_classifier
Running randwalk_classifier
Running randwalk_classifier
Running randwalk_classifier
Running randwalk_classifier
Running randwalk_classifier
Running randwalk_classifier
Running randwalk_classifier
Running randwalk_classifier
Running randwalk_classifier
Running randwalk_classifier
Running randwalk_classifier
Running randwalk_classifier
Running randwalk_classifier
Running randwalk_classifier
Running randwalk_classifier
Running randwalk_classifier
Running randwalk_classifier
Running randwalk_classifier
Running randwalk_classifier
Running randwalk_classifier
Running randwalk_classifier
Running randwalk_classifier
Running randwalk_classifier
Running randwalk_classifier
Running randwalk_classifier
Running randwalk_classifier
Running randwalk_classifier
Running randwalk_classifier
Running randwalk_classifier
Running randwalk_classifier
Running randwalk_classifier
Running randwalk_classifier
Running randwalk_classifier
Running randwalk_classifier
Running randwalk_classifier
Running randwalk_classifier
Running randwalk_classifier
Running randwalk_classifier
Running randwalk_classifier
Running randwalk_classifier
Running randwalk_classifier
Running randwalk_classifier
Running randwalk_classifier
Running randwalk_classifier

n =

   300

Running randwalk_classifier
Running randwalk_classifier
Running randwalk_classifier
Running randwalk_classifier
Running randwalk_classifier
Running randwalk_classifier
Running randwalk_classifier
Running randwalk_classifier
Running randwalk_classifier
Running randwalk_classifier
Running randwalk_classifier
Running randwalk_classifier
Running randwalk_classifier
Running randwalk_classifier
Running randwalk_classifier
Running randwalk_classifier
Running randwalk_classifier
Running randwalk_classifier
Running randwalk_classifier
Running randwalk_classifier
Running randwalk_classifier
Running randwalk_classifier
Running randwalk_classifier
Running randwalk_classifier
Running randwalk_classifier
Running randwalk_classifier
Running randwalk_classifier
Running randwalk_classifier
Running randwalk_classifier
Running randwalk_classifier
Running randwalk_classifier
Running randwalk_classifier
Running randwalk_classifier
Running randwalk_classifier
Running randwalk_classifier
Running randwalk_classifier
Running randwalk_classifier
Running randwalk_classifier
Running randwalk_classifier
Running randwalk_classifier
Running randwalk_classifier
Running randwalk_classifier
Running randwalk_classifier
Running randwalk_classifier
Running randwalk_classifier
Running randwalk_classifier
Running randwalk_classifier
Running randwalk_classifier
Running randwalk_classifier
Running randwalk_classifier

n =

   400

Running randwalk_classifier
Running randwalk_classifier
Running randwalk_classifier
Running randwalk_classifier
Running randwalk_classifier
Running randwalk_classifier
Running randwalk_classifier
Running randwalk_classifier
Running randwalk_classifier
Running randwalk_classifier
Running randwalk_classifier
Running randwalk_classifier
Running randwalk_classifier
Running randwalk_classifier
Running randwalk_classifier
Running randwalk_classifier
Running randwalk_classifier
Running randwalk_classifier
Running randwalk_classifier
Running randwalk_classifier
Running randwalk_classifier
Running randwalk_classifier
Running randwalk_classifier
Running randwalk_classifier
Running randwalk_classifier
Running randwalk_classifier
Running randwalk_classifier
Running randwalk_classifier
Running randwalk_classifier
Running randwalk_classifier
Running randwalk_classifier
Running randwalk_classifier
Running randwalk_classifier
Running randwalk_classifier
Running randwalk_classifier
Running randwalk_classifier
Running randwalk_classifier
Running randwalk_classifier
Running randwalk_classifier
Running randwalk_classifier
Running randwalk_classifier
Running randwalk_classifier
Running randwalk_classifier
Running randwalk_classifier
Running randwalk_classifier
Running randwalk_classifier
Running randwalk_classifier
Running randwalk_classifier
Running randwalk_classifier
Running randwalk_classifier

n =

   500

Running randwalk_classifier
Running randwalk_classifier
Running randwalk_classifier
Running randwalk_classifier
Running randwalk_classifier
Running randwalk_classifier
Running randwalk_classifier
Running randwalk_classifier
Running randwalk_classifier
Running randwalk_classifier
Running randwalk_classifier
Running randwalk_classifier
Running randwalk_classifier
Running randwalk_classifier
Running randwalk_classifier
Running randwalk_classifier
Running randwalk_classifier
Running randwalk_classifier
Running randwalk_classifier
Running randwalk_classifier
Running randwalk_classifier
Running randwalk_classifier
Running randwalk_classifier
Running randwalk_classifier
Running randwalk_classifier
Running randwalk_classifier
Running randwalk_classifier
Running randwalk_classifier
Running randwalk_classifier
Running randwalk_classifier
Running randwalk_classifier
Running randwalk_classifier
Running randwalk_classifier
Running randwalk_classifier
Running randwalk_classifier
Running randwalk_classifier
Running randwalk_classifier
Running randwalk_classifier
Running randwalk_classifier
Running randwalk_classifier
Running randwalk_classifier
Running randwalk_classifier
Running randwalk_classifier
Running randwalk_classifier
Running randwalk_classifier
Running randwalk_classifier
Running randwalk_classifier
Running randwalk_classifier
Running randwalk_classifier
Running randwalk_classifier

n =

   600

Running randwalk_classifier
Running randwalk_classifier
Running randwalk_classifier
Running randwalk_classifier
Running randwalk_classifier
Running randwalk_classifier
Running randwalk_classifier
Running randwalk_classifier
Running randwalk_classifier
Running randwalk_classifier
Running randwalk_classifier
Running randwalk_classifier
Running randwalk_classifier
Running randwalk_classifier
Running randwalk_classifier
Running randwalk_classifier
Running randwalk_classifier
Running randwalk_classifier
Running randwalk_classifier
Running randwalk_classifier
Running randwalk_classifier
Running randwalk_classifier
Running randwalk_classifier
Running randwalk_classifier
Running randwalk_classifier
Running randwalk_classifier
Running randwalk_classifier
Running randwalk_classifier
Running randwalk_classifier
Running randwalk_classifier
Running randwalk_classifier
Running randwalk_classifier
Running randwalk_classifier
Running randwalk_classifier
Running randwalk_classifier
Running randwalk_classifier
Running randwalk_classifier
Running randwalk_classifier
Running randwalk_classifier
Running randwalk_classifier
Running randwalk_classifier
Running randwalk_classifier
Running randwalk_classifier
Running randwalk_classifier
Running randwalk_classifier
Running randwalk_classifier
Running randwalk_classifier
Running randwalk_classifier
Running randwalk_classifier
Running randwalk_classifier

n =

   700

Running randwalk_classifier
Running randwalk_classifier
Running randwalk_classifier
Running randwalk_classifier
Running randwalk_classifier
Running randwalk_classifier
Running randwalk_classifier
Running randwalk_classifier
Running randwalk_classifier
Running randwalk_classifier
Running randwalk_classifier
Running randwalk_classifier
Running randwalk_classifier
Running randwalk_classifier
Running randwalk_classifier
Running randwalk_classifier
Running randwalk_classifier
Running randwalk_classifier
Running randwalk_classifier
Running randwalk_classifier
Running randwalk_classifier
Running randwalk_classifier
Running randwalk_classifier
Running randwalk_classifier
Running randwalk_classifier
Running randwalk_classifier
Running randwalk_classifier
Running randwalk_classifier
Running randwalk_classifier
Running randwalk_classifier
Running randwalk_classifier
Running randwalk_classifier
Running randwalk_classifier
Running randwalk_classifier
Running randwalk_classifier
Running randwalk_classifier
Running randwalk_classifier
Running randwalk_classifier
Running randwalk_classifier
Running randwalk_classifier
Running randwalk_classifier
Running randwalk_classifier
Running randwalk_classifier
Running randwalk_classifier
Running randwalk_classifier
Running randwalk_classifier
Running randwalk_classifier
Running randwalk_classifier
Running randwalk_classifier
Running randwalk_classifier

n =

   800

Running randwalk_classifier
Running randwalk_classifier
Running randwalk_classifier
Running randwalk_classifier
Running randwalk_classifier
Running randwalk_classifier
Running randwalk_classifier
Running randwalk_classifier
Running randwalk_classifier
Running randwalk_classifier
Running randwalk_classifier
Running randwalk_classifier
Running randwalk_classifier
Running randwalk_classifier
Running randwalk_classifier
Running randwalk_classifier
Running randwalk_classifier
Running randwalk_classifier
Running randwalk_classifier
Running randwalk_classifier
Running randwalk_classifier
Running randwalk_classifier
Running randwalk_classifier
Running randwalk_classifier
Running randwalk_classifier
Running randwalk_classifier
Running randwalk_classifier
Running randwalk_classifier
Running randwalk_classifier
Running randwalk_classifier
Running randwalk_classifier
Running randwalk_classifier
Running randwalk_classifier
Running randwalk_classifier
Running randwalk_classifier
Running randwalk_classifier
Running randwalk_classifier
Running randwalk_classifier
Running randwalk_classifier
Running randwalk_classifier
Running randwalk_classifier
Running randwalk_classifier
Running randwalk_classifier
Running randwalk_classifier
Running randwalk_classifier
Running randwalk_classifier
Running randwalk_classifier
Running randwalk_classifier
Running randwalk_classifier
Running randwalk_classifier

n =

   900

Running randwalk_classifier
Running randwalk_classifier
Running randwalk_classifier
Running randwalk_classifier
Running randwalk_classifier
Running randwalk_classifier
Running randwalk_classifier
Running randwalk_classifier
Running randwalk_classifier
Running randwalk_classifier
Running randwalk_classifier
Running randwalk_classifier
Running randwalk_classifier
Running randwalk_classifier
Running randwalk_classifier
Running randwalk_classifier
Running randwalk_classifier
Running randwalk_classifier
Running randwalk_classifier
Running randwalk_classifier
Running randwalk_classifier
Running randwalk_classifier
Running randwalk_classifier
Running randwalk_classifier
Running randwalk_classifier
Running randwalk_classifier
Running randwalk_classifier
Running randwalk_classifier
Running randwalk_classifier
Running randwalk_classifier
Running randwalk_classifier
Running randwalk_classifier
Running randwalk_classifier
Running randwalk_classifier
Running randwalk_classifier
Running randwalk_classifier
Running randwalk_classifier
Running randwalk_classifier
Running randwalk_classifier
Running randwalk_classifier
Running randwalk_classifier
Running randwalk_classifier
Running randwalk_classifier
Running randwalk_classifier
Running randwalk_classifier
Running randwalk_classifier
Running randwalk_classifier
Running randwalk_classifier
Running randwalk_classifier
Running randwalk_classifier

n =

        1000

Running randwalk_classifier
Running randwalk_classifier
Running randwalk_classifier
Running randwalk_classifier
Running randwalk_classifier
Running randwalk_classifier
Running randwalk_classifier
Running randwalk_classifier
Running randwalk_classifier
Running randwalk_classifier
Running randwalk_classifier
Running randwalk_classifier
Running randwalk_classifier
Running randwalk_classifier
Running randwalk_classifier
Running randwalk_classifier
Running randwalk_classifier
Running randwalk_classifier
Running randwalk_classifier
Running randwalk_classifier
Running randwalk_classifier
Running randwalk_classifier
Running randwalk_classifier
Running randwalk_classifier
Running randwalk_classifier
Running randwalk_classifier
Running randwalk_classifier
Running randwalk_classifier
Running randwalk_classifier
Running randwalk_classifier
Running randwalk_classifier
Running randwalk_classifier
Running randwalk_classifier
Running randwalk_classifier
Running randwalk_classifier
Running randwalk_classifier
Running randwalk_classifier
Running randwalk_classifier
Running randwalk_classifier
Running randwalk_classifier
Running randwalk_classifier
Running randwalk_classifier
Running randwalk_classifier
Running randwalk_classifier
Running randwalk_classifier
Running randwalk_classifier
Running randwalk_classifier
Running randwalk_classifier
Running randwalk_classifier
Running randwalk_classifier

n =

        2000

Running randwalk_classifier
Running randwalk_classifier
Running randwalk_classifier
Running randwalk_classifier
Running randwalk_classifier
Running randwalk_classifier
Running randwalk_classifier
Running randwalk_classifier
Running randwalk_classifier
Running randwalk_classifier
Running randwalk_classifier
Running randwalk_classifier
Running randwalk_classifier
Running randwalk_classifier
Running randwalk_classifier
Running randwalk_classifier
Running randwalk_classifier
Running randwalk_classifier
Running randwalk_classifier
Running randwalk_classifier
Running randwalk_classifier
Running randwalk_classifier
Running randwalk_classifier
Running randwalk_classifier
Running randwalk_classifier
Running randwalk_classifier
Running randwalk_classifier
Running randwalk_classifier
Running randwalk_classifier
Running randwalk_classifier
Running randwalk_classifier
Running randwalk_classifier
Running randwalk_classifier
Running randwalk_classifier
Running randwalk_classifier
Running randwalk_classifier
Running randwalk_classifier
Running randwalk_classifier
Running randwalk_classifier
Running randwalk_classifier
Running randwalk_classifier
Running randwalk_classifier
Running randwalk_classifier
Running randwalk_classifier
Running randwalk_classifier
Running randwalk_classifier
Running randwalk_classifier
Running randwalk_classifier
Running randwalk_classifier
Running randwalk_classifier

n =

        3000

Running randwalk_classifier
Running randwalk_classifier
Running randwalk_classifier
Running randwalk_classifier
Running randwalk_classifier
Running randwalk_classifier
Running randwalk_classifier
Running randwalk_classifier
Running randwalk_classifier
Running randwalk_classifier
Running randwalk_classifier
Running randwalk_classifier
Running randwalk_classifier
Running randwalk_classifier
Running randwalk_classifier
Running randwalk_classifier
Running randwalk_classifier
Running randwalk_classifier
Running randwalk_classifier
Running randwalk_classifier
Running randwalk_classifier
Running randwalk_classifier
Running randwalk_classifier
Running randwalk_classifier
Running randwalk_classifier
Running randwalk_classifier
Running randwalk_classifier
Running randwalk_classifier
Running randwalk_classifier
Running randwalk_classifier
Running randwalk_classifier
Running randwalk_classifier
Running randwalk_classifier
Running randwalk_classifier
Running randwalk_classifier
Running randwalk_classifier
Running randwalk_classifier
Running randwalk_classifier
Running randwalk_classifier
Running randwalk_classifier
Running randwalk_classifier
Running randwalk_classifier
Running randwalk_classifier
Running randwalk_classifier
Running randwalk_classifier
Running randwalk_classifier
Running randwalk_classifier
Running randwalk_classifier
Running randwalk_classifier
Running randwalk_classifier

n =

        4000

Running randwalk_classifier
Running randwalk_classifier
Running randwalk_classifier
Running randwalk_classifier
Running randwalk_classifier
Running randwalk_classifier
Running randwalk_classifier
Running randwalk_classifier
Running randwalk_classifier
Running randwalk_classifier
Running randwalk_classifier
Running randwalk_classifier
Running randwalk_classifier
Running randwalk_classifier
Running randwalk_classifier
Running randwalk_classifier
Running randwalk_classifier
Running randwalk_classifier
Running randwalk_classifier
Running randwalk_classifier
Running randwalk_classifier
Running randwalk_classifier
Running randwalk_classifier
Running randwalk_classifier
Running randwalk_classifier
Running randwalk_classifier
Running randwalk_classifier
Running randwalk_classifier
Running randwalk_classifier
Running randwalk_classifier
Running randwalk_classifier
Running randwalk_classifier
Running randwalk_classifier
Running randwalk_classifier
Running randwalk_classifier
Running randwalk_classifier
Running randwalk_classifier
Running randwalk_classifier
Running randwalk_classifier
Running randwalk_classifier
Running randwalk_classifier
Running randwalk_classifier
Running randwalk_classifier
Running randwalk_classifier
Running randwalk_classifier
Running randwalk_classifier
Running randwalk_classifier
Running randwalk_classifier
Running randwalk_classifier
Running randwalk_classifier

class_name =

randwalk (clean 1) (pow 0.5)


n =

   100

Running randwalk_classifier
Running randwalk_classifier
Running randwalk_classifier
Running randwalk_classifier
Running randwalk_classifier
Running randwalk_classifier
Running randwalk_classifier
Running randwalk_classifier
Running randwalk_classifier
Running randwalk_classifier
Running randwalk_classifier
Running randwalk_classifier
Running randwalk_classifier
Running randwalk_classifier
Running randwalk_classifier
Running randwalk_classifier
Running randwalk_classifier
Running randwalk_classifier
Running randwalk_classifier
Running randwalk_classifier
Running randwalk_classifier
Running randwalk_classifier
Running randwalk_classifier
Running randwalk_classifier
Running randwalk_classifier
Running randwalk_classifier
Running randwalk_classifier
Running randwalk_classifier
Running randwalk_classifier
Running randwalk_classifier
Running randwalk_classifier
Running randwalk_classifier
Running randwalk_classifier
Running randwalk_classifier
Running randwalk_classifier
Running randwalk_classifier
Running randwalk_classifier
Running randwalk_classifier
Running randwalk_classifier
Running randwalk_classifier
Running randwalk_classifier
Running randwalk_classifier
Running randwalk_classifier
Running randwalk_classifier
Running randwalk_classifier
Running randwalk_classifier
Running randwalk_classifier
Running randwalk_classifier
Running randwalk_classifier
Running randwalk_classifier

n =

   200

Running randwalk_classifier
Running randwalk_classifier
Running randwalk_classifier
Running randwalk_classifier
Running randwalk_classifier
Running randwalk_classifier
Running randwalk_classifier
Running randwalk_classifier
Running randwalk_classifier
Running randwalk_classifier
Running randwalk_classifier
Running randwalk_classifier
Running randwalk_classifier
Running randwalk_classifier
Running randwalk_classifier
Running randwalk_classifier
Running randwalk_classifier
Running randwalk_classifier
Running randwalk_classifier
Running randwalk_classifier
Running randwalk_classifier
Running randwalk_classifier
Running randwalk_classifier
Running randwalk_classifier
Running randwalk_classifier
Running randwalk_classifier
Running randwalk_classifier
Running randwalk_classifier
Running randwalk_classifier
Running randwalk_classifier
Running randwalk_classifier
Running randwalk_classifier
Running randwalk_classifier
Running randwalk_classifier
Running randwalk_classifier
Running randwalk_classifier
Running randwalk_classifier
Running randwalk_classifier
Running randwalk_classifier
Running randwalk_classifier
Running randwalk_classifier
Running randwalk_classifier
Running randwalk_classifier
Running randwalk_classifier
Running randwalk_classifier
Running randwalk_classifier
Running randwalk_classifier
Running randwalk_classifier
Running randwalk_classifier
Running randwalk_classifier

n =

   300

Running randwalk_classifier
Running randwalk_classifier
Running randwalk_classifier
Running randwalk_classifier
Running randwalk_classifier
Running randwalk_classifier
Running randwalk_classifier
Running randwalk_classifier
Running randwalk_classifier
Running randwalk_classifier
Running randwalk_classifier
Running randwalk_classifier
Running randwalk_classifier
Running randwalk_classifier
Running randwalk_classifier
Running randwalk_classifier
Running randwalk_classifier
Running randwalk_classifier
Running randwalk_classifier
Running randwalk_classifier
Running randwalk_classifier
Running randwalk_classifier
Running randwalk_classifier
Running randwalk_classifier
Running randwalk_classifier
Running randwalk_classifier
Running randwalk_classifier
Running randwalk_classifier
Running randwalk_classifier
Running randwalk_classifier
Running randwalk_classifier
Running randwalk_classifier
Running randwalk_classifier
Running randwalk_classifier
Running randwalk_classifier
Running randwalk_classifier
Running randwalk_classifier
Running randwalk_classifier
Running randwalk_classifier
Running randwalk_classifier
Running randwalk_classifier
Running randwalk_classifier
Running randwalk_classifier
Running randwalk_classifier
Running randwalk_classifier
Running randwalk_classifier
Running randwalk_classifier
Running randwalk_classifier
Running randwalk_classifier
Running randwalk_classifier

n =

   400

Running randwalk_classifier
Running randwalk_classifier
Running randwalk_classifier
Running randwalk_classifier
Running randwalk_classifier
Running randwalk_classifier
Running randwalk_classifier
Running randwalk_classifier
Running randwalk_classifier
Running randwalk_classifier
Running randwalk_classifier
Running randwalk_classifier
Running randwalk_classifier
Running randwalk_classifier
Running randwalk_classifier
Running randwalk_classifier
Running randwalk_classifier
Running randwalk_classifier
Running randwalk_classifier
Running randwalk_classifier
Running randwalk_classifier
Running randwalk_classifier
Running randwalk_classifier
Running randwalk_classifier
Running randwalk_classifier
Running randwalk_classifier
Running randwalk_classifier
Running randwalk_classifier
Running randwalk_classifier
Running randwalk_classifier
Running randwalk_classifier
Running randwalk_classifier
Running randwalk_classifier
Running randwalk_classifier
Running randwalk_classifier
Running randwalk_classifier
Running randwalk_classifier
Running randwalk_classifier
Running randwalk_classifier
Running randwalk_classifier
Running randwalk_classifier
Running randwalk_classifier
Running randwalk_classifier
Running randwalk_classifier
Running randwalk_classifier
Running randwalk_classifier
Running randwalk_classifier
Running randwalk_classifier
Running randwalk_classifier
Running randwalk_classifier

n =

   500

Running randwalk_classifier
Running randwalk_classifier
Running randwalk_classifier
Running randwalk_classifier
Running randwalk_classifier
Running randwalk_classifier
Running randwalk_classifier
Running randwalk_classifier
Running randwalk_classifier
Running randwalk_classifier
Running randwalk_classifier
Running randwalk_classifier
Running randwalk_classifier
Running randwalk_classifier
Running randwalk_classifier
Running randwalk_classifier
Running randwalk_classifier
Running randwalk_classifier
Running randwalk_classifier
Running randwalk_classifier
Running randwalk_classifier
Running randwalk_classifier
Running randwalk_classifier
Running randwalk_classifier
Running randwalk_classifier
Running randwalk_classifier
Running randwalk_classifier
Running randwalk_classifier
Running randwalk_classifier
Running randwalk_classifier
Running randwalk_classifier
Running randwalk_classifier
Running randwalk_classifier
Running randwalk_classifier
Running randwalk_classifier
Running randwalk_classifier
Running randwalk_classifier
Running randwalk_classifier
Running randwalk_classifier
Running randwalk_classifier
Running randwalk_classifier
Running randwalk_classifier
Running randwalk_classifier
Running randwalk_classifier
Running randwalk_classifier
Running randwalk_classifier
Running randwalk_classifier
Running randwalk_classifier
Running randwalk_classifier
Running randwalk_classifier

n =

   600

Running randwalk_classifier
Running randwalk_classifier
Running randwalk_classifier
Running randwalk_classifier
Running randwalk_classifier
Running randwalk_classifier
Running randwalk_classifier
Running randwalk_classifier
Running randwalk_classifier
Running randwalk_classifier
Running randwalk_classifier
Running randwalk_classifier
Running randwalk_classifier
Running randwalk_classifier
Running randwalk_classifier
Running randwalk_classifier
Running randwalk_classifier
Running randwalk_classifier
Running randwalk_classifier
Running randwalk_classifier
Running randwalk_classifier
Running randwalk_classifier
Running randwalk_classifier
Running randwalk_classifier
Running randwalk_classifier
Running randwalk_classifier
Running randwalk_classifier
Running randwalk_classifier
Running randwalk_classifier
Running randwalk_classifier
Running randwalk_classifier
Running randwalk_classifier
Running randwalk_classifier
Running randwalk_classifier
Running randwalk_classifier
Running randwalk_classifier
Running randwalk_classifier
Running randwalk_classifier
Running randwalk_classifier
Running randwalk_classifier
Running randwalk_classifier
Running randwalk_classifier
Running randwalk_classifier
Running randwalk_classifier
Running randwalk_classifier
Running randwalk_classifier
Running randwalk_classifier
Running randwalk_classifier
Running randwalk_classifier
Running randwalk_classifier

n =

   700

Running randwalk_classifier
Running randwalk_classifier
Running randwalk_classifier
Running randwalk_classifier
Running randwalk_classifier
Running randwalk_classifier
Running randwalk_classifier
Running randwalk_classifier
Running randwalk_classifier
Running randwalk_classifier
Running randwalk_classifier
Running randwalk_classifier
Running randwalk_classifier
Running randwalk_classifier
Running randwalk_classifier
Running randwalk_classifier
Running randwalk_classifier
Running randwalk_classifier
Running randwalk_classifier
Running randwalk_classifier
Running randwalk_classifier
Running randwalk_classifier
Running randwalk_classifier
Running randwalk_classifier
Running randwalk_classifier
Running randwalk_classifier
Running randwalk_classifier
Running randwalk_classifier
Running randwalk_classifier
Running randwalk_classifier
Running randwalk_classifier
Running randwalk_classifier
Running randwalk_classifier
Running randwalk_classifier
Running randwalk_classifier
Running randwalk_classifier
Running randwalk_classifier
Running randwalk_classifier
Running randwalk_classifier
Running randwalk_classifier
Running randwalk_classifier
Running randwalk_classifier
Running randwalk_classifier
Running randwalk_classifier
Running randwalk_classifier
Running randwalk_classifier
Running randwalk_classifier
Running randwalk_classifier
Running randwalk_classifier
Running randwalk_classifier

n =

   800

Running randwalk_classifier
Running randwalk_classifier
Running randwalk_classifier
Running randwalk_classifier
Running randwalk_classifier
Running randwalk_classifier
Running randwalk_classifier
Running randwalk_classifier
Running randwalk_classifier
Running randwalk_classifier
Running randwalk_classifier
Running randwalk_classifier
Running randwalk_classifier
Running randwalk_classifier
Running randwalk_classifier
Running randwalk_classifier
Running randwalk_classifier
Running randwalk_classifier
Running randwalk_classifier
Running randwalk_classifier
Running randwalk_classifier
Running randwalk_classifier
Running randwalk_classifier
Running randwalk_classifier
Running randwalk_classifier
Running randwalk_classifier
Running randwalk_classifier
Running randwalk_classifier
Running randwalk_classifier
Running randwalk_classifier
Running randwalk_classifier
Running randwalk_classifier
Running randwalk_classifier
Running randwalk_classifier
Running randwalk_classifier
Running randwalk_classifier
Running randwalk_classifier
Running randwalk_classifier
Running randwalk_classifier
Running randwalk_classifier
Running randwalk_classifier
Running randwalk_classifier
Running randwalk_classifier
Running randwalk_classifier
Running randwalk_classifier
Running randwalk_classifier
Running randwalk_classifier
Running randwalk_classifier
Running randwalk_classifier
Running randwalk_classifier

n =

   900

Running randwalk_classifier
Running randwalk_classifier
Running randwalk_classifier
Running randwalk_classifier
Running randwalk_classifier
Running randwalk_classifier
Running randwalk_classifier
Running randwalk_classifier
Running randwalk_classifier
Running randwalk_classifier
Running randwalk_classifier
Running randwalk_classifier
Running randwalk_classifier
Running randwalk_classifier
Running randwalk_classifier
Running randwalk_classifier
Running randwalk_classifier
Running randwalk_classifier
Running randwalk_classifier
Running randwalk_classifier
Running randwalk_classifier
Running randwalk_classifier
Running randwalk_classifier
Running randwalk_classifier
Running randwalk_classifier
Running randwalk_classifier
Running randwalk_classifier
Running randwalk_classifier
Running randwalk_classifier
Running randwalk_classifier
Running randwalk_classifier
Running randwalk_classifier
Running randwalk_classifier
Running randwalk_classifier
Running randwalk_classifier
Running randwalk_classifier
Running randwalk_classifier
Running randwalk_classifier
Running randwalk_classifier
Running randwalk_classifier
Running randwalk_classifier
Running randwalk_classifier
Running randwalk_classifier
Running randwalk_classifier
Running randwalk_classifier
Running randwalk_classifier
Running randwalk_classifier
Running randwalk_classifier
Running randwalk_classifier
Running randwalk_classifier

n =

        1000

Running randwalk_classifier
Running randwalk_classifier
Running randwalk_classifier
Running randwalk_classifier
Running randwalk_classifier
Running randwalk_classifier
Running randwalk_classifier
Running randwalk_classifier
Running randwalk_classifier
Running randwalk_classifier
Running randwalk_classifier
Running randwalk_classifier
Running randwalk_classifier
Running randwalk_classifier
Running randwalk_classifier
Running randwalk_classifier
Running randwalk_classifier
Running randwalk_classifier
Running randwalk_classifier
Running randwalk_classifier
Running randwalk_classifier
Running randwalk_classifier
Running randwalk_classifier
Running randwalk_classifier
Running randwalk_classifier
Running randwalk_classifier
Running randwalk_classifier
Running randwalk_classifier
Running randwalk_classifier
Running randwalk_classifier
Running randwalk_classifier
Running randwalk_classifier
Running randwalk_classifier
Running randwalk_classifier
Running randwalk_classifier
Running randwalk_classifier
Running randwalk_classifier
Running randwalk_classifier
Running randwalk_classifier
Running randwalk_classifier
Running randwalk_classifier
Running randwalk_classifier
Running randwalk_classifier
Running randwalk_classifier
Running randwalk_classifier
Running randwalk_classifier
Running randwalk_classifier
Running randwalk_classifier
Running randwalk_classifier
Running randwalk_classifier

n =

        2000

Running randwalk_classifier
Running randwalk_classifier
Running randwalk_classifier
Running randwalk_classifier
Running randwalk_classifier
Running randwalk_classifier
Running randwalk_classifier
Running randwalk_classifier
Running randwalk_classifier
Running randwalk_classifier
Running randwalk_classifier
Running randwalk_classifier
Running randwalk_classifier
Running randwalk_classifier
Running randwalk_classifier
Running randwalk_classifier
Running randwalk_classifier
Running randwalk_classifier
Running randwalk_classifier
Running randwalk_classifier
Running randwalk_classifier
Running randwalk_classifier
Running randwalk_classifier
Running randwalk_classifier
Running randwalk_classifier
Running randwalk_classifier
Running randwalk_classifier
Running randwalk_classifier
Running randwalk_classifier
Running randwalk_classifier
Running randwalk_classifier
Running randwalk_classifier
Running randwalk_classifier
Running randwalk_classifier
Running randwalk_classifier
Running randwalk_classifier
Running randwalk_classifier
Running randwalk_classifier
Running randwalk_classifier
Running randwalk_classifier
Running randwalk_classifier
Running randwalk_classifier
Running randwalk_classifier
Running randwalk_classifier
Running randwalk_classifier
Running randwalk_classifier
Running randwalk_classifier
Running randwalk_classifier
Running randwalk_classifier
Running randwalk_classifier

class_name =

randwalk (clean 1) (pow 0)


class_name =

randwalk (clean 1) (pow 0.15)


n =

        7000

Running randwalk_classifier
Running randwalk_classifier
Running randwalk_classifier
Running randwalk_classifier
Running randwalk_classifier
Running randwalk_classifier
Running randwalk_classifier
Running randwalk_classifier
Running randwalk_classifier
Running randwalk_classifier
Running randwalk_classifier
Running randwalk_classifier
Running randwalk_classifier
Running randwalk_classifier
Running randwalk_classifier
Running randwalk_classifier
Running randwalk_classifier
Running randwalk_classifier
Running randwalk_classifier
Running randwalk_classifier
Running randwalk_classifier
Running randwalk_classifier
Running randwalk_classifier
Running randwalk_classifier
Running randwalk_classifier
Running randwalk_classifier
Running randwalk_classifier
Running randwalk_classifier
Running randwalk_classifier
Running randwalk_classifier
Running randwalk_classifier
Running randwalk_classifier
Running randwalk_classifier
Running randwalk_classifier
Running randwalk_classifier
Running randwalk_classifier
Running randwalk_classifier
Running randwalk_classifier
Running randwalk_classifier
Running randwalk_classifier
Running randwalk_classifier
Running randwalk_classifier
Running randwalk_classifier
Running randwalk_classifier
Running randwalk_classifier
Running randwalk_classifier
Running randwalk_classifier
Running randwalk_classifier
Running randwalk_classifier
Running randwalk_classifier

n =

        8000

Running randwalk_classifier
Running randwalk_classifier
Running randwalk_classifier
Running randwalk_classifier
Running randwalk_classifier
Running randwalk_classifier
Running randwalk_classifier
Running randwalk_classifier
Running randwalk_classifier
Running randwalk_classifier
Running randwalk_classifier
Running randwalk_classifier
Running randwalk_classifier
Running randwalk_classifier
Running randwalk_classifier
Running randwalk_classifier
Running randwalk_classifier
Running randwalk_classifier
Running randwalk_classifier
Running randwalk_classifier
Running randwalk_classifier
Running randwalk_classifier
Running randwalk_classifier
Running randwalk_classifier
Running randwalk_classifier
Running randwalk_classifier
Running randwalk_classifier
Running randwalk_classifier
Running randwalk_classifier
Running randwalk_classifier
Running randwalk_classifier
Running randwalk_classifier
Running randwalk_classifier
Running randwalk_classifier
Running randwalk_classifier
Running randwalk_classifier
Running randwalk_classifier
Running randwalk_classifier
Running randwalk_classifier
Running randwalk_classifier
Running randwalk_classifier
Running randwalk_classifier
Running randwalk_classifier
Running randwalk_classifier
Running randwalk_classifier
Running randwalk_classifier
Running randwalk_classifier
Running randwalk_classifier
Running randwalk_classifier
Running randwalk_classifier

n =

        9000

Running randwalk_classifier
Running randwalk_classifier
Running randwalk_classifier
Running randwalk_classifier
Running randwalk_classifier
Running randwalk_classifier
Running randwalk_classifier
Running randwalk_classifier
Running randwalk_classifier
Running randwalk_classifier
Running randwalk_classifier
Running randwalk_classifier
Running randwalk_classifier
Running randwalk_classifier
Running randwalk_classifier
Running randwalk_classifier
Running randwalk_classifier
Running randwalk_classifier
Running randwalk_classifier
Running randwalk_classifier
Running randwalk_classifier
Running randwalk_classifier
Running randwalk_classifier
Running randwalk_classifier
Running randwalk_classifier
Running randwalk_classifier
Running randwalk_classifier
Running randwalk_classifier
Running randwalk_classifier
Running randwalk_classifier
Running randwalk_classifier
Running randwalk_classifier
Running randwalk_classifier
Running randwalk_classifier
Running randwalk_classifier
Running randwalk_classifier
Running randwalk_classifier
Running randwalk_classifier
Running randwalk_classifier
Running randwalk_classifier
Running randwalk_classifier
Running randwalk_classifier
Running randwalk_classifier
Running randwalk_classifier
Running randwalk_classifier
Running randwalk_classifier
Running randwalk_classifier
Running randwalk_classifier
Running randwalk_classifier
Running randwalk_classifier

n =

       10000

Running randwalk_classifier
Running randwalk_classifier
Running randwalk_classifier
Running randwalk_classifier
Running randwalk_classifier
Running randwalk_classifier
Running randwalk_classifier
Running randwalk_classifier
Running randwalk_classifier
Running randwalk_classifier
Running randwalk_classifier
Running randwalk_classifier
Running randwalk_classifier
Running randwalk_classifier
Running randwalk_classifier
Running randwalk_classifier
Running randwalk_classifier
Running randwalk_classifier
Running randwalk_classifier
Running randwalk_classifier
Running randwalk_classifier
Running randwalk_classifier
Running randwalk_classifier
Running randwalk_classifier
Running randwalk_classifier
Running randwalk_classifier
Running randwalk_classifier
Running randwalk_classifier
Running randwalk_classifier
Running randwalk_classifier
Running randwalk_classifier
Running randwalk_classifier
Running randwalk_classifier
Running randwalk_classifier
Running randwalk_classifier
Running randwalk_classifier
Running randwalk_classifier
Running randwalk_classifier
Running randwalk_classifier
Running randwalk_classifier
Running randwalk_classifier
Running randwalk_classifier
Running randwalk_classifier
Running randwalk_classifier
Running randwalk_classifier
Running randwalk_classifier
Running randwalk_classifier
Running randwalk_classifier
Running randwalk_classifier
Running randwalk_classifier

n =

       20000

Running randwalk_classifier
Running randwalk_classifier
Running randwalk_classifier
Running randwalk_classifier
Running randwalk_classifier
Running randwalk_classifier
Running randwalk_classifier
Running randwalk_classifier
Running randwalk_classifier
Running randwalk_classifier
Running randwalk_classifier
Running randwalk_classifier
Running randwalk_classifier
Running randwalk_classifier
Running randwalk_classifier
Running randwalk_classifier
Running randwalk_classifier
Running randwalk_classifier
Running randwalk_classifier
Running randwalk_classifier
Running randwalk_classifier
Running randwalk_classifier
Running randwalk_classifier
Running randwalk_classifier
Running randwalk_classifier
Running randwalk_classifier
Running randwalk_classifier
Running randwalk_classifier
Running randwalk_classifier
Running randwalk_classifier
Running randwalk_classifier
Running randwalk_classifier
Running randwalk_classifier
Running randwalk_classifier
Running randwalk_classifier
Running randwalk_classifier
Running randwalk_classifier
Running randwalk_classifier
Running randwalk_classifier
Running randwalk_classifier
Running randwalk_classifier
Running randwalk_classifier
Running randwalk_classifier
Running randwalk_classifier
Running randwalk_classifier
Running randwalk_classifier
Running randwalk_classifier
Running randwalk_classifier
Running randwalk_classifier
Running randwalk_classifier

class_name =

randwalk (clean 1) (pow 0.3)


n =

        5000

Running randwalk_classifier
Running randwalk_classifier
Running randwalk_classifier
Running randwalk_classifier
Running randwalk_classifier
Running randwalk_classifier
Running randwalk_classifier
Running randwalk_classifier
Running randwalk_classifier
Running randwalk_classifier
Running randwalk_classifier
Running randwalk_classifier
Running randwalk_classifier
Running randwalk_classifier
Running randwalk_classifier
Running randwalk_classifier
Running randwalk_classifier
Running randwalk_classifier
Running randwalk_classifier
Running randwalk_classifier
Running randwalk_classifier
Running randwalk_classifier
Running randwalk_classifier
Running randwalk_classifier
Running randwalk_classifier
Running randwalk_classifier
Running randwalk_classifier
Running randwalk_classifier
Running randwalk_classifier
Running randwalk_classifier
Running randwalk_classifier
Running randwalk_classifier
Running randwalk_classifier
Running randwalk_classifier
Running randwalk_classifier
Running randwalk_classifier
Running randwalk_classifier
Running randwalk_classifier
Running randwalk_classifier
Running randwalk_classifier
Running randwalk_classifier
Running randwalk_classifier
Running randwalk_classifier
Running randwalk_classifier
Running randwalk_classifier
Running randwalk_classifier
Running randwalk_classifier
Running randwalk_classifier
Running randwalk_classifier
Running randwalk_classifier

n =

        6000

Running randwalk_classifier
Running randwalk_classifier
Running randwalk_classifier
Running randwalk_classifier
Running randwalk_classifier
Running randwalk_classifier
Running randwalk_classifier
Running randwalk_classifier
Running randwalk_classifier
Running randwalk_classifier
Running randwalk_classifier
Running randwalk_classifier
Running randwalk_classifier
Running randwalk_classifier
Running randwalk_classifier
Running randwalk_classifier
Running randwalk_classifier
Running randwalk_classifier
Running randwalk_classifier
Running randwalk_classifier
Running randwalk_classifier
Running randwalk_classifier
Running randwalk_classifier
Running randwalk_classifier
Running randwalk_classifier
Running randwalk_classifier
Running randwalk_classifier
Running randwalk_classifier
Running randwalk_classifier
Running randwalk_classifier
Running randwalk_classifier
Running randwalk_classifier
Running randwalk_classifier
Running randwalk_classifier
Running randwalk_classifier
Running randwalk_classifier
Running randwalk_classifier
Running randwalk_classifier
Running randwalk_classifier
Running randwalk_classifier
Running randwalk_classifier
Running randwalk_classifier
Running randwalk_classifier
Running randwalk_classifier
Running randwalk_classifier
Running randwalk_classifier
Running randwalk_classifier
Running randwalk_classifier
Running randwalk_classifier
Running randwalk_classifier

n =

        7000

Running randwalk_classifier
Running randwalk_classifier
Running randwalk_classifier
Running randwalk_classifier
Running randwalk_classifier
Running randwalk_classifier
Running randwalk_classifier
Running randwalk_classifier
Running randwalk_classifier
Running randwalk_classifier
Running randwalk_classifier
Running randwalk_classifier
Running randwalk_classifier
Running randwalk_classifier
Running randwalk_classifier
Running randwalk_classifier
Running randwalk_classifier
Running randwalk_classifier
Running randwalk_classifier
Running randwalk_classifier
Running randwalk_classifier
Running randwalk_classifier
Running randwalk_classifier
Running randwalk_classifier
Running randwalk_classifier
Running randwalk_classifier
Running randwalk_classifier
Running randwalk_classifier
Running randwalk_classifier
Running randwalk_classifier
Running randwalk_classifier
Running randwalk_classifier
Running randwalk_classifier
Running randwalk_classifier
Running randwalk_classifier
Running randwalk_classifier
Running randwalk_classifier
Running randwalk_classifier
Running randwalk_classifier
Running randwalk_classifier
Running randwalk_classifier
Running randwalk_classifier
Running randwalk_classifier
Running randwalk_classifier
Running randwalk_classifier
Running randwalk_classifier
Running randwalk_classifier
Running randwalk_classifier
Running randwalk_classifier
Running randwalk_classifier

class_name =

randwalk (clean 1) (pow 0.5)


class_name =

randwalk (clean 1) (pow 0)


class_name =

randwalk (clean 1) (pow 0.15)


class_name =

randwalk (clean 1) (pow 0.3)


n =

        8000

Running randwalk_classifier
Running randwalk_classifier
Running randwalk_classifier
Running randwalk_classifier
Running randwalk_classifier
Running randwalk_classifier
Running randwalk_classifier
Running randwalk_classifier
Running randwalk_classifier
Running randwalk_classifier
Running randwalk_classifier
Running randwalk_classifier
Running randwalk_classifier
Running randwalk_classifier
Running randwalk_classifier
Running randwalk_classifier
Running randwalk_classifier
Running randwalk_classifier
Running randwalk_classifier
Running randwalk_classifier
Running randwalk_classifier
Running randwalk_classifier
Running randwalk_classifier
Running randwalk_classifier
Running randwalk_classifier
Running randwalk_classifier
Running randwalk_classifier
Running randwalk_classifier
Running randwalk_classifier
Running randwalk_classifier
Running randwalk_classifier
Running randwalk_classifier
Running randwalk_classifier
Running randwalk_classifier
Running randwalk_classifier
Running randwalk_classifier
Running randwalk_classifier
Running randwalk_classifier
Running randwalk_classifier
Running randwalk_classifier
Running randwalk_classifier
Running randwalk_classifier
Running randwalk_classifier
Running randwalk_classifier
Running randwalk_classifier
Running randwalk_classifier
Running randwalk_classifier
Running randwalk_classifier
Running randwalk_classifier
Running randwalk_classifier

n =

        9000

Running randwalk_classifier
Running randwalk_classifier
Running randwalk_classifier
Running randwalk_classifier
Running randwalk_classifier
Running randwalk_classifier
Running randwalk_classifier
Running randwalk_classifier
Running randwalk_classifier
Running randwalk_classifier
Running randwalk_classifier
Running randwalk_classifier
Running randwalk_classifier
Running randwalk_classifier
Running randwalk_classifier
Running randwalk_classifier
Running randwalk_classifier
Running randwalk_classifier
Running randwalk_classifier
Running randwalk_classifier
Running randwalk_classifier
Running randwalk_classifier
Running randwalk_classifier
Running randwalk_classifier
Running randwalk_classifier
Running randwalk_classifier
Running randwalk_classifier
Running randwalk_classifier
Running randwalk_classifier
Running randwalk_classifier
Running randwalk_classifier
Running randwalk_classifier
Running randwalk_classifier
Running randwalk_classifier
Running randwalk_classifier
Running randwalk_classifier
Running randwalk_classifier
Running randwalk_classifier
Running randwalk_classifier
Running randwalk_classifier
Running randwalk_classifier
Running randwalk_classifier
Running randwalk_classifier
Running randwalk_classifier
Running randwalk_classifier
Running randwalk_classifier
Running randwalk_classifier
Running randwalk_classifier
Running randwalk_classifier
Running randwalk_classifier

class_name =

randwalk (clean 1) (pow 0.5)


n =

        3000

Running randwalk_classifier
Running randwalk_classifier
Running randwalk_classifier
Running randwalk_classifier
Running randwalk_classifier
Running randwalk_classifier
Running randwalk_classifier
Running randwalk_classifier
Running randwalk_classifier
Running randwalk_classifier
Running randwalk_classifier
Running randwalk_classifier
Running randwalk_classifier
Running randwalk_classifier
Running randwalk_classifier
Running randwalk_classifier
Running randwalk_classifier
Running randwalk_classifier
Running randwalk_classifier
Running randwalk_classifier
Running randwalk_classifier
Running randwalk_classifier
Running randwalk_classifier
Running randwalk_classifier
Running randwalk_classifier
Running randwalk_classifier
Running randwalk_classifier
Running randwalk_classifier
Running randwalk_classifier
Running randwalk_classifier
Running randwalk_classifier
Running randwalk_classifier
Running randwalk_classifier
Running randwalk_classifier
Running randwalk_classifier
Running randwalk_classifier
Running randwalk_classifier
Running randwalk_classifier
Running randwalk_classifier
Running randwalk_classifier
Running randwalk_classifier
Running randwalk_classifier
Running randwalk_classifier
Running randwalk_classifier
Running randwalk_classifier
Running randwalk_classifier
Running randwalk_classifier
Running randwalk_classifier
Running randwalk_classifier
Running randwalk_classifier

class_name =

randwalk (clean 1) (pow 0)


class_name =

randwalk (clean 1) (pow 0.15)


n =

       30000

Running randwalk_classifier
Running randwalk_classifier
Running randwalk_classifier
Running randwalk_classifier
Running randwalk_classifier
Running randwalk_classifier
Running randwalk_classifier
Running randwalk_classifier
Running randwalk_classifier
Running randwalk_classifier
Running randwalk_classifier
Running randwalk_classifier
Running randwalk_classifier
Running randwalk_classifier
Running randwalk_classifier
Running randwalk_classifier
Running randwalk_classifier
Running randwalk_classifier
Running randwalk_classifier
Running randwalk_classifier
Running randwalk_classifier
Running randwalk_classifier
Running randwalk_classifier
Running randwalk_classifier
Running randwalk_classifier
Running randwalk_classifier
Running randwalk_classifier
Running randwalk_classifier
Running randwalk_classifier
Running randwalk_classifier
Running randwalk_classifier
Running randwalk_classifier
Running randwalk_classifier
Running randwalk_classifier
Running randwalk_classifier

class_name =

randwalk (clean 1) (pow 0.3)


class_name =

randwalk (clean 1) (pow 0.5)


class_name =

randwalk (clean 1) (pow 0)


class_name =

randwalk (clean 1) (pow 0.15)


class_name =

randwalk (clean 1) (pow 0.3)


n =

       10000


n =

       20000


class_name =

randwalk (clean 1) (pow 0.5)


class_name =

randwalk (clean 1) (pow 0)


class_name =

randwalk (clean 1) (pow 0.15)


class_name =

randwalk (clean 1) (pow 0.3)


class_name =

randwalk (clean 1) (pow 0.5)


class_name =

randwalk (clean 1) (pow 0)


class_name =

randwalk (clean 1) (pow 0.15)


class_name =

randwalk (clean 1) (pow 0.3)


class_name =

randwalk (clean 1) (pow 0.5)


n =

        4000


class_name =

randwalk (clean 1) (pow 0)


class_name =

randwalk (clean 1) (pow 0.15)


n =

       40000


class_name =

randwalk (clean 1) (pow 0.3)


class_name =

randwalk (clean 1) (pow 0.5)


class_name =

randwalk (clean 1) (pow 0)


class_name =

randwalk (clean 1) (pow 0.15)


class_name =

randwalk (clean 1) (pow 0.3)


class_name =

randwalk (clean 1) (pow 0.5)


class_name =

randwalk (clean 1) (pow 0)


class_name =

randwalk (clean 1) (pow 0.15)


class_name =

randwalk (clean 1) (pow 0.3)


class_name =

randwalk (clean 1) (pow 0.5)


class_name =

randwalk (clean 1) (pow 0)


class_name =

randwalk (clean 1) (pow 0.15)


class_name =

randwalk (clean 1) (pow 0.3)


class_name =

randwalk (clean 1) (pow 0.5)


class_name =

randwalk (clean 1) (pow 0)


class_name =

randwalk (clean 1) (pow 0.15)


n =

       50000


class_name =

randwalk (clean 1) (pow 0.3)


n =

       30000


class_name =

randwalk (clean 1) (pow 0.5)


n =

        5000


class_name =

randwalk (clean 1) (pow 0)


class_name =

randwalk (clean 1) (pow 0.15)


class_name =

randwalk (clean 1) (pow 0.3)


class_name =

randwalk (clean 1) (pow 0.5)


class_name =

randwalk (clean 1) (pow 0)


class_name =

randwalk (clean 1) (pow 0.15)


class_name =

randwalk (clean 1) (pow 0.3)


class_name =

randwalk (clean 1) (pow 0.5)


class_name =

randwalk (clean 1) (pow 0)


class_name =

randwalk (clean 1) (pow 0.15)


class_name =

randwalk (clean 1) (pow 0.3)


class_name =

randwalk (clean 1) (pow 0.5)


class_name =

randwalk (clean 1) (pow 0)


class_name =

randwalk (clean 1) (pow 0.15)


class_name =

randwalk (clean 1) (pow 0.3)


class_name =

randwalk (clean 1) (pow 0.5)


class_name =

randwalk (clean 1) (pow 0)


class_name =

randwalk (clean 1) (pow 0.15)


class_name =

randwalk (clean 1) (pow 0.3)


class_name =

randwalk (clean 1) (pow 0.5)


class_name =

randwalk (clean 1) (pow 0)


class_name =

randwalk (clean 1) (pow 0.15)


n =

       60000


class_name =

randwalk (clean 1) (pow 0.3)


class_name =

randwalk (clean 1) (pow 0.5)


class_name =

randwalk (clean 1) (pow 0)


class_name =

randwalk (clean 1) (pow 0.15)


class_name =

randwalk (clean 1) (pow 0.3)


class_name =

randwalk (clean 1) (pow 0.5)


class_name =

randwalk (clean 1) (pow 0)


class_name =

randwalk (clean 1) (pow 0.15)


class_name =

randwalk (clean 1) (pow 0.3)


class_name =

randwalk (clean 1) (pow 0.5)


class_name =

randwalk (clean 1) (pow 0)


class_name =

randwalk (clean 1) (pow 0.15)


class_name =

randwalk (clean 1) (pow 0.3)


class_name =

randwalk (clean 1) (pow 0.5)


n =

        6000


class_name =

randwalk (clean 1) (pow 0)


n =

   200


n =

   300


n =

   400


n =

   500


n =

   600


n =

   700


n =

   800


n =

   900


n =

        1000


n =

        2000


n =

        3000


n =

        4000


n =

        5000


n =

        6000


n =

        7000


n =

        8000


n =

        9000


n =

       10000


n =

       20000


n =

       30000


n =

       40000


n =

       50000


n =

       60000


class_name =

randwalk (clean 1) (pow 0.15)


class_name =

randwalk (clean 1) (pow 0.3)


class_name =

randwalk (clean 1) (pow 0.5)


class_name =

randwalk (clean 1) (pow 0)


class_name =

randwalk (clean 1) (pow 0.15)


class_name =

randwalk (clean 1) (pow 0.3)


n =

       40000


class_name =

randwalk (clean 1) (pow 0.5)


class_name =

randwalk (clean 1) (pow 0)


class_name =

randwalk (clean 1) (pow 0.15)


n =

       70000


class_name =

randwalk (clean 1) (pow 0.3)


class_name =

randwalk (clean 1) (pow 0.5)


class_name =

randwalk (clean 1) (pow 0)


n =

       70000

